\BOOKMARK [1][-]{section.1}{Introduzione}{}% 1
\BOOKMARK [2][-]{subsection.1.1}{Scopo del documento}{section.1}% 2
\BOOKMARK [2][-]{subsection.1.2}{Scopo del Progetto}{section.1}% 3
\BOOKMARK [2][-]{subsection.1.3}{Glossario}{section.1}% 4
\BOOKMARK [2][-]{subsection.1.4}{Riferimenti}{section.1}% 5
\BOOKMARK [3][-]{subsubsection.1.4.1}{Normativi}{subsection.1.4}% 6
\BOOKMARK [3][-]{subsubsection.1.4.2}{Informativi}{subsection.1.4}% 7
\BOOKMARK [1][-]{section.2}{Ciclo di vita}{}% 8
\BOOKMARK [1][-]{section.3}{Scadenze}{}% 9
\BOOKMARK [1][-]{section.4}{Ruoli}{}% 10
\BOOKMARK [1][-]{section.5}{Analisi dei rischi}{}% 11
\BOOKMARK [2][-]{subsection.5.1}{Livello tecnologico}{section.5}% 12
\BOOKMARK [3][-]{subsubsection.5.1.1}{Strumenti software}{subsection.5.1}% 13
\BOOKMARK [3][-]{subsubsection.5.1.2}{Strumenti hardware}{subsection.5.1}% 14
\BOOKMARK [2][-]{subsection.5.2}{Livello organizzativo}{section.5}% 15
\BOOKMARK [3][-]{subsubsection.5.2.1}{Valutazione dei costi}{subsection.5.2}% 16
\BOOKMARK [2][-]{subsection.5.3}{Livello dei requisiti}{section.5}% 17
\BOOKMARK [3][-]{subsubsection.5.3.1}{Cambio radicale dei requisiti}{subsection.5.3}% 18
\BOOKMARK [2][-]{subsection.5.4}{Livello del personale}{section.5}% 19
\BOOKMARK [3][-]{subsubsection.5.4.1}{Indisposizione di uno o pi\371 membri}{subsection.5.4}% 20
\BOOKMARK [3][-]{subsubsection.5.4.2}{Conflitti interni al gruppo}{subsection.5.4}% 21
\BOOKMARK [3][-]{subsubsection.5.4.3}{Inesperienza del gruppo}{subsection.5.4}% 22
\BOOKMARK [3][-]{subsubsection.5.4.4}{Impossibilit\340 di incontrarsi periodicamente in uno stesso luogo}{subsection.5.4}% 23
\BOOKMARK [2][-]{subsection.5.5}{Riepilogo}{section.5}% 24
\BOOKMARK [1][-]{section.6}{Meccanismi di controllo e rendicontazione}{}% 25
\BOOKMARK [2][-]{subsection.6.1}{Meccanismi di controllo}{section.6}% 26
\BOOKMARK [3][-]{subsubsection.6.1.1}{Controllo attivit\340}{subsection.6.1}% 27
\BOOKMARK [3][-]{subsubsection.6.1.2}{Controllo date}{subsection.6.1}% 28
\BOOKMARK [2][-]{subsection.6.2}{Meccanismi di rendicontazione}{section.6}% 29
\BOOKMARK [1][-]{section.7}{Pianificazione delle attivit\340}{}% 30
\BOOKMARK [2][-]{subsection.7.1}{Responsabile del Progetto}{section.7}% 31
\BOOKMARK [2][-]{subsection.7.2}{Analisi}{section.7}% 32
\BOOKMARK [3][-]{subsubsection.7.2.1}{diagramma di Gantt}{subsection.7.2}% 33
\BOOKMARK [3][-]{subsubsection.7.2.2}{tabella persone/ore/attivit\340}{subsection.7.2}% 34
\BOOKMARK [3][-]{subsubsection.7.2.3}{tabella persone/ore/costi}{subsection.7.2}% 35
\BOOKMARK [2][-]{subsection.7.3}{Progettazione Architetturale}{section.7}% 36
\BOOKMARK [3][-]{subsubsection.7.3.1}{diagramma di Gantt}{subsection.7.3}% 37
\BOOKMARK [3][-]{subsubsection.7.3.2}{tabella persone/ore/attivit\340}{subsection.7.3}% 38
\BOOKMARK [3][-]{subsubsection.7.3.3}{tabella persone/ore/costi}{subsection.7.3}% 39
\BOOKMARK [2][-]{subsection.7.4}{Progettazione di Dettaglio e Codifica}{section.7}% 40
\BOOKMARK [3][-]{subsubsection.7.4.1}{diagramma di Gantt}{subsection.7.4}% 41
\BOOKMARK [3][-]{subsubsection.7.4.2}{tabella persone/ore/attivit\340}{subsection.7.4}% 42
\BOOKMARK [3][-]{subsubsection.7.4.3}{tabella persone/ore/costi}{subsection.7.4}% 43
\BOOKMARK [2][-]{subsection.7.5}{Verifica Finale e Validazione}{section.7}% 44
\BOOKMARK [3][-]{subsubsection.7.5.1}{diagramma di Gantt}{subsection.7.5}% 45
\BOOKMARK [3][-]{subsubsection.7.5.2}{tabella persone/ore/attivit\340}{subsection.7.5}% 46
\BOOKMARK [3][-]{subsubsection.7.5.3}{tabella persone/ore/costi}{subsection.7.5}% 47
\BOOKMARK [1][-]{section.8}{Preventivo Iniziale}{}% 48
\BOOKMARK [1][-]{section.9}{Consuntivi e Preventivi a finire}{}% 49
\BOOKMARK [2][-]{subsection.9.1}{Progettazione Architetturale}{section.9}% 50
\BOOKMARK [3][-]{subsubsection.9.1.1}{Consuntivo}{subsection.9.1}% 51
\BOOKMARK [2][-]{subsection.9.2}{Preventivo a Finire}{section.9}% 52
