\BOOKMARK [1][-]{section.1}{Introduzione}{}% 1
\BOOKMARK [2][-]{subsection.1.1}{Scopo del documento}{section.1}% 2
\BOOKMARK [2][-]{subsection.1.2}{Scopo del Progetto}{section.1}% 3
\BOOKMARK [2][-]{subsection.1.3}{Glossario}{section.1}% 4
\BOOKMARK [2][-]{subsection.1.4}{Riferimenti}{section.1}% 5
\BOOKMARK [3][-]{subsubsection.1.4.1}{Normativi}{subsection.1.4}% 6
\BOOKMARK [3][-]{subsubsection.1.4.2}{Informativi}{subsection.1.4}% 7
\BOOKMARK [1][-]{section.2}{Ciclo di vita}{}% 8
\BOOKMARK [1][-]{section.3}{Scadenze}{}% 9
\BOOKMARK [1][-]{section.4}{Ruoli}{}% 10
\BOOKMARK [1][-]{section.5}{Risorse necessarie e disponibili}{}% 11
\BOOKMARK [2][-]{subsection.5.1}{Ambiente Desktop}{section.5}% 12
\BOOKMARK [2][-]{subsection.5.2}{Ambiente Mobile}{section.5}% 13
\BOOKMARK [2][-]{subsection.5.3}{Ambiente Server}{section.5}% 14
\BOOKMARK [1][-]{section.6}{Pianificazione delle attivit\340}{}% 15
\BOOKMARK [2][-]{subsection.6.1}{Responsabile del Progetto}{section.6}% 16
\BOOKMARK [2][-]{subsection.6.2}{Analisi}{section.6}% 17
\BOOKMARK [3][-]{subsubsection.6.2.1}{diagramma di Gantt}{subsection.6.2}% 18
\BOOKMARK [3][-]{subsubsection.6.2.2}{tabella persone/ore/attivit\340}{subsection.6.2}% 19
\BOOKMARK [3][-]{subsubsection.6.2.3}{tabella persone/ore/costi}{subsection.6.2}% 20
\BOOKMARK [2][-]{subsection.6.3}{Progettazione Architetturale}{section.6}% 21
\BOOKMARK [3][-]{subsubsection.6.3.1}{diagramma di Gantt}{subsection.6.3}% 22
\BOOKMARK [3][-]{subsubsection.6.3.2}{tabella persone/ore/attivit\340}{subsection.6.3}% 23
\BOOKMARK [3][-]{subsubsection.6.3.3}{tabella persone/ore/costi}{subsection.6.3}% 24
\BOOKMARK [2][-]{subsection.6.4}{Progettazione di Dettaglio e Codifica}{section.6}% 25
\BOOKMARK [3][-]{subsubsection.6.4.1}{diagramma di Gantt}{subsection.6.4}% 26
\BOOKMARK [3][-]{subsubsection.6.4.2}{tabella persone/ore/attivit\340}{subsection.6.4}% 27
\BOOKMARK [3][-]{subsubsection.6.4.3}{tabella persone/ore/costi}{subsection.6.4}% 28
\BOOKMARK [2][-]{subsection.6.5}{Verifica Finale e Validazione}{section.6}% 29
\BOOKMARK [3][-]{subsubsection.6.5.1}{diagramma di Gantt}{subsection.6.5}% 30
\BOOKMARK [3][-]{subsubsection.6.5.2}{tabella persone/ore/attivit\340}{subsection.6.5}% 31
\BOOKMARK [3][-]{subsubsection.6.5.3}{tabella persone/ore/costi}{subsection.6.5}% 32
\BOOKMARK [1][-]{section.7}{Totale Costi e Ore}{}% 33
\BOOKMARK [1][-]{section.8}{Analisi dei rischi}{}% 34
\BOOKMARK [2][-]{subsection.8.1}{Livello tecnologico}{section.8}% 35
\BOOKMARK [3][-]{subsubsection.8.1.1}{Strumenti software}{subsection.8.1}% 36
\BOOKMARK [3][-]{subsubsection.8.1.2}{Strumenti hardware}{subsection.8.1}% 37
\BOOKMARK [2][-]{subsection.8.2}{Livello organizzativo}{section.8}% 38
\BOOKMARK [3][-]{subsubsection.8.2.1}{Valutazione dei costi}{subsection.8.2}% 39
\BOOKMARK [2][-]{subsection.8.3}{Livello dei requisiti}{section.8}% 40
\BOOKMARK [3][-]{subsubsection.8.3.1}{Cambio radicale dei requisiti}{subsection.8.3}% 41
\BOOKMARK [2][-]{subsection.8.4}{Livello del personale}{section.8}% 42
\BOOKMARK [3][-]{subsubsection.8.4.1}{Indisposizione di uno o pi\371 membri}{subsection.8.4}% 43
\BOOKMARK [3][-]{subsubsection.8.4.2}{Conflitti interni al gruppo}{subsection.8.4}% 44
\BOOKMARK [3][-]{subsubsection.8.4.3}{Inesperienza del gruppo}{subsection.8.4}% 45
\BOOKMARK [3][-]{subsubsection.8.4.4}{Impossibilit\340 di incontrarsi periodicamente in uno stesso luogo}{subsection.8.4}% 46
\BOOKMARK [2][-]{subsection.8.5}{Riepilogo}{section.8}% 47
\BOOKMARK [1][-]{section.9}{Meccanismi di controllo e rendicontazione}{}% 48
\BOOKMARK [2][-]{subsection.9.1}{Meccanismi di controllo}{section.9}% 49
\BOOKMARK [3][-]{subsubsection.9.1.1}{Controllo attivit\340}{subsection.9.1}% 50
\BOOKMARK [3][-]{subsubsection.9.1.2}{Controllo date}{subsection.9.1}% 51
\BOOKMARK [2][-]{subsection.9.2}{Meccanismi di rendicontazione}{section.9}% 52
