This is pdfTeX, Version 3.1415926-2.5-1.40.14 (TeX Live 2013/Debian) (format=pdflatex 2015.1.12)  22 JAN 2015 15:03
entering extended mode
 restricted \write18 enabled.
 %&-line parsing enabled.
**AnalisiDeiRequisiti_v0.1.tex
(./AnalisiDeiRequisiti_v0.1.tex
LaTeX2e <2011/06/27>
Babel <3.9h> and hyphenation patterns for 78 languages loaded.
(/usr/share/texlive/texmf-dist/tex/latex/base/article.cls
Document Class: article 2007/10/19 v1.4h Standard LaTeX document class
(/usr/share/texlive/texmf-dist/tex/latex/base/size12.clo
File: size12.clo 2007/10/19 v1.4h Standard LaTeX file (size option)
)
\c@part=\count79
\c@section=\count80
\c@subsection=\count81
\c@subsubsection=\count82
\c@paragraph=\count83
\c@subparagraph=\count84
\c@figure=\count85
\c@table=\count86
\abovecaptionskip=\skip41
\belowcaptionskip=\skip42
\bibindent=\dimen102
) (../style.sty
(/usr/share/texlive/texmf-dist/tex/generic/babel/babel.sty
Package: babel 2013/12/03 3.9h The Babel package

(/usr/share/texlive/texmf-dist/tex/generic/babel-italian/italian.ldf
Language: italian 2013/11/22 v1.3f Italian support from the babel system

(/usr/share/texlive/texmf-dist/tex/generic/babel/babel.def
File: babel.def 2013/12/03 3.9h Babel common definitions
\babel@savecnt=\count87
\U@D=\dimen103
)
\it@lettering=\count88
Package babel Info: Making " an active character on input line 98.
\Virgola=\count89
))
(/usr/share/texlive/texmf-dist/tex/latex/etoolbox/etoolbox.sty
Package: etoolbox 2011/01/03 v2.1 e-TeX tools for LaTeX

(/usr/share/texlive/texmf-dist/tex/latex/etex-pkg/etex.sty
Package: etex 1998/03/26 v2.0 eTeX basic definition package (PEB)
\et@xins=\count90
)
\etb@tempcnta=\count91
)
(/usr/share/texlive/texmf-dist/tex/latex/base/inputenc.sty
Package: inputenc 2008/03/30 v1.1d Input encoding file
\inpenc@prehook=\toks14
\inpenc@posthook=\toks15

(/usr/share/texlive/texmf-dist/tex/latex/ucs/utf8x.def
File: utf8x.def 2004/10/17 UCS: Input encoding UTF-8
))
(/usr/share/texlive/texmf-dist/tex/latex/ucs/ucs.sty
Package: ucs 2013/05/11 v2.2 UCS: Unicode input support

(/usr/share/texlive/texmf-dist/tex/latex/ucs/data/uni-global.def
File: uni-global.def 2013/05/13 UCS: Unicode global data
)
\uc@secondtry=\count92
\uc@combtoks=\toks16
\uc@combtoksb=\toks17
\uc@temptokena=\toks18
)
(/usr/share/texlive/texmf-dist/tex/latex/url/url.sty
\Urlmuskip=\muskip10
Package: url 2013/09/16  ver 3.4  Verb mode for urls, etc.
)
(/usr/share/texlive/texmf-dist/tex/latex/listings/listings.sty
(/usr/share/texlive/texmf-dist/tex/latex/graphics/keyval.sty
Package: keyval 1999/03/16 v1.13 key=value parser (DPC)
\KV@toks@=\toks19
)
\lst@mode=\count93
\lst@gtempboxa=\box26
\lst@token=\toks20
\lst@length=\count94
\lst@currlwidth=\dimen104
\lst@column=\count95
\lst@pos=\count96
\lst@lostspace=\dimen105
\lst@width=\dimen106
\lst@newlines=\count97
\lst@lineno=\count98
\lst@maxwidth=\dimen107

(/usr/share/texlive/texmf-dist/tex/latex/listings/lstmisc.sty
File: lstmisc.sty 2013/08/26 1.5b (Carsten Heinz)
\c@lstnumber=\count99
\lst@skipnumbers=\count100
\lst@framebox=\box27
)
(/usr/share/texlive/texmf-dist/tex/latex/listings/listings.cfg
File: listings.cfg 2013/08/26 1.5b listings configuration
))
Package: listings 2013/08/26 1.5b (Carsten Heinz)

(/usr/share/texlive/texmf-dist/tex/latex/caption/caption.sty
Package: caption 2013/05/02 v3.3-89 Customizing captions (AR)

(/usr/share/texlive/texmf-dist/tex/latex/caption/caption3.sty
Package: caption3 2013/05/02 v1.6-88 caption3 kernel (AR)
Package caption3 Info: TeX engine: e-TeX on input line 57.
\captionmargin=\dimen108
\captionmargin@=\dimen109
\captionwidth=\dimen110
\caption@tempdima=\dimen111
\caption@indent=\dimen112
\caption@parindent=\dimen113
\caption@hangindent=\dimen114
)
\c@ContinuedFloat=\count101
Package caption Info: listings package is loaded.
)
(/usr/share/texlive/texmf-dist/tex/latex/subfigure/subfigure.sty
Package: subfigure 2002/03/15 v2.1.5 subfigure package
\subfigtopskip=\skip43
\subfigcapskip=\skip44
\subfigcaptopadj=\dimen115
\subfigbottomskip=\skip45
\subfigcapmargin=\dimen116
\subfiglabelskip=\skip46
\c@subfigure=\count102
\c@lofdepth=\count103
\c@subtable=\count104
\c@lotdepth=\count105

****************************************
* Local config file subfigure.cfg used *
****************************************
(/usr/share/texlive/texmf-dist/tex/latex/subfigure/subfigure.cfg)
\subfig@top=\skip47
\subfig@bottom=\skip48
)
(/usr/share/texlive/texmf-dist/tex/latex/graphics/color.sty
Package: color 2005/11/14 v1.0j Standard LaTeX Color (DPC)

(/usr/share/texlive/texmf-dist/tex/latex/latexconfig/color.cfg
File: color.cfg 2007/01/18 v1.5 color configuration of teTeX/TeXLive
)
Package color Info: Driver file: pdftex.def on input line 130.

(/usr/share/texlive/texmf-dist/tex/latex/pdftex-def/pdftex.def
File: pdftex.def 2011/05/27 v0.06d Graphics/color for pdfTeX

(/usr/share/texlive/texmf-dist/tex/generic/oberdiek/infwarerr.sty
Package: infwarerr 2010/04/08 v1.3 Providing info/warning/error messages (HO)
)
(/usr/share/texlive/texmf-dist/tex/generic/oberdiek/ltxcmds.sty
Package: ltxcmds 2011/11/09 v1.22 LaTeX kernel commands for general use (HO)
)
\Gread@gobject=\count106
))
(/usr/share/texlive/texmf-dist/tex/latex/lastpage/lastpage.sty
Package: lastpage 2013/01/28 v1.2l Refers to last page's name (HMM; JPG)
)
(/usr/share/texlive/texmf-dist/tex/latex/base/textcomp.sty
Package: textcomp 2005/09/27 v1.99g Standard LaTeX package
Package textcomp Info: Sub-encoding information:
(textcomp)               5 = only ISO-Adobe without \textcurrency
(textcomp)               4 = 5 + \texteuro
(textcomp)               3 = 4 + \textohm
(textcomp)               2 = 3 + \textestimated + \textcurrency
(textcomp)               1 = TS1 - \textcircled - \t
(textcomp)               0 = TS1 (full)
(textcomp)             Font families with sub-encoding setting implement
(textcomp)             only a restricted character set as indicated.
(textcomp)             Family '?' is the default used for unknown fonts.
(textcomp)             See the documentation for details.
Package textcomp Info: Setting ? sub-encoding to TS1/1 on input line 71.

(/usr/share/texlive/texmf-dist/tex/latex/base/ts1enc.def
File: ts1enc.def 2001/06/05 v3.0e (jk/car/fm) Standard LaTeX file
)
LaTeX Info: Redefining \oldstylenums on input line 266.
Package textcomp Info: Setting cmr sub-encoding to TS1/0 on input line 281.
Package textcomp Info: Setting cmss sub-encoding to TS1/0 on input line 282.
Package textcomp Info: Setting cmtt sub-encoding to TS1/0 on input line 283.
Package textcomp Info: Setting cmvtt sub-encoding to TS1/0 on input line 284.
Package textcomp Info: Setting cmbr sub-encoding to TS1/0 on input line 285.
Package textcomp Info: Setting cmtl sub-encoding to TS1/0 on input line 286.
Package textcomp Info: Setting ccr sub-encoding to TS1/0 on input line 287.
Package textcomp Info: Setting ptm sub-encoding to TS1/4 on input line 288.
Package textcomp Info: Setting pcr sub-encoding to TS1/4 on input line 289.
Package textcomp Info: Setting phv sub-encoding to TS1/4 on input line 290.
Package textcomp Info: Setting ppl sub-encoding to TS1/3 on input line 291.
Package textcomp Info: Setting pag sub-encoding to TS1/4 on input line 292.
Package textcomp Info: Setting pbk sub-encoding to TS1/4 on input line 293.
Package textcomp Info: Setting pnc sub-encoding to TS1/4 on input line 294.
Package textcomp Info: Setting pzc sub-encoding to TS1/4 on input line 295.
Package textcomp Info: Setting bch sub-encoding to TS1/4 on input line 296.
Package textcomp Info: Setting put sub-encoding to TS1/5 on input line 297.
Package textcomp Info: Setting uag sub-encoding to TS1/5 on input line 298.
Package textcomp Info: Setting ugq sub-encoding to TS1/5 on input line 299.
Package textcomp Info: Setting ul8 sub-encoding to TS1/4 on input line 300.
Package textcomp Info: Setting ul9 sub-encoding to TS1/4 on input line 301.
Package textcomp Info: Setting augie sub-encoding to TS1/5 on input line 302.
Package textcomp Info: Setting dayrom sub-encoding to TS1/3 on input line 303.
Package textcomp Info: Setting dayroms sub-encoding to TS1/3 on input line 304.

Package textcomp Info: Setting pxr sub-encoding to TS1/0 on input line 305.
Package textcomp Info: Setting pxss sub-encoding to TS1/0 on input line 306.
Package textcomp Info: Setting pxtt sub-encoding to TS1/0 on input line 307.
Package textcomp Info: Setting txr sub-encoding to TS1/0 on input line 308.
Package textcomp Info: Setting txss sub-encoding to TS1/0 on input line 309.
Package textcomp Info: Setting txtt sub-encoding to TS1/0 on input line 310.
Package textcomp Info: Setting lmr sub-encoding to TS1/0 on input line 311.
Package textcomp Info: Setting lmdh sub-encoding to TS1/0 on input line 312.
Package textcomp Info: Setting lmss sub-encoding to TS1/0 on input line 313.
Package textcomp Info: Setting lmssq sub-encoding to TS1/0 on input line 314.
Package textcomp Info: Setting lmvtt sub-encoding to TS1/0 on input line 315.
Package textcomp Info: Setting qhv sub-encoding to TS1/0 on input line 316.
Package textcomp Info: Setting qag sub-encoding to TS1/0 on input line 317.
Package textcomp Info: Setting qbk sub-encoding to TS1/0 on input line 318.
Package textcomp Info: Setting qcr sub-encoding to TS1/0 on input line 319.
Package textcomp Info: Setting qcs sub-encoding to TS1/0 on input line 320.
Package textcomp Info: Setting qpl sub-encoding to TS1/0 on input line 321.
Package textcomp Info: Setting qtm sub-encoding to TS1/0 on input line 322.
Package textcomp Info: Setting qzc sub-encoding to TS1/0 on input line 323.
Package textcomp Info: Setting qhvc sub-encoding to TS1/0 on input line 324.
Package textcomp Info: Setting futs sub-encoding to TS1/4 on input line 325.
Package textcomp Info: Setting futx sub-encoding to TS1/4 on input line 326.
Package textcomp Info: Setting futj sub-encoding to TS1/4 on input line 327.
Package textcomp Info: Setting hlh sub-encoding to TS1/3 on input line 328.
Package textcomp Info: Setting hls sub-encoding to TS1/3 on input line 329.
Package textcomp Info: Setting hlst sub-encoding to TS1/3 on input line 330.
Package textcomp Info: Setting hlct sub-encoding to TS1/5 on input line 331.
Package textcomp Info: Setting hlx sub-encoding to TS1/5 on input line 332.
Package textcomp Info: Setting hlce sub-encoding to TS1/5 on input line 333.
Package textcomp Info: Setting hlcn sub-encoding to TS1/5 on input line 334.
Package textcomp Info: Setting hlcw sub-encoding to TS1/5 on input line 335.
Package textcomp Info: Setting hlcf sub-encoding to TS1/5 on input line 336.
Package textcomp Info: Setting pplx sub-encoding to TS1/3 on input line 337.
Package textcomp Info: Setting pplj sub-encoding to TS1/3 on input line 338.
Package textcomp Info: Setting ptmx sub-encoding to TS1/4 on input line 339.
Package textcomp Info: Setting ptmj sub-encoding to TS1/4 on input line 340.
)
(/usr/share/texlive/texmf-dist/tex/latex/fancyhdr/fancyhdr.sty
\fancy@headwidth=\skip49
\f@ncyO@elh=\skip50
\f@ncyO@erh=\skip51
\f@ncyO@olh=\skip52
\f@ncyO@orh=\skip53
\f@ncyO@elf=\skip54
\f@ncyO@erf=\skip55
\f@ncyO@olf=\skip56
\f@ncyO@orf=\skip57
)
(/usr/share/texlive/texmf-dist/tex/latex/geometry/geometry.sty
Package: geometry 2010/09/12 v5.6 Page Geometry

(/usr/share/texlive/texmf-dist/tex/generic/oberdiek/ifpdf.sty
Package: ifpdf 2011/01/30 v2.3 Provides the ifpdf switch (HO)
Package ifpdf Info: pdfTeX in PDF mode is detected.
)
(/usr/share/texlive/texmf-dist/tex/generic/oberdiek/ifvtex.sty
Package: ifvtex 2010/03/01 v1.5 Detect VTeX and its facilities (HO)
Package ifvtex Info: VTeX not detected.
)
(/usr/share/texlive/texmf-dist/tex/generic/ifxetex/ifxetex.sty
Package: ifxetex 2010/09/12 v0.6 Provides ifxetex conditional
)
\Gm@cnth=\count107
\Gm@cntv=\count108
\c@Gm@tempcnt=\count109
\Gm@bindingoffset=\dimen117
\Gm@wd@mp=\dimen118
\Gm@odd@mp=\dimen119
\Gm@even@mp=\dimen120
\Gm@layoutwidth=\dimen121
\Gm@layoutheight=\dimen122
\Gm@layouthoffset=\dimen123
\Gm@layoutvoffset=\dimen124
\Gm@dimlist=\toks21
)
(/usr/share/texlive/texmf-dist/tex/latex/graphics/graphicx.sty
Package: graphicx 1999/02/16 v1.0f Enhanced LaTeX Graphics (DPC,SPQR)

(/usr/share/texlive/texmf-dist/tex/latex/graphics/graphics.sty
Package: graphics 2009/02/05 v1.0o Standard LaTeX Graphics (DPC,SPQR)

(/usr/share/texlive/texmf-dist/tex/latex/graphics/trig.sty
Package: trig 1999/03/16 v1.09 sin cos tan (DPC)
)
(/usr/share/texlive/texmf-dist/tex/latex/latexconfig/graphics.cfg
File: graphics.cfg 2010/04/23 v1.9 graphics configuration of TeX Live
)
Package graphics Info: Driver file: pdftex.def on input line 91.
)
\Gin@req@height=\dimen125
\Gin@req@width=\dimen126
)
(/usr/share/texlive/texmf-dist/tex/latex/hyperref/hyperref.sty
Package: hyperref 2012/11/06 v6.83m Hypertext links for LaTeX

(/usr/share/texlive/texmf-dist/tex/generic/oberdiek/hobsub-hyperref.sty
Package: hobsub-hyperref 2012/05/28 v1.13 Bundle oberdiek, subset hyperref (HO)


(/usr/share/texlive/texmf-dist/tex/generic/oberdiek/hobsub-generic.sty
Package: hobsub-generic 2012/05/28 v1.13 Bundle oberdiek, subset generic (HO)
Package: hobsub 2012/05/28 v1.13 Construct package bundles (HO)
Package hobsub Info: Skipping package `infwarerr' (already loaded).
Package hobsub Info: Skipping package `ltxcmds' (already loaded).
Package: ifluatex 2010/03/01 v1.3 Provides the ifluatex switch (HO)
Package ifluatex Info: LuaTeX not detected.
Package hobsub Info: Skipping package `ifvtex' (already loaded).
Package: intcalc 2007/09/27 v1.1 Expandable calculations with integers (HO)
Package hobsub Info: Skipping package `ifpdf' (already loaded).
Package: etexcmds 2011/02/16 v1.5 Avoid name clashes with e-TeX commands (HO)
Package etexcmds Info: Could not find \expanded.
(etexcmds)             That can mean that you are not using pdfTeX 1.50 or
(etexcmds)             that some package has redefined \expanded.
(etexcmds)             In the latter case, load this package earlier.
Package: kvsetkeys 2012/04/25 v1.16 Key value parser (HO)
Package: kvdefinekeys 2011/04/07 v1.3 Define keys (HO)
Package: pdftexcmds 2011/11/29 v0.20 Utility functions of pdfTeX for LuaTeX (HO
)
Package pdftexcmds Info: LuaTeX not detected.
Package pdftexcmds Info: \pdf@primitive is available.
Package pdftexcmds Info: \pdf@ifprimitive is available.
Package pdftexcmds Info: \pdfdraftmode found.
Package: pdfescape 2011/11/25 v1.13 Implements pdfTeX's escape features (HO)
Package: bigintcalc 2012/04/08 v1.3 Expandable calculations on big integers (HO
)
Package: bitset 2011/01/30 v1.1 Handle bit-vector datatype (HO)
Package: uniquecounter 2011/01/30 v1.2 Provide unlimited unique counter (HO)
)
Package hobsub Info: Skipping package `hobsub' (already loaded).
Package: letltxmacro 2010/09/02 v1.4 Let assignment for LaTeX macros (HO)
Package: hopatch 2012/05/28 v1.2 Wrapper for package hooks (HO)
Package: xcolor-patch 2011/01/30 xcolor patch
Package: atveryend 2011/06/30 v1.8 Hooks at the very end of document (HO)
Package: atbegshi 2011/10/05 v1.16 At begin shipout hook (HO)
Package: refcount 2011/10/16 v3.4 Data extraction from label references (HO)
Package: hycolor 2011/01/30 v1.7 Color options for hyperref/bookmark (HO)
)
(/usr/share/texlive/texmf-dist/tex/latex/oberdiek/auxhook.sty
Package: auxhook 2011/03/04 v1.3 Hooks for auxiliary files (HO)
)
(/usr/share/texlive/texmf-dist/tex/latex/oberdiek/kvoptions.sty
Package: kvoptions 2011/06/30 v3.11 Key value format for package options (HO)
)
\@linkdim=\dimen127
\Hy@linkcounter=\count110
\Hy@pagecounter=\count111

(/usr/share/texlive/texmf-dist/tex/latex/hyperref/pd1enc.def
File: pd1enc.def 2012/11/06 v6.83m Hyperref: PDFDocEncoding definition (HO)
)
\Hy@SavedSpaceFactor=\count112

(/usr/share/texlive/texmf-dist/tex/latex/latexconfig/hyperref.cfg
File: hyperref.cfg 2002/06/06 v1.2 hyperref configuration of TeXLive
)
Package hyperref Info: Option `colorlinks' set `true' on input line 4319.
Package hyperref Info: Hyper figures OFF on input line 4443.
Package hyperref Info: Link nesting OFF on input line 4448.
Package hyperref Info: Hyper index ON on input line 4451.
Package hyperref Info: Plain pages OFF on input line 4458.
Package hyperref Info: Backreferencing OFF on input line 4463.
Package hyperref Info: Implicit mode ON; LaTeX internals redefined.
Package hyperref Info: Bookmarks ON on input line 4688.
\c@Hy@tempcnt=\count113
LaTeX Info: Redefining \url on input line 5041.
\XeTeXLinkMargin=\dimen128
\Fld@menulength=\count114
\Field@Width=\dimen129
\Fld@charsize=\dimen130
Package hyperref Info: Hyper figures OFF on input line 6295.
Package hyperref Info: Link nesting OFF on input line 6300.
Package hyperref Info: Hyper index ON on input line 6303.
Package hyperref Info: backreferencing OFF on input line 6310.
Package hyperref Info: Link coloring ON on input line 6313.
Package hyperref Info: Link coloring with OCG OFF on input line 6320.
Package hyperref Info: PDF/A mode OFF on input line 6325.
LaTeX Info: Redefining \ref on input line 6365.
LaTeX Info: Redefining \pageref on input line 6369.
\Hy@abspage=\count115
\c@Item=\count116
\c@Hfootnote=\count117
)

Package hyperref Message: Driver (autodetected): hpdftex.

(/usr/share/texlive/texmf-dist/tex/latex/hyperref/hpdftex.def
File: hpdftex.def 2012/11/06 v6.83m Hyperref driver for pdfTeX
\Fld@listcount=\count118
\c@bookmark@seq@number=\count119

(/usr/share/texlive/texmf-dist/tex/latex/oberdiek/rerunfilecheck.sty
Package: rerunfilecheck 2011/04/15 v1.7 Rerun checks for auxiliary files (HO)
Package uniquecounter Info: New unique counter `rerunfilecheck' on input line 2
82.
)
\Hy@SectionHShift=\skip58
)
(/usr/share/texlive/texmf-dist/tex/latex/base/makeidx.sty
Package: makeidx 2000/03/29 v1.0m Standard LaTeX package
)
Package hyperref Info: Option `colorlinks' set `true' on input line 83.
)
(/usr/share/texlive/texmf-dist/tex/latex/tools/longtable.sty
Package: longtable 2004/02/01 v4.11 Multi-page Table package (DPC)
\LTleft=\skip59
\LTright=\skip60
\LTpre=\skip61
\LTpost=\skip62
\LTchunksize=\count120
\LTcapwidth=\dimen131
\LT@head=\box28
\LT@firsthead=\box29
\LT@foot=\box30
\LT@lastfoot=\box31
\LT@cols=\count121
\LT@rows=\count122
\c@LT@tables=\count123
\c@LT@chunks=\count124
\LT@p@ftn=\toks22
)
(./AnalisiDeiRequisiti_v0.1.aux)
\openout1 = `AnalisiDeiRequisiti_v0.1.aux'.

LaTeX Font Info:    Checking defaults for OML/cmm/m/it on input line 22.
LaTeX Font Info:    ... okay on input line 22.
LaTeX Font Info:    Checking defaults for T1/cmr/m/n on input line 22.
LaTeX Font Info:    ... okay on input line 22.
LaTeX Font Info:    Checking defaults for OT1/cmr/m/n on input line 22.
LaTeX Font Info:    ... okay on input line 22.
LaTeX Font Info:    Checking defaults for OMS/cmsy/m/n on input line 22.
LaTeX Font Info:    ... okay on input line 22.
LaTeX Font Info:    Checking defaults for OMX/cmex/m/n on input line 22.
LaTeX Font Info:    ... okay on input line 22.
LaTeX Font Info:    Checking defaults for U/cmr/m/n on input line 22.
LaTeX Font Info:    ... okay on input line 22.
LaTeX Font Info:    Checking defaults for TS1/cmr/m/n on input line 22.
LaTeX Font Info:    Try loading font information for TS1+cmr on input line 22.

(/usr/share/texlive/texmf-dist/tex/latex/base/ts1cmr.fd
File: ts1cmr.fd 1999/05/25 v2.5h Standard LaTeX font definitions
)
LaTeX Font Info:    ... okay on input line 22.
LaTeX Font Info:    Checking defaults for PD1/pdf/m/n on input line 22.
LaTeX Font Info:    ... okay on input line 22.
LaTeX Info: Redefining \it@ocap on input line 22.
LaTeX Info: Redefining \it@ccap on input line 22.


File italian.ldf warning: 
italian.ldf    With OT1 encoding guillemets are poorly faked
italian.ldf    Use T1 encoding
italian.ldf    or specify a font with command \CaporaliFrom
italian.ldf    See the documentation concerning the babel-italian typesetting 
italian.ldf    on input line 22.

(/usr/share/texlive/texmf-dist/tex/latex/ucs/ucsencs.def
File: ucsencs.def 2011/01/21 Fixes to fontencodings LGR, T3
)
\c@lstlisting=\count125
Package caption Info: Begin \AtBeginDocument code.
Package caption Info: hyperref package is loaded.
Package caption Info: longtable package is loaded.

(/usr/share/texlive/texmf-dist/tex/latex/caption/ltcaption.sty
Package: ltcaption 2013/02/03 v1.3-62 longtable captions (AR)
)
Package caption Info: subfigure package is loaded.
Package caption Info: End \AtBeginDocument code.

(/usr/share/texlive/texmf-dist/tex/context/base/supp-pdf.mkii
[Loading MPS to PDF converter (version 2006.09.02).]
\scratchcounter=\count126
\scratchdimen=\dimen132
\scratchbox=\box32
\nofMPsegments=\count127
\nofMParguments=\count128
\everyMPshowfont=\toks23
\MPscratchCnt=\count129
\MPscratchDim=\dimen133
\MPnumerator=\count130
\makeMPintoPDFobject=\count131
\everyMPtoPDFconversion=\toks24
)
Package lastpage Info: Please have a look at the pageslts package at
(lastpage)             http://www.ctan.org/tex-archive/ 
(lastpage)             macros/latex/contrib/pageslts/ 
(lastpage)             or
(lastpage)             http://www.ctan.org/tex-archive/ 
(lastpage)             install/macros/latex/contrib/pageslts.tds.zip
(lastpage)             ! on input line 22.

*geometry* driver: auto-detecting
*geometry* detected driver: pdftex
*geometry* verbose mode - [ preamble ] result:
* driver: pdftex
* paper: a4paper
* layout: <same size as paper>
* layoutoffset:(h,v)=(0.0pt,0.0pt)
* modes: 
* h-part:(L,W,R)=(80.0pt, 437.50787pt, 80.0pt)
* v-part:(T,H,B)=(42.67912pt, 688.5567pt, 113.81102pt)
* \paperwidth=597.50787pt
* \paperheight=845.04684pt
* \textwidth=437.50787pt
* \textheight=688.5567pt
* \oddsidemargin=7.73001pt
* \evensidemargin=7.73001pt
* \topmargin=-66.59087pt
* \headheight=56.9055pt
* \headsep=25.0pt
* \topskip=12.0pt
* \footskip=30.0pt
* \marginparwidth=35.0pt
* \marginparsep=10.0pt
* \columnsep=10.0pt
* \skip\footins=10.8pt plus 4.0pt minus 2.0pt
* \hoffset=0.0pt
* \voffset=0.0pt
* \mag=1000
* \@twocolumnfalse
* \@twosidefalse
* \@mparswitchfalse
* \@reversemarginfalse
* (1in=72.27pt=25.4mm, 1cm=28.453pt)

(/usr/share/texlive/texmf-dist/tex/latex/oberdiek/epstopdf-base.sty
Package: epstopdf-base 2010/02/09 v2.5 Base part for package epstopdf

(/usr/share/texlive/texmf-dist/tex/latex/oberdiek/grfext.sty
Package: grfext 2010/08/19 v1.1 Manage graphics extensions (HO)
)
Package grfext Info: Graphics extension search list:
(grfext)             [.png,.pdf,.jpg,.mps,.jpeg,.jbig2,.jb2,.PNG,.PDF,.JPG,.JPE
G,.JBIG2,.JB2,.eps]
(grfext)             \AppendGraphicsExtensions on input line 452.

(/usr/share/texlive/texmf-dist/tex/latex/latexconfig/epstopdf-sys.cfg
File: epstopdf-sys.cfg 2010/07/13 v1.3 Configuration of (r)epstopdf for TeX Liv
e
))
\AtBeginShipoutBox=\box33
Package hyperref Info: Link coloring ON on input line 22.

(/usr/share/texlive/texmf-dist/tex/latex/hyperref/nameref.sty
Package: nameref 2012/10/27 v2.43 Cross-referencing by name of section

(/usr/share/texlive/texmf-dist/tex/generic/oberdiek/gettitlestring.sty
Package: gettitlestring 2010/12/03 v1.4 Cleanup title references (HO)
)
\c@section@level=\count132
)
LaTeX Info: Redefining \ref on input line 22.
LaTeX Info: Redefining \pageref on input line 22.
LaTeX Info: Redefining \nameref on input line 22.

(./AnalisiDeiRequisiti_v0.1.out) (./AnalisiDeiRequisiti_v0.1.out)
\@outlinefile=\write3
\openout3 = `AnalisiDeiRequisiti_v0.1.out'.


(./documents/first.tex
<../logo/logo404_Extends.png, id=458, 1027.84pt x 433.62pt>
File: ../logo/logo404_Extends.png Graphic file (type png)

<use ../logo/logo404_Extends.png>
Package pdftex.def Info: ../logo/logo404_Extends.png used on input line 16.
(pdftex.def)             Requested size: 359.74939pt x 151.76927pt.
LaTeX Font Info:    External font `cmex10' loaded for size
(Font)              <12> on input line 26.
LaTeX Font Info:    External font `cmex10' loaded for size
(Font)              <8> on input line 26.
LaTeX Font Info:    External font `cmex10' loaded for size
(Font)              <6> on input line 26.
 [1

{/var/lib/texmf/fonts/map/pdftex/updmap/pdftex.map} <../logo/logo404_Extends.pn
g>]) (./documents/regModifiche.tex)
<../logo/logo404.png, id=467, 1027.84pt x 402.50375pt>
File: ../logo/logo404.png Graphic file (type png)

<use ../logo/logo404.png>
Package pdftex.def Info: ../logo/logo404.png used on input line 26.
(pdftex.def)             Requested size: 85.35826pt x 33.42316pt.
pdfTeX warning (ext4): destination with the same identifier (name{page.1}) has 
been already used, duplicate ignored
<to be read again> 
                   \relax 
l.26 \newpage
              [1 <../logo/logo404.png>] (./AnalisiDeiRequisiti_v0.1.toc
File: ../logo/logo404.png Graphic file (type png)

<use ../logo/logo404.png>
Package pdftex.def Info: ../logo/logo404.png used on input line 47.
(pdftex.def)             Requested size: 85.35826pt x 33.42316pt.
 [2]
File: ../logo/logo404.png Graphic file (type png)
 <use ../logo/logo404.png>
Package pdftex.def Info: ../logo/logo404.png used on input line 94.
(pdftex.def)             Requested size: 85.35826pt x 33.42316pt.
 [3])
\tf@toc=\write4
\openout4 = `AnalisiDeiRequisiti_v0.1.toc'.

File: ../logo/logo404.png Graphic file (type png)

<use ../logo/logo404.png>
Package pdftex.def Info: ../logo/logo404.png used on input line 28.
(pdftex.def)             Requested size: 85.35826pt x 33.42316pt.
 [4] (./AnalisiDeiRequisiti_v0.1.lot)
\tf@lot=\write5
\openout5 = `AnalisiDeiRequisiti_v0.1.lot'.


(./AnalisiDeiRequisiti_v0.1.lof)
\tf@lof=\write6
\openout6 = `AnalisiDeiRequisiti_v0.1.lof'.

File: ../logo/logo404.png Graphic file (type png)
 <use ../logo/logo404.png>
Package pdftex.def Info: ../logo/logo404.png used on input line 32.
(pdftex.def)             Requested size: 85.35826pt x 33.42316pt.
 [5]
(./documents/intro.tex
(/usr/share/texlive/texmf-dist/tex/latex/ucs/data/uni-0.def
File: uni-0.def 2013/05/13 UCS: Unicode data U+0000..U+00FF
)
(/usr/share/texlive/texmf-dist/tex/latex/ucs/data/uni-32.def
File: uni-32.def 2013/05/13 UCS: Unicode data U+2000..U+20FF
))
(./documents/descrizione.tex
File: ../logo/logo404.png Graphic file (type png)
 <use ../logo/logo404.png>
Package pdftex.def Info: ../logo/logo404.png used on input line 7.
(pdftex.def)             Requested size: 85.35826pt x 33.42316pt.
 [6])
(./documents/casi_uso.tex
File: ../logo/logo404.png Graphic file (type png)
 <use ../logo/logo404.png>
Package pdftex.def Info: ../logo/logo404.png used on input line 4.
(pdftex.def)             Requested size: 85.35826pt x 33.42316pt.
 [7]
File: ../logo/logo404.png Graphic file (type png)

<use ../logo/logo404.png>
Package pdftex.def Info: ../logo/logo404.png used on input line 9.
(pdftex.def)             Requested size: 85.35826pt x 33.42316pt.
 [8]
<diagram/UC1.png, id=690, 706.13812pt x 551.81157pt>
File: diagram/UC1.png Graphic file (type png)
 <use diagram/UC1.png>
Package pdftex.def Info: diagram/UC1.png used on input line 35.
(pdftex.def)             Requested size: 282.45024pt x 220.72072pt.
LaTeX Font Info:    External font `cmex10' loaded for size
(Font)              <14.4> on input line 54.
LaTeX Font Info:    External font `cmex10' loaded for size
(Font)              <7> on input line 54.


Package hyperref Warning: Token not allowed in a PDF string (PDFDocEncoding):
(hyperref)                removing `math shift' on input line 54.


Package hyperref Warning: Token not allowed in a PDF string (PDFDocEncoding):
(hyperref)                removing `subscript' on input line 54.


Package hyperref Warning: Token not allowed in a PDF string (PDFDocEncoding):
(hyperref)                removing `math shift' on input line 54.


Package hyperref Warning: Token not allowed in a PDF string (PDFDocEncoding):
(hyperref)                removing `math shift' on input line 62.


Package hyperref Warning: Token not allowed in a PDF string (PDFDocEncoding):
(hyperref)                removing `subscript' on input line 62.


Package hyperref Warning: Token not allowed in a PDF string (PDFDocEncoding):
(hyperref)                removing `math shift' on input line 62.

File: ../logo/logo404.png Graphic file (type png)
<use ../logo/logo404.png>
Package pdftex.def Info: ../logo/logo404.png used on input line 66.
(pdftex.def)             Requested size: 85.35826pt x 33.42316pt.
 [9 <./diagram/UC1.png>]

Package hyperref Warning: Token not allowed in a PDF string (PDFDocEncoding):
(hyperref)                removing `math shift' on input line 70.


Package hyperref Warning: Token not allowed in a PDF string (PDFDocEncoding):
(hyperref)                removing `subscript' on input line 70.


Package hyperref Warning: Token not allowed in a PDF string (PDFDocEncoding):
(hyperref)                removing `math shift' on input line 70.


Overfull \hbox (10.36053pt too wide) in paragraph at lines 74--75
[]\OT1/cmr/bx/n/12 Postcondizione: \OT1/cmr/m/n/12 Vie-ne vi-sua-liz-za-to l'in
-se-ri-men-to del-la con-fer-ma del-la password$[]$; 
 []


Package hyperref Warning: Token not allowed in a PDF string (PDFDocEncoding):
(hyperref)                removing `math shift' on input line 78.


Package hyperref Warning: Token not allowed in a PDF string (PDFDocEncoding):
(hyperref)                removing `subscript' on input line 78.


Package hyperref Warning: Token not allowed in a PDF string (PDFDocEncoding):
(hyperref)                removing `math shift' on input line 78.

File: ../logo/logo404.png Graphic file (type png)
<use ../logo/logo404.png>
Package pdftex.def Info: ../logo/logo404.png used on input line 106.
(pdftex.def)             Requested size: 85.35826pt x 33.42316pt.
 [10]
<diagram/UC4.png, id=710, 435.12563pt x 417.05812pt>
File: diagram/UC4.png Graphic file (type png)
 <use diagram/UC4.png>
Package pdftex.def Info: diagram/UC4.png used on input line 122.
(pdftex.def)             Requested size: 174.04716pt x 166.82028pt.
File: ../logo/logo404.png Graphic file (type png)

<use ../logo/logo404.png>
Package pdftex.def Info: ../logo/logo404.png used on input line 134.
(pdftex.def)             Requested size: 85.35826pt x 33.42316pt.
 [11 <./diagram/UC4.png>]

Package hyperref Warning: Token not allowed in a PDF string (PDFDocEncoding):
(hyperref)                removing `math shift' on input line 139.


Package hyperref Warning: Token not allowed in a PDF string (PDFDocEncoding):
(hyperref)                removing `subscript' on input line 139.


Package hyperref Warning: Token not allowed in a PDF string (PDFDocEncoding):
(hyperref)                removing `math shift' on input line 139.


Package hyperref Warning: Token not allowed in a PDF string (PDFDocEncoding):
(hyperref)                removing `math shift' on input line 147.


Package hyperref Warning: Token not allowed in a PDF string (PDFDocEncoding):
(hyperref)                removing `subscript' on input line 147.


Package hyperref Warning: Token not allowed in a PDF string (PDFDocEncoding):
(hyperref)                removing `math shift' on input line 147.


Overfull \hbox (1.11182pt too wide) in paragraph at lines 153--154
[]\OT1/cmr/bx/n/12 Descrizione: \OT1/cmr/m/n/12 L'u-ten-te do-po aver scel-to d
i au-ten-ti-car-si pu^^Ro in-se-ri-re la password$[]$. 
 []

<diagram/UC5.png, id=717, 730.22812pt x 193.47281pt>
File: diagram/UC5.png Graphic file (type png)
 <use diagram/UC5.png>
Package pdftex.def Info: diagram/UC5.png used on input line 175.
(pdftex.def)             Requested size: 292.08607pt x 77.38774pt.
File: ../logo/logo404.png Graphic file (type png)

<use ../logo/logo404.png>
Package pdftex.def Info: ../logo/logo404.png used on input line 178.
(pdftex.def)             Requested size: 85.35826pt x 33.42316pt.
 [12]
<diagram/UC5-1.png, id=728, 693.34032pt x 740.7675pt>
File: diagram/UC5-1.png Graphic file (type png)
 <use diagram/UC5-1.png>
Package pdftex.def Info: diagram/UC5-1.png used on input line 194.
(pdftex.def)             Requested size: 277.3312pt x 296.30174pt.


LaTeX Warning: `h' float specifier changed to `ht'.

<diagram/UC5-1-1.png, id=729, 858.20625pt x 783.67781pt>
File: diagram/UC5-1-1.png Graphic file (type png)

<use diagram/UC5-1-1.png>
Package pdftex.def Info: diagram/UC5-1-1.png used on input line 220.
(pdftex.def)             Requested size: 343.27641pt x 313.46556pt.
File: ../logo/logo404.png Graphic file (type png)
 <use ../logo/logo404.png>
Package pdftex.def Info: ../logo/logo404.png used on input line 223.
(pdftex.def)             Requested size: 85.35826pt x 33.42316pt.
 [13 <./diagram/UC5.png>]

LaTeX Warning: `h' float specifier changed to `ht'.


Package hyperref Warning: Token not allowed in a PDF string (PDFDocEncoding):
(hyperref)                removing `math shift' on input line 242.


Package hyperref Warning: Token not allowed in a PDF string (PDFDocEncoding):
(hyperref)                removing `subscript' on input line 242.


Package hyperref Warning: Token not allowed in a PDF string (PDFDocEncoding):
(hyperref)                removing `math shift' on input line 242.

<diagram/UC5-1-1-1.png, id=747, 685.05937pt x 298.86656pt>
File: diagram/UC5-1-1-1.png Graphic file (type png)

<use diagram/UC5-1-1-1.png>
Package pdftex.def Info: diagram/UC5-1-1-1.png used on input line 246.
(pdftex.def)             Requested size: 274.01889pt x 119.5445pt.
File: ../logo/logo404.png Graphic file (type png)
 <use ../logo/logo404.png>
Package pdftex.def Info: ../logo/logo404.png used on input line 249.
(pdftex.def)             Requested size: 85.35826pt x 33.42316pt.
 [14 <./diagram/UC5-1.png>]
File: ../logo/logo404.png Graphic file (type png)
 <use ../logo/logo404.png>
Package pdftex.def Info: ../logo/logo404.png used on input line 257.
(pdftex.def)             Requested size: 85.35826pt x 33.42316pt.
 [15 <./diagram/UC5-1-1.png> <./diagram/UC5-1-1-1.png>]

Package hyperref Warning: Token not allowed in a PDF string (PDFDocEncoding):
(hyperref)                removing `math shift' on input line 263.


Package hyperref Warning: Token not allowed in a PDF string (PDFDocEncoding):
(hyperref)                removing `subscript' on input line 263.


Package hyperref Warning: Token not allowed in a PDF string (PDFDocEncoding):
(hyperref)                removing `math shift' on input line 263.


Package hyperref Warning: Token not allowed in a PDF string (PDFDocEncoding):
(hyperref)                removing `math shift' on input line 271.


Package hyperref Warning: Token not allowed in a PDF string (PDFDocEncoding):
(hyperref)                removing `subscript' on input line 271.


Package hyperref Warning: Token not allowed in a PDF string (PDFDocEncoding):
(hyperref)                removing `math shift' on input line 271.


Package hyperref Warning: Token not allowed in a PDF string (PDFDocEncoding):
(hyperref)                removing `math shift' on input line 279.


Package hyperref Warning: Token not allowed in a PDF string (PDFDocEncoding):
(hyperref)                removing `subscript' on input line 279.


Package hyperref Warning: Token not allowed in a PDF string (PDFDocEncoding):
(hyperref)                removing `math shift' on input line 279.

<diagram/UC5-1-1-1-3.png, id=771, 603.0028pt x 439.6425pt>
File: diagram/UC5-1-1-1-3.png Graphic file (type png)

<use diagram/UC5-1-1-1-3.png>
Package pdftex.def Info: diagram/UC5-1-1-1-3.png used on input line 283.
(pdftex.def)             Requested size: 241.19684pt x 175.85388pt.
File: ../logo/logo404.png Graphic file (type png)
 <use ../logo/logo404.png>
Package pdftex.def Info: ../logo/logo404.png used on input line 290.
(pdftex.def)             Requested size: 85.35826pt x 33.42316pt.
 [16 <./diagram/UC5-1-1-1-3.png>]

Package hyperref Warning: Token not allowed in a PDF string (PDFDocEncoding):
(hyperref)                removing `math shift' on input line 302.


Package hyperref Warning: Token not allowed in a PDF string (PDFDocEncoding):
(hyperref)                removing `subscript' on input line 302.


Package hyperref Warning: Token not allowed in a PDF string (PDFDocEncoding):
(hyperref)                removing `math shift' on input line 302.


Package hyperref Warning: Token not allowed in a PDF string (PDFDocEncoding):
(hyperref)                removing `math shift' on input line 310.


Package hyperref Warning: Token not allowed in a PDF string (PDFDocEncoding):
(hyperref)                removing `subscript' on input line 310.


Package hyperref Warning: Token not allowed in a PDF string (PDFDocEncoding):
(hyperref)                removing `math shift' on input line 310.


Package hyperref Warning: Token not allowed in a PDF string (PDFDocEncoding):
(hyperref)                removing `math shift' on input line 318.


Package hyperref Warning: Token not allowed in a PDF string (PDFDocEncoding):
(hyperref)                removing `subscript' on input line 318.


Package hyperref Warning: Token not allowed in a PDF string (PDFDocEncoding):
(hyperref)                removing `math shift' on input line 318.


Package hyperref Warning: Token not allowed in a PDF string (PDFDocEncoding):
(hyperref)                removing `math shift' on input line 326.


Package hyperref Warning: Token not allowed in a PDF string (PDFDocEncoding):
(hyperref)                removing `subscript' on input line 326.


Package hyperref Warning: Token not allowed in a PDF string (PDFDocEncoding):
(hyperref)                removing `math shift' on input line 326.

File: ../logo/logo404.png Graphic file (type png)
<use ../logo/logo404.png>
Package pdftex.def Info: ../logo/logo404.png used on input line 331.
(pdftex.def)             Requested size: 85.35826pt x 33.42316pt.
 [17]

Package hyperref Warning: Token not allowed in a PDF string (PDFDocEncoding):
(hyperref)                removing `math shift' on input line 334.


Package hyperref Warning: Token not allowed in a PDF string (PDFDocEncoding):
(hyperref)                removing `subscript' on input line 334.


Package hyperref Warning: Token not allowed in a PDF string (PDFDocEncoding):
(hyperref)                removing `math shift' on input line 334.


Package hyperref Warning: Token not allowed in a PDF string (PDFDocEncoding):
(hyperref)                removing `math shift' on input line 342.


Package hyperref Warning: Token not allowed in a PDF string (PDFDocEncoding):
(hyperref)                removing `subscript' on input line 342.


Package hyperref Warning: Token not allowed in a PDF string (PDFDocEncoding):
(hyperref)                removing `math shift' on input line 342.


Package hyperref Warning: Token not allowed in a PDF string (PDFDocEncoding):
(hyperref)                removing `math shift' on input line 342.


Package hyperref Warning: Token not allowed in a PDF string (PDFDocEncoding):
(hyperref)                removing `subscript' on input line 342.


Package hyperref Warning: Token not allowed in a PDF string (PDFDocEncoding):
(hyperref)                removing `math shift' on input line 342.

<diagram/UC5-1-1-2.png, id=793, 388.45125pt x 266.49562pt>
File: diagram/UC5-1-1-2.png Graphic file (type png)

<use diagram/UC5-1-1-2.png>
Package pdftex.def Info: diagram/UC5-1-1-2.png used on input line 362.
(pdftex.def)             Requested size: 155.37773pt x 106.59636pt.


LaTeX Warning: `h' float specifier changed to `ht'.

File: ../logo/logo404.png Graphic file (type png)
<use ../logo/logo404.png>
Package pdftex.def Info: ../logo/logo404.png used on input line 374.
(pdftex.def)             Requested size: 85.35826pt x 33.42316pt.
 [18]
<diagram/UC5-1-1-2-2.png, id=800, 487.8225pt x 420.06938pt>
File: diagram/UC5-1-1-2-2.png Graphic file (type png)

<use diagram/UC5-1-1-2-2.png>
Package pdftex.def Info: diagram/UC5-1-1-2-2.png used on input line 389.
(pdftex.def)             Requested size: 195.12553pt x 168.02477pt.
File: ../logo/logo404.png Graphic file (type png)
 <use ../logo/logo404.png>
Package pdftex.def Info: ../logo/logo404.png used on input line 398.
(pdftex.def)             Requested size: 85.35826pt x 33.42316pt.
 [19 <./diagram/UC5-1-1-2.png> <./diagram/UC5-1-1-2-2.png>]
<diagram/UC5-1-1-3.png, id=810, 513.41812pt x 380.92313pt>
File: diagram/UC5-1-1-3.png Graphic file (type png)

<use diagram/UC5-1-1-3.png>
Package pdftex.def Info: diagram/UC5-1-1-3.png used on input line 442.
(pdftex.def)             Requested size: 205.3636pt x 152.36655pt.
File: ../logo/logo404.png Graphic file (type png)
 <use ../logo/logo404.png>
Package pdftex.def Info: ../logo/logo404.png used on input line 445.
(pdftex.def)             Requested size: 85.35826pt x 33.42316pt.
 [20]
<diagram/UC5-1-1-3-1.png, id=820, 446.41782pt x 268.00125pt>
File: diagram/UC5-1-1-3-1.png Graphic file (type png)

<use diagram/UC5-1-1-3-1.png>
Package pdftex.def Info: diagram/UC5-1-1-3-1.png used on input line 462.
(pdftex.def)             Requested size: 178.56395pt x 107.1986pt.
File: ../logo/logo404.png Graphic file (type png)
 <use ../logo/logo404.png>
Package pdftex.def Info: ../logo/logo404.png used on input line 469.
(pdftex.def)             Requested size: 85.35826pt x 33.42316pt.
 [21 <./diagram/UC5-1-1-3.png> <./diagram/UC5-1-1-3-1.png>]
<diagram/UC5-1-1-3-1-2.png, id=831, 450.18187pt x 465.23813pt>
File: diagram/UC5-1-1-3-1-2.png Graphic file (type png)

<use diagram/UC5-1-1-3-1-2.png>
Package pdftex.def Info: diagram/UC5-1-1-3-1-2.png used on input line 489.
(pdftex.def)             Requested size: 180.06955pt x 186.09195pt.
File: ../logo/logo404.png Graphic file (type png)
 <use ../logo/logo404.png>
Package pdftex.def Info: ../logo/logo404.png used on input line 497.
(pdftex.def)             Requested size: 85.35826pt x 33.42316pt.
 [22 <./diagram/UC5-1-1-3-1-2.png>]
File: ../logo/logo404.png Graphic file (type png)
 <use ../logo/logo404.png>
Package pdftex.def Info: ../logo/logo404.png used on input line 529.
(pdftex.def)             Requested size: 85.35826pt x 33.42316pt.
 [23]
<diagram/UC5-1-1-3-2.png, id=849, 428.35031pt x 395.22656pt>
File: diagram/UC5-1-1-3-2.png Graphic file (type png)

<use diagram/UC5-1-1-3-2.png>
Package pdftex.def Info: diagram/UC5-1-1-3-2.png used on input line 542.
(pdftex.def)             Requested size: 171.33708pt x 158.08781pt.
File: ../logo/logo404.png Graphic file (type png)
 <use ../logo/logo404.png>
Package pdftex.def Info: ../logo/logo404.png used on input line 554.
(pdftex.def)             Requested size: 85.35826pt x 33.42316pt.
 [24 <./diagram/UC5-1-1-3-2.png>]
File: ../logo/logo404.png Graphic file (type png)
 <use ../logo/logo404.png>
Package pdftex.def Info: ../logo/logo404.png used on input line 595.
(pdftex.def)             Requested size: 85.35826pt x 33.42316pt.
 [25]
<diagram/UC5-1-1-4.png, id=867, 427.5975pt x 374.90062pt>
File: diagram/UC5-1-1-4.png Graphic file (type png)

<use diagram/UC5-1-1-4.png>
Package pdftex.def Info: diagram/UC5-1-1-4.png used on input line 603.
(pdftex.def)             Requested size: 171.03596pt x 149.95758pt.

<diagram/UC5-1-1-4-2.png, id=868, 434.37282pt x 409.53pt>
File: diagram/UC5-1-1-4-2.png Graphic file (type png)

<use diagram/UC5-1-1-4-2.png>
Package pdftex.def Info: diagram/UC5-1-1-4-2.png used on input line 630.
(pdftex.def)             Requested size: 173.74605pt x 163.80908pt.
File: ../logo/logo404.png Graphic file (type png)
 <use ../logo/logo404.png>
Package pdftex.def Info: ../logo/logo404.png used on input line 633.
(pdftex.def)             Requested size: 85.35826pt x 33.42316pt.
 [26 <./diagram/UC5-1-1-4.png>]
File: ../logo/logo404.png Graphic file (type png)
 <use ../logo/logo404.png>
Package pdftex.def Info: ../logo/logo404.png used on input line 659.
(pdftex.def)             Requested size: 85.35826pt x 33.42316pt.
 [27 <./diagram/UC5-1-1-4-2.png>]
<diagram/UC5-1-1-4-2-3.png, id=886, 391.4625pt x 274.77657pt>
File: diagram/UC5-1-1-4-2-3.png Graphic file (type png)

<use diagram/UC5-1-1-4-2-3.png>
Package pdftex.def Info: diagram/UC5-1-1-4-2-3.png used on input line 666.
(pdftex.def)             Requested size: 156.58221pt x 109.90866pt.

<diagram/UC5-1-1-4-2-3-2.png, id=887, 419.31656pt x 406.51875pt>
File: diagram/UC5-1-1-4-2-3-2.png Graphic file (type png)

<use diagram/UC5-1-1-4-2-3-2.png>
Package pdftex.def Info: diagram/UC5-1-1-4-2-3-2.png used on input line 693.
(pdftex.def)             Requested size: 167.72365pt x 162.60461pt.
File: ../logo/logo404.png Graphic file (type png)
 <use ../logo/logo404.png>
Package pdftex.def Info: ../logo/logo404.png used on input line 696.
(pdftex.def)             Requested size: 85.35826pt x 33.42316pt.
 [28 <./diagram/UC5-1-1-4-2-3.png>]
File: ../logo/logo404.png Graphic file (type png)
 <use ../logo/logo404.png>
Package pdftex.def Info: ../logo/logo404.png used on input line 722.
(pdftex.def)             Requested size: 85.35826pt x 33.42316pt.
 [29 <./diagram/UC5-1-1-4-2-3-2.png>]

Package hyperref Warning: Token not allowed in a PDF string (PDFDocEncoding):
(hyperref)                removing `math shift' on input line 725.


Package hyperref Warning: Token not allowed in a PDF string (PDFDocEncoding):
(hyperref)                removing `subscript' on input line 725.


Package hyperref Warning: Token not allowed in a PDF string (PDFDocEncoding):
(hyperref)                removing `math shift' on input line 725.

<diagram/UC5-1-1-5.png, id=905, 417.05812pt x 338.01282pt>
File: diagram/UC5-1-1-5.png Graphic file (type png)

<use diagram/UC5-1-1-5.png>
Package pdftex.def Info: diagram/UC5-1-1-5.png used on input line 737.
(pdftex.def)             Requested size: 166.82028pt x 135.20271pt.
File: ../logo/logo404.png Graphic file (type png)
 <use ../logo/logo404.png>
Package pdftex.def Info: ../logo/logo404.png used on input line 749.
(pdftex.def)             Requested size: 85.35826pt x 33.42316pt.
 [30 <./diagram/UC5-1-1-5.png>]
File: ../logo/logo404.png Graphic file (type png)
 <use ../logo/logo404.png>
Package pdftex.def Info: ../logo/logo404.png used on input line 780.
(pdftex.def)             Requested size: 85.35826pt x 33.42316pt.
 [31]
File: ../logo/logo404.png Graphic file (type png)
 <use ../logo/logo404.png>
Package pdftex.def Info: ../logo/logo404.png used on input line 813.
(pdftex.def)             Requested size: 85.35826pt x 33.42316pt.
 [32]

Package hyperref Warning: Token not allowed in a PDF string (PDFDocEncoding):
(hyperref)                removing `math shift' on input line 832.


Package hyperref Warning: Token not allowed in a PDF string (PDFDocEncoding):
(hyperref)                removing `subscript' on input line 832.


Package hyperref Warning: Token not allowed in a PDF string (PDFDocEncoding):
(hyperref)                removing `math shift' on input line 832.

File: ../logo/logo404.png Graphic file (type png)
<use ../logo/logo404.png>
Package pdftex.def Info: ../logo/logo404.png used on input line 847.
(pdftex.def)             Requested size: 85.35826pt x 33.42316pt.
 [33]
<diagram/UC5-1-9.png, id=930, 627.84563pt x 383.93437pt>
File: diagram/UC5-1-9.png Graphic file (type png)

<use diagram/UC5-1-9.png>
Package pdftex.def Info: diagram/UC5-1-9.png used on input line 860.
(pdftex.def)             Requested size: 251.13379pt x 153.57101pt.
File: ../logo/logo404.png Graphic file (type png)
 <use ../logo/logo404.png>
Package pdftex.def Info: ../logo/logo404.png used on input line 874.
(pdftex.def)             Requested size: 85.35826pt x 33.42316pt.
 [34 <./diagram/UC5-1-9.png>]

Package hyperref Warning: Token not allowed in a PDF string (PDFDocEncoding):
(hyperref)                removing `math shift' on input line 876.


Package hyperref Warning: Token not allowed in a PDF string (PDFDocEncoding):
(hyperref)                removing `subscript' on input line 876.


Package hyperref Warning: Token not allowed in a PDF string (PDFDocEncoding):
(hyperref)                removing `math shift' on input line 876.

<diagram/UC6.png, id=937, 416.30531pt x 368.1253pt>
File: diagram/UC6.png Graphic file (type png)
 <use diagram/UC6.png>
Package pdftex.def Info: diagram/UC6.png used on input line 912.
(pdftex.def)             Requested size: 166.51917pt x 147.24751pt.


LaTeX Warning: `h' float specifier changed to `ht'.

File: ../logo/logo404.png Graphic file (type png)
<use ../logo/logo404.png>
Package pdftex.def Info: ../logo/logo404.png used on input line 918.
(pdftex.def)             Requested size: 85.35826pt x 33.42316pt.
 [35]
<diagram/UC6-1.png, id=947, 464.4853pt x 329.73187pt>
File: diagram/UC6-1.png Graphic file (type png)
 <use diagram/UC6-1.png>
Package pdftex.def Info: diagram/UC6-1.png used on input line 933.
(pdftex.def)             Requested size: 185.79083pt x 131.8904pt.
File: ../logo/logo404.png Graphic file (type png)

<use ../logo/logo404.png>
Package pdftex.def Info: ../logo/logo404.png used on input line 939.
(pdftex.def)             Requested size: 85.35826pt x 33.42316pt.
 [36 <./diagram/UC6.png> <./diagram/UC6-1.png>]
File: ../logo/logo404.png Graphic file (type png)

<use ../logo/logo404.png>
Package pdftex.def Info: ../logo/logo404.png used on input line 977.
(pdftex.def)             Requested size: 85.35826pt x 33.42316pt.
 [37]

Package hyperref Warning: Token not allowed in a PDF string (PDFDocEncoding):
(hyperref)                removing `math shift' on input line 1005.


Package hyperref Warning: Token not allowed in a PDF string (PDFDocEncoding):
(hyperref)                removing `subscript' on input line 1005.


Package hyperref Warning: Token not allowed in a PDF string (PDFDocEncoding):
(hyperref)                removing `math shift' on input line 1005.

File: ../logo/logo404.png Graphic file (type png)
<use ../logo/logo404.png>
Package pdftex.def Info: ../logo/logo404.png used on input line 1009.
(pdftex.def)             Requested size: 85.35826pt x 33.42316pt.
 [38]) (./documents/requisiti.tex
Overfull \hbox (10.35007pt too wide) in paragraph at lines 6--6
[]|\OT1/cmr/bx/n/12 Descrizione| 
 []


Underfull \hbox (badness 10000) in paragraph at lines 8--8
[]|\OT1/cmr/m/n/12 Funzionale
 []


Overfull \hbox (7.71883pt too wide) in paragraph at lines 8--8
[]|\OT1/cmr/m/n/12 Obbligatorio| 
 []


Underfull \hbox (badness 10000) in paragraph at lines 10--10
[]|\OT1/cmr/m/n/12 Funzionale
 []


Underfull \hbox (badness 10000) in paragraph at lines 10--10
[]|\OT1/cmr/m/n/12 L'utente
 []


Underfull \hbox (badness 10000) in paragraph at lines 10--10
\OT1/cmr/m/n/12 de-ve
 []


Underfull \hbox (badness 10000) in paragraph at lines 10--10
\OT1/cmr/m/n/12 po-ter-si
 []


Underfull \hbox (badness 10000) in paragraph at lines 10--10
\OT1/cmr/m/n/12 re-gi-stra-re
 []


Underfull \hbox (badness 10000) in paragraph at lines 12--12
[]|\OT1/cmr/m/n/12 Funzionale
 []


Underfull \hbox (badness 10000) in paragraph at lines 12--12
[]|\OT1/cmr/m/n/12 L'utente
 []


Underfull \hbox (badness 10000) in paragraph at lines 12--12
\OT1/cmr/m/n/12 sce-glie-re
 []


Underfull \hbox (badness 10000) in paragraph at lines 12--12
\OT1/cmr/m/n/12 user-na-me,
 []


Underfull \hbox (badness 10000) in paragraph at lines 14--14
[]|\OT1/cmr/m/n/12 Funzionale
 []


Underfull \hbox (badness 10000) in paragraph at lines 14--14
[]|\OT1/cmr/m/n/12 L'utente
 []


Underfull \hbox (badness 10000) in paragraph at lines 14--14
\OT1/cmr/m/n/12 mo-di-fi-ca-
 []


Underfull \hbox (badness 6526) in paragraph at lines 14--14
\OT1/cmr/m/n/12 re i da-ti
 []


Underfull \hbox (badness 10000) in paragraph at lines 14--14
\OT1/cmr/m/n/12 del suo
 []


Underfull \hbox (badness 10000) in paragraph at lines 16--16
[]|\OT1/cmr/m/n/12 Funzionale
 []


Underfull \hbox (badness 10000) in paragraph at lines 16--16
[]|\OT1/cmr/m/n/12 L'utente
 []


Underfull \hbox (badness 10000) in paragraph at lines 16--16
\OT1/cmr/m/n/12 mo-di-fi-
 []


Underfull \hbox (badness 10000) in paragraph at lines 16--16
\OT1/cmr/m/n/12 ca-re la
 []


Underfull \hbox (badness 10000) in paragraph at lines 18--18
[]|\OT1/cmr/m/n/12 Funzionale
 []


Underfull \hbox (badness 10000) in paragraph at lines 18--18
[]|\OT1/cmr/m/n/12 L'utente
 []


Underfull \hbox (badness 10000) in paragraph at lines 18--18
\OT1/cmr/m/n/12 mo-di-fi-ca-re
 []


Underfull \hbox (badness 10000) in paragraph at lines 20--20
[]|\OT1/cmr/m/n/12 Funzionale
 []


Underfull \hbox (badness 10000) in paragraph at lines 20--20
[]|\OT1/cmr/m/n/12 L'utente
 []


Underfull \hbox (badness 10000) in paragraph at lines 20--20
\OT1/cmr/m/n/12 de-ve
 []


Underfull \hbox (badness 10000) in paragraph at lines 22--22
[]|\OT1/cmr/m/n/12 Funzionale
 []


Overfull \hbox (5.66052pt too wide) in paragraph at lines 22--22
[]|\OT1/cmr/m/n/12 Desiderabile| 
 []


Underfull \hbox (badness 10000) in paragraph at lines 24--24
[]|\OT1/cmr/m/n/12 Funzionale
 []


Overfull \hbox (7.71883pt too wide) in paragraph at lines 24--24
[]|\OT1/cmr/m/n/12 Obbligatorio| 
 []


Underfull \hbox (badness 10000) in paragraph at lines 26--26
[]|\OT1/cmr/m/n/12 Funzionale
 []


Overfull \hbox (7.71883pt too wide) in paragraph at lines 26--26
[]|\OT1/cmr/m/n/12 Obbligatorio| 
 []


Underfull \hbox (badness 10000) in paragraph at lines 28--28
[]|\OT1/cmr/m/n/12 Funzionale
 []


Underfull \hbox (badness 10000) in paragraph at lines 28--28
[]|\OT1/cmr/m/n/12 L'utente
 []


Underfull \hbox (badness 10000) in paragraph at lines 28--28
\OT1/cmr/m/n/12 vi-sua-liz-
 []


Underfull \hbox (badness 10000) in paragraph at lines 28--28
\OT1/cmr/m/n/12 za-re una
 []


Underfull \hbox (badness 10000) in paragraph at lines 28--28
\OT1/cmr/m/n/12 pro-pria
 []


Underfull \hbox (badness 10000) in paragraph at lines 28--28
\OT1/cmr/m/n/12 pre-sen-ta-
 []


Underfull \hbox (badness 10000) in paragraph at lines 30--30
[]|\OT1/cmr/m/n/12 Funzionale
 []


Underfull \hbox (badness 10000) in paragraph at lines 30--30
[]|\OT1/cmr/m/n/12 L'utente
 []


Underfull \hbox (badness 10000) in paragraph at lines 30--30
\OT1/cmr/m/n/12 muo-ver-si,
 []


Underfull \hbox (badness 10000) in paragraph at lines 30--30
\OT1/cmr/m/n/12 al-l'in-ter-no
 []


Underfull \hbox (badness 10000) in paragraph at lines 30--30
\OT1/cmr/m/n/12 del-la pre-
 []


Underfull \hbox (badness 10000) in paragraph at lines 30--30
\OT1/cmr/m/n/12 sen-ta-zio-ne,
 []


Underfull \hbox (badness 10000) in paragraph at lines 30--30
\OT1/cmr/m/n/12 qual-sia-si
 []


Underfull \hbox (badness 10000) in paragraph at lines 32--32
[]|\OT1/cmr/m/n/12 Funzionale
 []


Underfull \hbox (badness 10000) in paragraph at lines 32--32
[]|\OT1/cmr/m/n/12 L'utente
 []


Underfull \hbox (badness 10000) in paragraph at lines 32--32
\OT1/cmr/m/n/12 in-se-ri-re,
 []


Underfull \hbox (badness 10000) in paragraph at lines 32--32
\OT1/cmr/m/n/12 mo-di-fi-ca-re
 []


Underfull \hbox (badness 10000) in paragraph at lines 32--32
\OT1/cmr/m/n/12 o eli-mi-
 []


Underfull \hbox (badness 10000) in paragraph at lines 32--32
\OT1/cmr/m/n/12 na-re una
 []


Underfull \hbox (badness 10000) in paragraph at lines 32--32
\OT1/cmr/m/n/12 pro-pria
 []


Underfull \hbox (badness 10000) in paragraph at lines 32--32
\OT1/cmr/m/n/12 pre-sen-ta-
 []


Underfull \hbox (badness 10000) in paragraph at lines 34--34
[]|\OT1/cmr/m/n/12 Funzionale
 []


Underfull \hbox (badness 10000) in paragraph at lines 34--34
[]|\OT1/cmr/m/n/12 L'utente
 []


Underfull \hbox (badness 10000) in paragraph at lines 34--34
\OT1/cmr/m/n/12 sce-glie-re
 []


Underfull \hbox (badness 10000) in paragraph at lines 34--34
\OT1/cmr/m/n/12 un tam-
 []


Underfull \hbox (badness 10000) in paragraph at lines 34--34
\OT1/cmr/m/n/12 pla-te per
 []


Underfull \hbox (badness 6675) in paragraph at lines 34--34
\OT1/cmr/m/n/12 le pro-prie
 []


Underfull \hbox (badness 10000) in paragraph at lines 34--34
\OT1/cmr/m/n/12 pre-sen-ta-
 []


Underfull \hbox (badness 10000) in paragraph at lines 36--36
[]|\OT1/cmr/m/n/12 Funzionale
 []


Underfull \hbox (badness 10000) in paragraph at lines 36--36
[]|\OT1/cmr/m/n/12 L'utente
 []


Underfull \hbox (badness 10000) in paragraph at lines 36--36
\OT1/cmr/m/n/12 ag-giun-
 []


Underfull \hbox (badness 10000) in paragraph at lines 36--36
\OT1/cmr/m/n/12 ge-re,
 []


Underfull \hbox (badness 10000) in paragraph at lines 36--36
\OT1/cmr/m/n/12 mo-di-fi-ca-re
 []


Underfull \hbox (badness 2856) in paragraph at lines 36--36
\OT1/cmr/m/n/12 o eli-mi-na-
 []


Underfull \hbox (badness 10000) in paragraph at lines 36--36
\OT1/cmr/m/n/12 re fra-me
 []


Underfull \hbox (badness 10000) in paragraph at lines 36--36
\OT1/cmr/m/n/12 al-l'in-ter-no
 []


Underfull \hbox (badness 10000) in paragraph at lines 38--38
[]|\OT1/cmr/m/n/12 Funzionale
 []


Underfull \hbox (badness 10000) in paragraph at lines 38--38
[]|\OT1/cmr/m/n/12 L'utente
 []


Underfull \hbox (badness 10000) in paragraph at lines 38--38
\OT1/cmr/m/n/12 cam-bia-re
 []


Underfull \hbox (badness 10000) in paragraph at lines 38--38
\OT1/cmr/m/n/12 for-ma ad
 []


Underfull \hbox (badness 10000) in paragraph at lines 40--40
[]|\OT1/cmr/m/n/12 Funzionale
 []


Underfull \hbox (badness 10000) in paragraph at lines 40--40
[]|\OT1/cmr/m/n/12 L'utente
 []


Underfull \hbox (badness 10000) in paragraph at lines 40--40
\OT1/cmr/m/n/12 spo-sta-re
 []


Underfull \hbox (badness 10000) in paragraph at lines 42--42
[]|\OT1/cmr/m/n/12 Funzionale
 []


Underfull \hbox (badness 10000) in paragraph at lines 42--42
[]|\OT1/cmr/m/n/12 L'utente
 []


Underfull \hbox (badness 10000) in paragraph at lines 42--42
\OT1/cmr/m/n/12 in-se-ri-re
 []


Underfull \hbox (badness 10000) in paragraph at lines 42--42
\OT1/cmr/m/n/12 un fra-me
 []


Underfull \hbox (badness 10000) in paragraph at lines 42--42
\OT1/cmr/m/n/12 den-tro
 []


Underfull \hbox (badness 10000) in paragraph at lines 44--44
[]|\OT1/cmr/m/n/12 Funzionale
 []


Underfull \hbox (badness 10000) in paragraph at lines 44--44
[]|\OT1/cmr/m/n/12 L'utente
 []


Underfull \hbox (badness 10000) in paragraph at lines 44--44
\OT1/cmr/m/n/12 fra-me da
 []


Overfull \hbox (163.95013pt too wide) in alignment at lines 4--45
 [] [] [] [] 
 []


Underfull \vbox (badness 10000) detected at line 45
 []


Underfull \hbox (badness 10000) in paragraph at lines 46--46
[]|\OT1/cmr/m/n/12 Funzionale
 []


Underfull \hbox (badness 10000) in paragraph at lines 46--46
[]|\OT1/cmr/m/n/12 L'utente
 []


Underfull \hbox (badness 10000) in paragraph at lines 46--46
\OT1/cmr/m/n/12 se-le-zio-na-re
 []


Underfull \hbox (badness 10000) in paragraph at lines 46--46
\OT1/cmr/m/n/12 e suc-ces-
 []


Underfull \hbox (badness 10000) in paragraph at lines 46--46
\OT1/cmr/m/n/12 si-va-me-te
 []


Underfull \hbox (badness 10000) in paragraph at lines 46--46
\OT1/cmr/m/n/12 fa-re uno
 []


Underfull \hbox (badness 10000) in paragraph at lines 46--46
\OT1/cmr/m/n/12 zoom su
 []


Underfull \hbox (badness 10000) in paragraph at lines 48--48
[]|\OT1/cmr/m/n/12 Funzionale
 []


Underfull \hbox (badness 10000) in paragraph at lines 48--48
[]|\OT1/cmr/m/n/12 Il fra-me
 []


Underfull \hbox (badness 10000) in paragraph at lines 48--48
\OT1/cmr/m/n/12 se-le-zio-na-to
 []


Underfull \hbox (badness 10000) in paragraph at lines 48--48
\OT1/cmr/m/n/12 ri-co-no-
 []


Underfull \hbox (badness 10000) in paragraph at lines 48--48
\OT1/cmr/m/n/12 sci-bi-le
 []


Underfull \hbox (badness 10000) in paragraph at lines 50--50
[]|\OT1/cmr/m/n/12 Funzionale
 []


Underfull \hbox (badness 10000) in paragraph at lines 50--50
[]|\OT1/cmr/m/n/12 L'utente
 []


Underfull \hbox (badness 10000) in paragraph at lines 50--50
\OT1/cmr/m/n/12 ag-giun-
 []


Underfull \hbox (badness 10000) in paragraph at lines 50--50
\OT1/cmr/m/n/12 ge-re,
 []


Underfull \hbox (badness 10000) in paragraph at lines 50--50
\OT1/cmr/m/n/12 mo-di-fi-ca-re
 []


Underfull \hbox (badness 10000) in paragraph at lines 50--50
\OT1/cmr/m/n/12 del te-sto
 []


Underfull \hbox (badness 10000) in paragraph at lines 50--50
\OT1/cmr/m/n/12 al-l'in-ter-no
 []


Underfull \hbox (badness 10000) in paragraph at lines 52--52
[]|\OT1/cmr/m/n/12 Funzionale
 []


Underfull \hbox (badness 10000) in paragraph at lines 52--52
[]|\OT1/cmr/m/n/12 L'utente
 []


Underfull \hbox (badness 10000) in paragraph at lines 52--52
\OT1/cmr/m/n/12 cam-bia-re
 []


Underfull \hbox (badness 10000) in paragraph at lines 54--54
[]|\OT1/cmr/m/n/12 Funzionale
 []


Underfull \hbox (badness 10000) in paragraph at lines 54--54
[]|\OT1/cmr/m/n/12 L'utente
 []


Underfull \hbox (badness 10000) in paragraph at lines 54--54
\OT1/cmr/m/n/12 mo-di-fi-ca-re
 []


Underfull \hbox (badness 10000) in paragraph at lines 54--54
\OT1/cmr/m/n/12 il te-ma
 []


Underfull \hbox (badness 10000) in paragraph at lines 54--54
\OT1/cmr/m/n/12 gra-fi-co
 []


Underfull \hbox (badness 10000) in paragraph at lines 54--54
\OT1/cmr/m/n/12 ge-ne-ra-le
 []


Underfull \hbox (badness 10000) in paragraph at lines 54--54
\OT1/cmr/m/n/12 as-se-gna-to
 []


Underfull \hbox (badness 10000) in paragraph at lines 54--54
\OT1/cmr/m/n/12 al-la pre-
 []


Underfull \hbox (badness 10000) in paragraph at lines 56--56
[]|\OT1/cmr/m/n/12 Funzionale
 []


Underfull \hbox (badness 10000) in paragraph at lines 56--56
[]|\OT1/cmr/m/n/12 L'utente
 []


Underfull \hbox (badness 10000) in paragraph at lines 56--56
\OT1/cmr/m/n/12 la pos-si-
 []


Underfull \hbox (badness 10000) in paragraph at lines 56--56
\OT1/cmr/m/n/12 bi-lit^^Ra di
 []


Underfull \hbox (badness 10000) in paragraph at lines 56--56
\OT1/cmr/m/n/12 mo-di-fi-ca-re
 []


Underfull \hbox (badness 10000) in paragraph at lines 56--56
\OT1/cmr/m/n/12 lo sfon-do
 []


Underfull \hbox (badness 10000) in paragraph at lines 56--56
\OT1/cmr/m/n/12 del-la pre-
 []


Underfull \hbox (badness 10000) in paragraph at lines 56--56
\OT1/cmr/m/n/12 sen-ta-zio-ne
 []


Underfull \hbox (badness 10000) in paragraph at lines 56--56
\OT1/cmr/m/n/12 sce-glien-do
 []


Underfull \hbox (badness 10000) in paragraph at lines 56--56
\OT1/cmr/m/n/12 tra un
 []


Underfull \hbox (badness 10000) in paragraph at lines 56--56
\OT1/cmr/m/n/12 co-lo-re o
 []


Underfull \hbox (badness 10000) in paragraph at lines 56--56
\OT1/cmr/m/n/12 un'im-ma-
 []


Underfull \hbox (badness 10000) in paragraph at lines 58--58
[]|\OT1/cmr/m/n/12 Funzionale
 []


Underfull \hbox (badness 10000) in paragraph at lines 58--58
[]|\OT1/cmr/m/n/12 L'utente
 []


Underfull \hbox (badness 10000) in paragraph at lines 58--58
\OT1/cmr/m/n/12 sce-glie-
 []


Underfull \hbox (badness 10000) in paragraph at lines 58--58
\OT1/cmr/m/n/12 re co-me
 []


Underfull \hbox (badness 10000) in paragraph at lines 58--58
\OT1/cmr/m/n/12 sfon-do
 []


Underfull \hbox (badness 10000) in paragraph at lines 58--58
\OT1/cmr/m/n/12 un'im-ma-
 []


Underfull \hbox (badness 10000) in paragraph at lines 58--58
\OT1/cmr/m/n/12 gi-ne da
 []


Underfull \hbox (badness 10000) in paragraph at lines 58--58
\OT1/cmr/m/n/12 car-tel-la,
 []


Underfull \hbox (badness 10000) in paragraph at lines 58--58
\OT1/cmr/m/n/12 URL o
 []


Underfull \hbox (badness 10000) in paragraph at lines 58--58
\OT1/cmr/m/n/12 da quel-le
 []


Underfull \hbox (badness 10000) in paragraph at lines 58--58
\OT1/cmr/m/n/12 pre-de-fi-ni-te
 []


Underfull \hbox (badness 1668) in paragraph at lines 58--58
\OT1/cmr/m/n/12 of-fer-te dal
 []


Underfull \hbox (badness 10000) in paragraph at lines 60--60
[]|\OT1/cmr/m/n/12 Funzionale
 []


Underfull \hbox (badness 10000) in paragraph at lines 60--60
[]|\OT1/cmr/m/n/12 L'utente
 []


Underfull \hbox (badness 10000) in paragraph at lines 60--60
\OT1/cmr/m/n/12 mo-di-fi-ca-re
 []


Underfull \hbox (badness 10000) in paragraph at lines 60--60
\OT1/cmr/m/n/12 te-ma che
 []


Underfull \hbox (badness 10000) in paragraph at lines 60--60
\OT1/cmr/m/n/12 sa-no tra:
 []


Underfull \hbox (badness 10000) in paragraph at lines 60--60
\OT1/cmr/m/n/12 pa-ra-me-tri
 []


Underfull \hbox (badness 10000) in paragraph at lines 60--60
\OT1/cmr/m/n/12 avan-za-ti,
 []


Underfull \hbox (badness 10000) in paragraph at lines 60--60
\OT1/cmr/m/n/12 con-nes-sio-
 []


Underfull \hbox (badness 10000) in paragraph at lines 62--62
[]|\OT1/cmr/m/n/12 Funzionale
 []


Underfull \hbox (badness 10000) in paragraph at lines 62--62
[]|\OT1/cmr/m/n/12 L'utente
 []


Underfull \hbox (badness 10000) in paragraph at lines 62--62
\OT1/cmr/m/n/12 la pos-si-
 []


Underfull \hbox (badness 10000) in paragraph at lines 62--62
\OT1/cmr/m/n/12 bi-lit^^Ra di
 []


Underfull \hbox (badness 10000) in paragraph at lines 62--62
\OT1/cmr/m/n/12 mo-di-fi-ca-re
 []


Underfull \hbox (badness 10000) in paragraph at lines 62--62
\OT1/cmr/m/n/12 pre-sen-ta-ti-
 []


Underfull \hbox (badness 10000) in paragraph at lines 62--62
\OT1/cmr/m/n/12 l'or-di-ne
 []


Underfull \hbox (badness 10000) in paragraph at lines 62--62
\OT1/cmr/m/n/12 con cui
 []


Underfull \hbox (badness 10000) in paragraph at lines 62--62
\OT1/cmr/m/n/12 le sli-de
 []


Underfull \hbox (badness 10000) in paragraph at lines 62--62
\OT1/cmr/m/n/12 ver-ran-no
 []


Underfull \hbox (badness 10000) in paragraph at lines 62--62
\OT1/cmr/m/n/12 vi-sua-liz-za-
 []


Underfull \hbox (badness 1742) in paragraph at lines 62--62
\OT1/cmr/m/n/12 te in fa-se
 []


Underfull \hbox (badness 3780) in paragraph at lines 62--62
\OT1/cmr/m/n/12 di pre-sen-
 []


Underfull \hbox (badness 10000) in paragraph at lines 62--62
\OT1/cmr/m/n/12 ta-zio-ne,
 []


Underfull \hbox (badness 10000) in paragraph at lines 62--62
\OT1/cmr/m/n/12 spo-stan-do
 []


Underfull \hbox (badness 10000) in paragraph at lines 62--62
\OT1/cmr/m/n/12 l'or-di-ne
 []


Underfull \hbox (badness 10000) in paragraph at lines 62--62
\OT1/cmr/m/n/12 dei fra-me
 []


Underfull \hbox (badness 10000) in paragraph at lines 62--62
\OT1/cmr/m/n/12 giun-gen-do
 []


Underfull \hbox (badness 10000) in paragraph at lines 62--62
\OT1/cmr/m/n/12 la vi-sta
 []


Underfull \hbox (badness 5161) in paragraph at lines 62--62
\OT1/cmr/m/n/12 at-tua-le in
 []


Underfull \hbox (badness 10000) in paragraph at lines 64--64
[]|\OT1/cmr/m/n/12 Funzionale
 []


Underfull \hbox (badness 5592) in paragraph at lines 64--64
[]|\OT1/cmr/m/n/12 Il si-ste-ma
 []


Underfull \hbox (badness 10000) in paragraph at lines 64--64
\OT1/cmr/m/n/12 for-ni-re la
 []


Underfull \hbox (badness 10000) in paragraph at lines 64--64
\OT1/cmr/m/n/12 pos-si-bi-lit^^Ra
 []


Underfull \hbox (badness 7344) in paragraph at lines 64--64
\OT1/cmr/m/n/12 di sal-va-re
 []


Underfull \hbox (badness 10000) in paragraph at lines 64--64
\OT1/cmr/m/n/12 una pre-
 []


Underfull \hbox (badness 10000) in paragraph at lines 64--64
\OT1/cmr/m/n/12 sen-ta-zio-ne
 []


Underfull \hbox (badness 10000) in paragraph at lines 64--64
\OT1/cmr/m/n/12 aper-ta
 []


Underfull \hbox (badness 10000) in paragraph at lines 66--66
[]|\OT1/cmr/m/n/12 Funzionale
 []


Underfull \hbox (badness 10000) in paragraph at lines 66--66
[]|\OT1/cmr/m/n/12 L'utente
 []


Underfull \hbox (badness 10000) in paragraph at lines 66--66
\OT1/cmr/m/n/12 an-nul-la-
 []


Underfull \hbox (badness 10000) in paragraph at lines 66--66
\OT1/cmr/m/n/12 re una
 []


Underfull \hbox (badness 10000) in paragraph at lines 66--66
\OT1/cmr/m/n/12 mo-di-fi-ca
 []


Underfull \hbox (badness 10000) in paragraph at lines 66--66
\OT1/cmr/m/n/12 ap-por-ta-ta
 []


Underfull \hbox (badness 10000) in paragraph at lines 66--66
\OT1/cmr/m/n/12 o ri-pri-sti-
 []


Underfull \hbox (badness 10000) in paragraph at lines 66--66
\OT1/cmr/m/n/12 na-re una
 []


Underfull \hbox (badness 10000) in paragraph at lines 66--66
\OT1/cmr/m/n/12 pre-ce-den-
 []


Underfull \hbox (badness 10000) in paragraph at lines 66--66
\OT1/cmr/m/n/12 te-men-te
 []


Underfull \hbox (badness 10000) in paragraph at lines 68--68
[]|\OT1/cmr/m/n/12 Funzionale
 []


Underfull \hbox (badness 10000) in paragraph at lines 68--68
[]|\OT1/cmr/m/n/12 L'utente
 []


Underfull \hbox (badness 10000) in paragraph at lines 68--68
\OT1/cmr/m/n/12 ag-giun-
 []


Underfull \hbox (badness 10000) in paragraph at lines 68--68
\OT1/cmr/m/n/12 ge-re,
 []


Underfull \hbox (badness 10000) in paragraph at lines 68--68
\OT1/cmr/m/n/12 ri-muo-ve-re
 []


Underfull \hbox (badness 6675) in paragraph at lines 68--68
\OT1/cmr/m/n/12 re og-get-ti
 []


Underfull \hbox (badness 10000) in paragraph at lines 68--68
\OT1/cmr/m/n/12 pre-sen-ta-
 []


Underfull \hbox (badness 10000) in paragraph at lines 70--70
[]|\OT1/cmr/m/n/12 Funzionale
 []


Underfull \hbox (badness 10000) in paragraph at lines 70--70
[]|\OT1/cmr/m/n/12 L'utente
 []


Underfull \hbox (badness 10000) in paragraph at lines 70--70
\OT1/cmr/m/n/12 ag-giun-
 []


Underfull \hbox (badness 10000) in paragraph at lines 70--70
\OT1/cmr/m/n/12 ge-re o
 []


Underfull \hbox (badness 10000) in paragraph at lines 70--70
\OT1/cmr/m/n/12 ri-muo-ve-re
 []


Underfull \hbox (badness 10000) in paragraph at lines 70--70
\OT1/cmr/m/n/12 im-ma-gi-ni
 []


Underfull \hbox (badness 10000) in paragraph at lines 70--70
\OT1/cmr/m/n/12 al-la pre-
 []


Underfull \hbox (badness 10000) in paragraph at lines 72--72
[]|\OT1/cmr/m/n/12 Funzionale
 []


Underfull \hbox (badness 10000) in paragraph at lines 72--72
[]|\OT1/cmr/m/n/12 L'utente
 []


Underfull \hbox (badness 10000) in paragraph at lines 72--72
\OT1/cmr/m/n/12 ag-giun-
 []


Underfull \hbox (badness 10000) in paragraph at lines 72--72
\OT1/cmr/m/n/12 ge-re,
 []


Underfull \hbox (badness 10000) in paragraph at lines 72--72
\OT1/cmr/m/n/12 ri-muo-ve-re
 []


Underfull \hbox (badness 10000) in paragraph at lines 72--72
\OT1/cmr/m/n/12 o mo-di-
 []


Underfull \hbox (badness 10000) in paragraph at lines 72--72
\OT1/cmr/m/n/12 fi-ca-re in-
 []


Underfull \hbox (badness 10000) in paragraph at lines 72--72
\OT1/cmr/m/n/12 fo-gra-fi-che
 []


Underfull \hbox (badness 10000) in paragraph at lines 72--72
\OT1/cmr/m/n/12 al-la/-del-la
 []


Underfull \hbox (badness 10000) in paragraph at lines 72--72
\OT1/cmr/m/n/12 pre-sen-ta-
 []


Underfull \hbox (badness 10000) in paragraph at lines 74--74
[]|\OT1/cmr/m/n/12 Funzionale
 []


Underfull \hbox (badness 10000) in paragraph at lines 74--74
[]|\OT1/cmr/m/n/12 L'utente
 []


Underfull \hbox (badness 10000) in paragraph at lines 74--74
\OT1/cmr/m/n/12 mo-di-fi-ca-
 []


Underfull \hbox (badness 6526) in paragraph at lines 74--74
\OT1/cmr/m/n/12 re i da-ti
 []


Underfull \hbox (badness 10000) in paragraph at lines 74--74
\OT1/cmr/m/n/12 che cor-ri-
 []


Underfull \hbox (badness 10000) in paragraph at lines 74--74
\OT1/cmr/m/n/12 spon-do-no
 []


Underfull \hbox (badness 10000) in paragraph at lines 74--74
\OT1/cmr/m/n/12 al-l'in-fo-gra-
 []


Underfull \hbox (badness 10000) in paragraph at lines 76--76
[]|\OT1/cmr/m/n/12 Funzionale
 []


Underfull \hbox (badness 10000) in paragraph at lines 76--76
[]|\OT1/cmr/m/n/12 L'utente
 []


Underfull \hbox (badness 10000) in paragraph at lines 76--76
\OT1/cmr/m/n/12 mo-di-fi-ca-re
 []


Underfull \hbox (badness 10000) in paragraph at lines 76--76
\OT1/cmr/m/n/12 il ti-po
 []


Underfull \hbox (badness 10000) in paragraph at lines 76--76
\OT1/cmr/m/n/12 del-l'in-fo-
 []


Underfull \hbox (badness 10000) in paragraph at lines 78--78
[]|\OT1/cmr/m/n/12 Funzionale
 []


Underfull \hbox (badness 10000) in paragraph at lines 78--78
[]|\OT1/cmr/m/n/12 L'utente
 []


Underfull \hbox (badness 10000) in paragraph at lines 78--78
\OT1/cmr/m/n/12 do-vr^^Ra
 []


Underfull \hbox (badness 10000) in paragraph at lines 78--78
\OT1/cmr/m/n/12 po-ter
 []


Underfull \hbox (badness 10000) in paragraph at lines 78--78
\OT1/cmr/m/n/12 stam-pa-re
 []


Underfull \hbox (badness 10000) in paragraph at lines 78--78
\OT1/cmr/m/n/12 una sua
 []


Underfull \hbox (badness 10000) in paragraph at lines 78--78
\OT1/cmr/m/n/12 pre-sen-
 []


Underfull \hbox (badness 10000) in paragraph at lines 78--78
\OT1/cmr/m/n/12 ta-zio-ne
 []


Underfull \hbox (badness 10000) in paragraph at lines 80--80
[]|\OT1/cmr/m/n/12 Funzionale
 []


Underfull \hbox (badness 10000) in paragraph at lines 80--80
[]|\OT1/cmr/m/n/12 L'utente
 []


Underfull \hbox (badness 10000) in paragraph at lines 80--80
\OT1/cmr/m/n/12 sca-ri-ca-re
 []


Underfull \hbox (badness 5022) in paragraph at lines 80--80
\OT1/cmr/m/n/12 la pre-sen-
 []


Underfull \hbox (badness 10000) in paragraph at lines 80--80
\OT1/cmr/m/n/12 ta-zio-ne
 []


Underfull \hbox (badness 10000) in paragraph at lines 80--80
\OT1/cmr/m/n/12 uti-liz-za-re
 []


Underfull \hbox (badness 10000) in paragraph at lines 80--80
\OT1/cmr/m/n/12 di-pen-den-
 []


Underfull \hbox (badness 10000) in paragraph at lines 80--80
\OT1/cmr/m/n/12 te-men-te
 []


Underfull \hbox (badness 10000) in paragraph at lines 82--82
[]|\OT1/cmr/m/n/12 Funzionale
 []


Underfull \hbox (badness 10000) in paragraph at lines 82--82
[]|\OT1/cmr/m/n/12 L'utente
 []


Underfull \hbox (badness 10000) in paragraph at lines 82--82
\OT1/cmr/m/n/12 do-vr^^Ra
 []


Underfull \hbox (badness 10000) in paragraph at lines 82--82
\OT1/cmr/m/n/12 po-ter
 []


Underfull \hbox (badness 10000) in paragraph at lines 82--82
\OT1/cmr/m/n/12 espor-ta-re
 []


Underfull \hbox (badness 5022) in paragraph at lines 82--82
\OT1/cmr/m/n/12 la pre-sen-
 []


Underfull \hbox (badness 10000) in paragraph at lines 82--82
\OT1/cmr/m/n/12 ta-zio-ne
 []


Underfull \hbox (badness 10000) in paragraph at lines 82--82
\OT1/cmr/m/n/12 sot-to-for-ma
 []


Underfull \hbox (badness 10000) in paragraph at lines 84--84
[]|\OT1/cmr/m/n/12 Funzionale
 []


Underfull \hbox (badness 10000) in paragraph at lines 84--84
[]|\OT1/cmr/m/n/12 L'utente
 []


Underfull \hbox (badness 10000) in paragraph at lines 84--84
\OT1/cmr/m/n/12 con-di-vi-
 []


Underfull \hbox (badness 10000) in paragraph at lines 84--84
\OT1/cmr/m/n/12 de-re una
 []


Underfull \hbox (badness 10000) in paragraph at lines 84--84
\OT1/cmr/m/n/12 pro-pria
 []


Underfull \hbox (badness 10000) in paragraph at lines 84--84
\OT1/cmr/m/n/12 pre-sen-
 []


Underfull \hbox (badness 10000) in paragraph at lines 84--84
\OT1/cmr/m/n/12 ta-zio-ne
 []


Underfull \hbox (badness 10000) in paragraph at lines 84--84
\OT1/cmr/m/n/12 tra-mi-te
 []


Overfull \hbox (163.95013pt too wide) in alignment at lines 45--85
 [] [] [] [] 
 []

File: ../logo/logo404.png Graphic file (type png)
<use ../logo/logo404.png>
Package pdftex.def Info: ../logo/logo404.png used on input line 85.
(pdftex.def)             Requested size: 85.35826pt x 33.42316pt.
 [39]
File: ../logo/logo404.png Graphic file (type png)
 <use ../logo/logo404.png>
Package pdftex.def Info: ../logo/logo404.png used on input line 85.
(pdftex.def)             Requested size: 85.35826pt x 33.42316pt.
 [40]
Underfull \hbox (badness 10000) in paragraph at lines 86--86
[]|\OT1/cmr/m/n/12 Funzionale
 []


Overfull \hbox (7.71883pt too wide) in paragraph at lines 86--86
[]|\OT1/cmr/m/n/12 Obbligatorio| 
 []


Underfull \hbox (badness 10000) in paragraph at lines 88--88
[]|\OT1/cmr/m/n/12 Funzionale
 []


Underfull \hbox (badness 10000) in paragraph at lines 88--88
[]|\OT1/cmr/m/n/12 Il si-ste-
 []


Underfull \hbox (badness 10000) in paragraph at lines 88--88
\OT1/cmr/m/n/12 ma de-ve
 []


Underfull \hbox (badness 10000) in paragraph at lines 88--88
\OT1/cmr/m/n/12 av-ver-ti-re
 []


Underfull \hbox (badness 10000) in paragraph at lines 88--88
\OT1/cmr/m/n/12 l'u-ten-
 []


Underfull \hbox (badness 7379) in paragraph at lines 88--88
\OT1/cmr/m/n/12 te di un
 []


Underfull \hbox (badness 10000) in paragraph at lines 88--88
\OT1/cmr/m/n/12 even-tua-le
 []


Overfull \hbox (163.95013pt too wide) in alignment at lines 85--91
 [] [] [] [] 
 []

File: ../logo/logo404.png Graphic file (type png)
<use ../logo/logo404.png>
Package pdftex.def Info: ../logo/logo404.png used on input line 91.
(pdftex.def)             Requested size: 85.35826pt x 33.42316pt.
 [41]
File: ../logo/logo404.png Graphic file (type png)
 <use ../logo/logo404.png>
Package pdftex.def Info: ../logo/logo404.png used on input line 91.
(pdftex.def)             Requested size: 85.35826pt x 33.42316pt.
 [42]
File: ../logo/logo404.png Graphic file (type png)

<use ../logo/logo404.png>
Package pdftex.def Info: ../logo/logo404.png used on input line 91.
(pdftex.def)             Requested size: 85.35826pt x 33.42316pt.
 [43]
File: ../logo/logo404.png Graphic file (type png)
 <use ../logo/logo404.png>
Package pdftex.def Info: ../logo/logo404.png used on input line 91.
(pdftex.def)             Requested size: 85.35826pt x 33.42316pt.
 [44]
File: ../logo/logo404.png Graphic file (type png)

<use ../logo/logo404.png>
Package pdftex.def Info: ../logo/logo404.png used on input line 91.
(pdftex.def)             Requested size: 85.35826pt x 33.42316pt.
 [45]
File: ../logo/logo404.png Graphic file (type png)
 <use ../logo/logo404.png>
Package pdftex.def Info: ../logo/logo404.png used on input line 91.
(pdftex.def)             Requested size: 85.35826pt x 33.42316pt.
 [46]
Underfull \vbox (badness 10000) detected at line 99
 []


Underfull \vbox (badness 10000) detected at line 107
 []


Underfull \vbox (badness 10000) detected at line 115
 []


Overfull \hbox (11.91275pt too wide) in alignment at lines 118--159
 [] [] 
 []


Underfull \vbox (badness 10000) detected at line 159
 []


Overfull \hbox (11.91275pt too wide) in alignment at lines 159--199
 [] [] 
 []


Overfull \hbox (11.91275pt too wide) in alignment at lines 199--205
 [] [] 
 []

File: ../logo/logo404.png Graphic file (type png)
<use ../logo/logo404.png>
Package pdftex.def Info: ../logo/logo404.png used on input line 205.
(pdftex.def)             Requested size: 85.35826pt x 33.42316pt.
 [47]
Underfull \vbox (badness 10000) detected at line 248
 []

File: ../logo/logo404.png Graphic file (type png)
<use ../logo/logo404.png>
Package pdftex.def Info: ../logo/logo404.png used on input line 328.
(pdftex.def)             Requested size: 85.35826pt x 33.42316pt.
 [48]
File: ../logo/logo404.png Graphic file (type png)
 <use ../logo/logo404.png>
Package pdftex.def Info: ../logo/logo404.png used on input line 396.
(pdftex.def)             Requested size: 85.35826pt x 33.42316pt.
 [49])
File: ../logo/logo404.png Graphic file (type png)

<use ../logo/logo404.png>
Package pdftex.def Info: ../logo/logo404.png used on input line 37.
(pdftex.def)             Requested size: 85.35826pt x 33.42316pt.
 [50]
No file AnalisiDeiRequisiti_v0.1.bbl.

AED: lastpage setting LastPage
Package atveryend Info: Empty hook `BeforeClearDocument' on input line 40.
Package atveryend Info: Empty hook `AfterLastShipout' on input line 40.
(./AnalisiDeiRequisiti_v0.1.aux)
Package atveryend Info: Executing hook `AtVeryEndDocument' on input line 40.
Package atveryend Info: Executing hook `AtEndAfterFileList' on input line 40.
Package rerunfilecheck Info: File `AnalisiDeiRequisiti_v0.1.out' has not change
d.
(rerunfilecheck)             Checksum: 2C9EC00D2218F09FDFC4EC59A2650CB5;9116.


LaTeX Warning: Label(s) may have changed. Rerun to get cross-references right.

 ) 
Here is how much of TeX's memory you used:
 11100 strings out of 493304
 163449 string characters out of 6139871
 288901 words of memory out of 5000000
 14100 multiletter control sequences out of 15000+600000
 9799 words of font info for 34 fonts, out of 8000000 for 9000
 957 hyphenation exceptions out of 8191
 43i,16n,47p,840b,489s stack positions out of 5000i,500n,10000p,200000b,80000s
{/usr/share/texmf/fonts/enc/dvips/cm-super/cm-super-ts1.enc}</usr/share/texli
ve/texmf-dist/fonts/type1/public/amsfonts/cm/cmbx12.pfb></usr/share/texlive/tex
mf-dist/fonts/type1/public/amsfonts/cm/cmmi10.pfb></usr/share/texlive/texmf-dis
t/fonts/type1/public/amsfonts/cm/cmmi8.pfb></usr/share/texlive/texmf-dist/fonts
/type1/public/amsfonts/cm/cmr12.pfb></usr/share/texlive/texmf-dist/fonts/type1/
public/amsfonts/cm/cmsy10.pfb></usr/share/texlive/texmf-dist/fonts/type1/public
/amsfonts/cm/cmti12.pfb></usr/share/texmf/fonts/type1/public/cm-super/sfrm1200.
pfb>
Output written on AnalisiDeiRequisiti_v0.1.pdf (51 pages, 975898 bytes).
PDF statistics:
 1124 PDF objects out of 1200 (max. 8388607)
 1009 compressed objects within 11 object streams
 277 named destinations out of 1000 (max. 500000)
 1020 words of extra memory for PDF output out of 10000 (max. 10000000)

