This is pdfTeX, Version 3.1415926-1.40.10 (TeX Live 2009/Debian) (format=pdflatex 2014.3.23)  27 MAY 2015 12:45
entering extended mode
 %&-line parsing enabled.
**AnalisiDeiRequisiti_v2.0.tex
(./AnalisiDeiRequisiti_v2.0.tex
LaTeX2e <2009/09/24>
Babel <v3.8l> and hyphenation patterns for english, usenglishmax, dumylang, noh
yphenation, farsi, arabic, croatian, bulgarian, ukrainian, russian, czech, slov
ak, danish, dutch, finnish, french, basque, ngerman, german, german-x-2009-06-1
9, ngerman-x-2009-06-19, ibycus, monogreek, greek, ancientgreek, hungarian, san
skrit, italian, latin, latvian, lithuanian, mongolian2a, mongolian, bokmal, nyn
orsk, romanian, irish, coptic, serbian, turkish, welsh, esperanto, uppersorbian
, estonian, indonesian, interlingua, icelandic, kurmanji, slovenian, polish, po
rtuguese, spanish, galician, catalan, swedish, ukenglish, pinyin, loaded.
(/usr/share/texmf-texlive/tex/latex/base/article.cls
Document Class: article 2007/10/19 v1.4h Standard LaTeX document class
(/usr/share/texmf-texlive/tex/latex/base/size12.clo
File: size12.clo 2007/10/19 v1.4h Standard LaTeX file (size option)
)
\c@part=\count79
\c@section=\count80
\c@subsection=\count81
\c@subsubsection=\count82
\c@paragraph=\count83
\c@subparagraph=\count84
\c@figure=\count85
\c@table=\count86
\abovecaptionskip=\skip41
\belowcaptionskip=\skip42
\bibindent=\dimen102
) (../style.sty
(/var/lib/texmf/tex/generic/babel/babel.sty
Package: babel 2008/07/06 v3.8l The Babel package

(/usr/share/texmf-texlive/tex/generic/babel/italian.ldf
Language: italian 2008/03/14 v1.2t Italian support from the babel system

(/usr/share/texmf-texlive/tex/generic/babel/babel.def
File: babel.def 2008/07/06 v3.8l Babel common definitions
\babel@savecnt=\count87
\U@D=\dimen103
)
Package babel Info: Making " an active character on input line 94.
))
(/usr/share/texmf-texlive/tex/latex/base/inputenc.sty
Package: inputenc 2008/03/30 v1.1d Input encoding file
\inpenc@prehook=\toks14
\inpenc@posthook=\toks15

(/usr/share/texmf-texlive/tex/latex/ucs/utf8x.def
File: utf8x.def 2004/10/17 UCS: Input encoding UTF-8
))
(/usr/share/texmf-texlive/tex/latex/ucs/ucs.sty
Package: ucs 2004/10/17 UCS: Unicode input support

(/usr/share/texmf-texlive/tex/latex/ucs/data/uni-global.def
File: uni-global.def 2004/10/17 UCS: Unicode global data
)
\uc@secondtry=\count88
\uc@combtoks=\toks16
\uc@combtoksb=\toks17
\uc@temptokena=\toks18
)
(/usr/share/texmf-texlive/tex/latex/ltxmisc/url.sty
\Urlmuskip=\muskip10
Package: url 2006/04/12  ver 3.3  Verb mode for urls, etc.
)
(/usr/share/texmf-texlive/tex/latex/listings/listings.sty
(/usr/share/texmf-texlive/tex/latex/graphics/keyval.sty
Package: keyval 1999/03/16 v1.13 key=value parser (DPC)
\KV@toks@=\toks19
)
\lst@mode=\count89
\lst@gtempboxa=\box26
\lst@token=\toks20
\lst@length=\count90
\lst@currlwidth=\dimen104
\lst@column=\count91
\lst@pos=\count92
\lst@lostspace=\dimen105
\lst@width=\dimen106
\lst@newlines=\count93
\lst@lineno=\count94
\lst@maxwidth=\dimen107

(/usr/share/texmf-texlive/tex/latex/listings/lstmisc.sty
File: lstmisc.sty 2007/02/22 1.4 (Carsten Heinz)
\c@lstnumber=\count95
\lst@skipnumbers=\count96
\lst@framebox=\box27
)
(/usr/share/texmf-texlive/tex/latex/listings/listings.cfg
File: listings.cfg 2007/02/22 1.4 listings configuration
))
Package: listings 2007/02/22 1.4 (Carsten Heinz)

(/usr/share/texmf-texlive/tex/latex/caption/caption.sty
Package: caption 2009/10/09 v3.1k Customizing captions (AR)

(/usr/share/texmf-texlive/tex/latex/caption/caption3.sty
Package: caption3 2009/10/09 v3.1k caption3 kernel (AR)
\captionmargin=\dimen108
\captionmargin@=\dimen109
\captionwidth=\dimen110
\caption@indent=\dimen111
\caption@parindent=\dimen112
\caption@hangindent=\dimen113
)
\c@ContinuedFloat=\count97
Package caption Info: listings package is loaded.
)
(/usr/share/texmf-texlive/tex/latex/subfigure/subfigure.sty
Package: subfigure 2002/03/15 v2.1.5 subfigure package
\subfigtopskip=\skip43
\subfigcapskip=\skip44
\subfigcaptopadj=\dimen114
\subfigbottomskip=\skip45
\subfigcapmargin=\dimen115
\subfiglabelskip=\skip46
\c@subfigure=\count98
\c@lofdepth=\count99
\c@subtable=\count100
\c@lotdepth=\count101

****************************************
* Local config file subfigure.cfg used *
****************************************
(/usr/share/texmf-texlive/tex/latex/subfigure/subfigure.cfg)
\subfig@top=\skip47
\subfig@bottom=\skip48
)
(/usr/share/texmf-texlive/tex/latex/graphics/color.sty
Package: color 2005/11/14 v1.0j Standard LaTeX Color (DPC)

(/etc/texmf/tex/latex/config/color.cfg
File: color.cfg 2007/01/18 v1.5 color configuration of teTeX/TeXLive
)
Package color Info: Driver file: pdftex.def on input line 130.

(/usr/share/texmf-texlive/tex/latex/pdftex-def/pdftex.def
File: pdftex.def 2010/03/12 v0.04p Graphics/color for pdfTeX
\Gread@gobject=\count102
))
(/usr/share/texmf-texlive/tex/latex/lastpage/lastpage.sty
Package: lastpage 1994/06/25 v0.1b LaTeX2e package for refs to last page number
 (JPG)
)
(/usr/share/texmf-texlive/tex/latex/base/textcomp.sty
Package: textcomp 2005/09/27 v1.99g Standard LaTeX package
Package textcomp Info: Sub-encoding information:
(textcomp)               5 = only ISO-Adobe without \textcurrency
(textcomp)               4 = 5 + \texteuro
(textcomp)               3 = 4 + \textohm
(textcomp)               2 = 3 + \textestimated + \textcurrency
(textcomp)               1 = TS1 - \textcircled - \t
(textcomp)               0 = TS1 (full)
(textcomp)             Font families with sub-encoding setting implement
(textcomp)             only a restricted character set as indicated.
(textcomp)             Family '?' is the default used for unknown fonts.
(textcomp)             See the documentation for details.
Package textcomp Info: Setting ? sub-encoding to TS1/1 on input line 71.

(/usr/share/texmf-texlive/tex/latex/base/ts1enc.def
File: ts1enc.def 2001/06/05 v3.0e (jk/car/fm) Standard LaTeX file
)
LaTeX Info: Redefining \oldstylenums on input line 266.
Package textcomp Info: Setting cmr sub-encoding to TS1/0 on input line 281.
Package textcomp Info: Setting cmss sub-encoding to TS1/0 on input line 282.
Package textcomp Info: Setting cmtt sub-encoding to TS1/0 on input line 283.
Package textcomp Info: Setting cmvtt sub-encoding to TS1/0 on input line 284.
Package textcomp Info: Setting cmbr sub-encoding to TS1/0 on input line 285.
Package textcomp Info: Setting cmtl sub-encoding to TS1/0 on input line 286.
Package textcomp Info: Setting ccr sub-encoding to TS1/0 on input line 287.
Package textcomp Info: Setting ptm sub-encoding to TS1/4 on input line 288.
Package textcomp Info: Setting pcr sub-encoding to TS1/4 on input line 289.
Package textcomp Info: Setting phv sub-encoding to TS1/4 on input line 290.
Package textcomp Info: Setting ppl sub-encoding to TS1/3 on input line 291.
Package textcomp Info: Setting pag sub-encoding to TS1/4 on input line 292.
Package textcomp Info: Setting pbk sub-encoding to TS1/4 on input line 293.
Package textcomp Info: Setting pnc sub-encoding to TS1/4 on input line 294.
Package textcomp Info: Setting pzc sub-encoding to TS1/4 on input line 295.
Package textcomp Info: Setting bch sub-encoding to TS1/4 on input line 296.
Package textcomp Info: Setting put sub-encoding to TS1/5 on input line 297.
Package textcomp Info: Setting uag sub-encoding to TS1/5 on input line 298.
Package textcomp Info: Setting ugq sub-encoding to TS1/5 on input line 299.
Package textcomp Info: Setting ul8 sub-encoding to TS1/4 on input line 300.
Package textcomp Info: Setting ul9 sub-encoding to TS1/4 on input line 301.
Package textcomp Info: Setting augie sub-encoding to TS1/5 on input line 302.
Package textcomp Info: Setting dayrom sub-encoding to TS1/3 on input line 303.
Package textcomp Info: Setting dayroms sub-encoding to TS1/3 on input line 304.

Package textcomp Info: Setting pxr sub-encoding to TS1/0 on input line 305.
Package textcomp Info: Setting pxss sub-encoding to TS1/0 on input line 306.
Package textcomp Info: Setting pxtt sub-encoding to TS1/0 on input line 307.
Package textcomp Info: Setting txr sub-encoding to TS1/0 on input line 308.
Package textcomp Info: Setting txss sub-encoding to TS1/0 on input line 309.
Package textcomp Info: Setting txtt sub-encoding to TS1/0 on input line 310.
Package textcomp Info: Setting futs sub-encoding to TS1/4 on input line 311.
Package textcomp Info: Setting futx sub-encoding to TS1/4 on input line 312.
Package textcomp Info: Setting futj sub-encoding to TS1/4 on input line 313.
Package textcomp Info: Setting hlh sub-encoding to TS1/3 on input line 314.
Package textcomp Info: Setting hls sub-encoding to TS1/3 on input line 315.
Package textcomp Info: Setting hlst sub-encoding to TS1/3 on input line 316.
Package textcomp Info: Setting hlct sub-encoding to TS1/5 on input line 317.
Package textcomp Info: Setting hlx sub-encoding to TS1/5 on input line 318.
Package textcomp Info: Setting hlce sub-encoding to TS1/5 on input line 319.
Package textcomp Info: Setting hlcn sub-encoding to TS1/5 on input line 320.
Package textcomp Info: Setting hlcw sub-encoding to TS1/5 on input line 321.
Package textcomp Info: Setting hlcf sub-encoding to TS1/5 on input line 322.
Package textcomp Info: Setting pplx sub-encoding to TS1/3 on input line 323.
Package textcomp Info: Setting pplj sub-encoding to TS1/3 on input line 324.
Package textcomp Info: Setting ptmx sub-encoding to TS1/4 on input line 325.
Package textcomp Info: Setting ptmj sub-encoding to TS1/4 on input line 326.
)
(/usr/share/texmf-texlive/tex/latex/fancyhdr/fancyhdr.sty
\fancy@headwidth=\skip49
\f@ncyO@elh=\skip50
\f@ncyO@erh=\skip51
\f@ncyO@olh=\skip52
\f@ncyO@orh=\skip53
\f@ncyO@elf=\skip54
\f@ncyO@erf=\skip55
\f@ncyO@olf=\skip56
\f@ncyO@orf=\skip57
)
(/usr/share/texmf-texlive/tex/latex/geometry/geometry.sty
Package: geometry 2008/12/21 v4.2 Page Geometry

(/usr/share/texmf-texlive/tex/generic/oberdiek/ifpdf.sty
Package: ifpdf 2009/04/10 v2.0 Provides the ifpdf switch (HO)
Package ifpdf Info: pdfTeX in pdf mode detected.
)
(/usr/share/texmf-texlive/tex/generic/oberdiek/ifvtex.sty
Package: ifvtex 2008/11/04 v1.4 Switches for detecting VTeX and its modes (HO)
Package ifvtex Info: VTeX not detected.
)
\Gm@cnth=\count103
\Gm@cntv=\count104
\c@Gm@tempcnt=\count105
\Gm@bindingoffset=\dimen116
\Gm@wd@mp=\dimen117
\Gm@odd@mp=\dimen118
\Gm@even@mp=\dimen119
\Gm@dimlist=\toks21

(/usr/share/texmf-texlive/tex/xelatex/xetexconfig/geometry.cfg))
(/usr/share/texmf-texlive/tex/latex/graphics/graphicx.sty
Package: graphicx 1999/02/16 v1.0f Enhanced LaTeX Graphics (DPC,SPQR)

(/usr/share/texmf-texlive/tex/latex/graphics/graphics.sty
Package: graphics 2009/02/05 v1.0o Standard LaTeX Graphics (DPC,SPQR)

(/usr/share/texmf-texlive/tex/latex/graphics/trig.sty
Package: trig 1999/03/16 v1.09 sin cos tan (DPC)
)
(/etc/texmf/tex/latex/config/graphics.cfg
File: graphics.cfg 2009/08/28 v1.8 graphics configuration of TeX Live
)
Package graphics Info: Driver file: pdftex.def on input line 91.
)
\Gin@req@height=\dimen120
\Gin@req@width=\dimen121
)
(/usr/share/texmf-texlive/tex/latex/hyperref/hyperref.sty
Package: hyperref 2009/10/09 v6.79a Hypertext links for LaTeX

(/usr/share/texmf-texlive/tex/generic/ifxetex/ifxetex.sty
Package: ifxetex 2009/01/23 v0.5 Provides ifxetex conditional
)
(/usr/share/texmf-texlive/tex/latex/oberdiek/hycolor.sty
Package: hycolor 2009/10/02 v1.5 Code for color options of hyperref/bookmark (H
O)

(/usr/share/texmf-texlive/tex/latex/oberdiek/xcolor-patch.sty
Package: xcolor-patch 2009/10/02 xcolor patch
))
\@linkdim=\dimen122
\Hy@linkcounter=\count106
\Hy@pagecounter=\count107

(/usr/share/texmf-texlive/tex/latex/hyperref/pd1enc.def
File: pd1enc.def 2009/10/09 v6.79a Hyperref: PDFDocEncoding definition (HO)
)
(/usr/share/texmf-texlive/tex/generic/oberdiek/etexcmds.sty
Package: etexcmds 2007/12/12 v1.2 Prefix for e-TeX command names (HO)

(/usr/share/texmf-texlive/tex/generic/oberdiek/infwarerr.sty
Package: infwarerr 2007/09/09 v1.2 Providing info/warning/message (HO)
)
Package etexcmds Info: Could not find \expanded.
(etexcmds)             That can mean that you are not using pdfTeX 1.50 or
(etexcmds)             that some package has redefined \expanded.
(etexcmds)             In the latter case, load this package earlier.
)
(/usr/share/texmf-texlive/tex/latex/latexconfig/hyperref.cfg
File: hyperref.cfg 2002/06/06 v1.2 hyperref configuration of TeXLive
)
(/usr/share/texmf-texlive/tex/latex/oberdiek/kvoptions.sty
Package: kvoptions 2009/08/13 v3.4 Keyval support for LaTeX options (HO)

(/usr/share/texmf-texlive/tex/generic/oberdiek/kvsetkeys.sty
Package: kvsetkeys 2009/07/30 v1.5 Key value parser with default handler suppor
t (HO)
))
Package hyperref Info: Option `colorlinks' set `true' on input line 2864.
Package hyperref Info: Hyper figures OFF on input line 2975.
Package hyperref Info: Link nesting OFF on input line 2980.
Package hyperref Info: Hyper index ON on input line 2983.
Package hyperref Info: Plain pages OFF on input line 2990.
Package hyperref Info: Backreferencing OFF on input line 2995.

Implicit mode ON; LaTeX internals redefined
Package hyperref Info: Bookmarks ON on input line 3191.
LaTeX Info: Redefining \url on input line 3428.
(/usr/share/texmf-texlive/tex/generic/oberdiek/bitset.sty
Package: bitset 2007/09/28 v1.0 Data type bit set (HO)

(/usr/share/texmf-texlive/tex/generic/oberdiek/intcalc.sty
Package: intcalc 2007/09/27 v1.1 Expandable integer calculations (HO)
)
(/usr/share/texmf-texlive/tex/generic/oberdiek/bigintcalc.sty
Package: bigintcalc 2007/11/11 v1.1 Expandable big integer calculations (HO)

(/usr/share/texmf-texlive/tex/generic/oberdiek/pdftexcmds.sty
Package: pdftexcmds 2009/09/23 v0.6 LuaTeX support for pdfTeX utility functions
 (HO)

(/usr/share/texmf-texlive/tex/generic/oberdiek/ifluatex.sty
Package: ifluatex 2009/04/17 v1.2 Provides the ifluatex switch (HO)
Package ifluatex Info: LuaTeX not detected.
)
(/usr/share/texmf-texlive/tex/generic/oberdiek/ltxcmds.sty
Package: ltxcmds 2009/08/05 v1.0 Some LaTeX kernel commands for general use (HO
)
)
Package pdftexcmds Info: LuaTeX not detected.
Package pdftexcmds Info: \pdf@primitive is available.
Package pdftexcmds Info: \pdf@ifprimitive is available.
)))
\Fld@menulength=\count108
\Field@Width=\dimen123
\Fld@charsize=\dimen124
\Field@toks=\toks22
Package hyperref Info: Hyper figures OFF on input line 4377.
Package hyperref Info: Link nesting OFF on input line 4382.
Package hyperref Info: Hyper index ON on input line 4385.
Package hyperref Info: backreferencing OFF on input line 4392.
Package hyperref Info: Link coloring ON on input line 4395.
Package hyperref Info: Link coloring with OCG OFF on input line 4402.
Package hyperref Info: PDF/A mode OFF on input line 4407.

(/usr/share/texmf-texlive/tex/generic/oberdiek/atbegshi.sty
Package: atbegshi 2008/07/31 v1.9 At begin shipout hook (HO)
)
\Hy@abspage=\count109
\c@Item=\count110
\c@Hfootnote=\count111
)
*hyperref using default driver hpdftex*
(/usr/share/texmf-texlive/tex/latex/hyperref/hpdftex.def
File: hpdftex.def 2009/10/09 v6.79a Hyperref driver for pdfTeX
\Fld@listcount=\count112
)
(/usr/share/texmf-texlive/tex/latex/base/makeidx.sty
Package: makeidx 2000/03/29 v1.0m Standard LaTeX package
)
(/usr/share/texmf-texlive/tex/latex/tools/longtable.sty
Package: longtable 2004/02/01 v4.11 Multi-page Table package (DPC)
\LTleft=\skip58
\LTright=\skip59
\LTpre=\skip60
\LTpost=\skip61
\LTchunksize=\count113
\LTcapwidth=\dimen125
\LT@head=\box28
\LT@firsthead=\box29
\LT@foot=\box30
\LT@lastfoot=\box31
\LT@cols=\count114
\LT@rows=\count115
\c@LT@tables=\count116
\c@LT@chunks=\count117
\LT@p@ftn=\toks23
)
Package hyperref Info: Option `colorlinks' set `true' on input line 88.
)
(./AnalisiDeiRequisiti_v2.0.aux)
\openout1 = `AnalisiDeiRequisiti_v2.0.aux'.

LaTeX Font Info:    Checking defaults for OML/cmm/m/it on input line 22.
LaTeX Font Info:    ... okay on input line 22.
LaTeX Font Info:    Checking defaults for T1/cmr/m/n on input line 22.
LaTeX Font Info:    ... okay on input line 22.
LaTeX Font Info:    Checking defaults for OT1/cmr/m/n on input line 22.
LaTeX Font Info:    ... okay on input line 22.
LaTeX Font Info:    Checking defaults for OMS/cmsy/m/n on input line 22.
LaTeX Font Info:    ... okay on input line 22.
LaTeX Font Info:    Checking defaults for OMX/cmex/m/n on input line 22.
LaTeX Font Info:    ... okay on input line 22.
LaTeX Font Info:    Checking defaults for U/cmr/m/n on input line 22.
LaTeX Font Info:    ... okay on input line 22.
LaTeX Font Info:    Checking defaults for LGR/cmr/m/n on input line 22.
LaTeX Font Info:    Try loading font information for LGR+cmr on input line 22.

(/usr/share/texmf-texlive/tex/latex/cbfonts/lgrcmr.fd
File: lgrcmr.fd 2008/01/04 v1.0 Greek Computer Modern
)
LaTeX Font Info:    ... okay on input line 22.
LaTeX Font Info:    Checking defaults for TS1/cmr/m/n on input line 22.
LaTeX Font Info:    Try loading font information for TS1+cmr on input line 22.

(/usr/share/texmf-texlive/tex/latex/base/ts1cmr.fd
File: ts1cmr.fd 1999/05/25 v2.5h Standard LaTeX font definitions
)
LaTeX Font Info:    ... okay on input line 22.
LaTeX Font Info:    Checking defaults for PD1/pdf/m/n on input line 22.
LaTeX Font Info:    ... okay on input line 22.

(/usr/share/texmf-texlive/tex/latex/ucs/ucsencs.def
File: ucsencs.def 2003/11/29 Fixes to fontencodings LGR, T3

fontencoding LGR patched
)
\c@lstlisting=\count118
Package caption Info: Begin \AtBeginDocument code.
Package caption Info: hyperref package is loaded.
Package caption Info: longtable package is loaded.
 (/usr/share/texmf-texlive/tex/latex/caption/ltcaption.sty
Package: ltcaption 2008/03/28 v1.2 longtable captions (AR)
)
Package caption Info: subfigure package is loaded.
Package caption Info: End \AtBeginDocument code.

(/usr/share/texmf-texlive/tex/context/base/supp-pdf.mkii
[Loading MPS to PDF converter (version 2006.09.02).]
\scratchcounter=\count119
\scratchdimen=\dimen126
\scratchbox=\box32
\nofMPsegments=\count120
\nofMParguments=\count121
\everyMPshowfont=\toks24
\MPscratchCnt=\count122
\MPscratchDim=\dimen127
\MPnumerator=\count123
\everyMPtoPDFconversion=\toks25
)
*geometry auto-detecting driver*
*geometry detected driver: pdftex*
-------------------- Geometry parameters
paper: a4paper
landscape: --
twocolumn: --
twoside: --
asymmetric: --
h-parts: 80.0pt, 437.50787pt, 80.0pt
v-parts: 42.67912pt, 688.5567pt, 113.81102pt
hmarginratio: --
vmarginratio: --
lines: --
heightrounded: --
bindingoffset: 0.0pt
truedimen: --
includehead: --
includefoot: --
includemp: --
driver: pdftex
-------------------- Page layout dimensions and switches
\paperwidth  597.50787pt
\paperheight 845.04684pt
\textwidth  437.50787pt
\textheight 688.5567pt
\oddsidemargin  7.73001pt
\evensidemargin 7.73001pt
\topmargin  -66.59087pt
\headheight 56.9055pt
\headsep    25.0pt
\footskip   30.0pt
\marginparwidth 35.0pt
\marginparsep   10.0pt
\columnsep  10.0pt
\skip\footins  10.8pt plus 4.0pt minus 2.0pt
\hoffset 0.0pt
\voffset 0.0pt
\mag 1000

(1in=72.27pt, 1cm=28.45pt)
-----------------------
Package hyperref Info: Link coloring ON on input line 22.
(/usr/share/texmf-texlive/tex/latex/hyperref/nameref.sty
Package: nameref 2007/05/29 v2.31 Cross-referencing by name of section

(/usr/share/texmf-texlive/tex/latex/oberdiek/refcount.sty
Package: refcount 2008/08/11 v3.1 Data extraction from references (HO)
)
\c@section@level=\count124
)
LaTeX Info: Redefining \ref on input line 22.
LaTeX Info: Redefining \pageref on input line 22.

(./AnalisiDeiRequisiti_v2.0.out) (./AnalisiDeiRequisiti_v2.0.out)
\@outlinefile=\write3
\openout3 = `AnalisiDeiRequisiti_v2.0.out'.

\AtBeginShipoutBox=\box33

(./documents/first.tex
<../logo/logo404_Extends.png, id=451, 1027.84pt x 433.62pt>
File: ../logo/logo404_Extends.png Graphic file (type png)

<use ../logo/logo404_Extends.png>
LaTeX Font Info:    External font `cmex10' loaded for size
(Font)              <12> on input line 27.
LaTeX Font Info:    External font `cmex10' loaded for size
(Font)              <8> on input line 27.
LaTeX Font Info:    External font `cmex10' loaded for size
(Font)              <6> on input line 27.
 [1

{/var/lib/texmf/fonts/map/pdftex/updmap/pdftex.map} <../logo/logo404_Extends.pn
g (PNG copy)>])
(./documents/regModifiche.tex
Underfull \hbox (badness 5862) in paragraph at lines 17--18
[]|\OT1/cmr/m/n/12 Inserimento ul-ti-mi ter-mi-ni da
 []


Underfull \hbox (badness 5862) in paragraph at lines 27--28
[]|\OT1/cmr/m/n/12 Inserimento ul-ti-mi ter-mi-ni da
 []


Underfull \vbox (badness 10000) detected at line 44
 []

) <../logo/logo404.png, id=460, 1027.84pt x 402.50375pt>
File: ../logo/logo404.png Graphic file (type png)

<use ../logo/logo404.png>pdfTeX warning (ext4): destination with the same ident
ifier (name{page.1}) has been already used, duplicate ignored
<to be read again> 
                   \relax 
l.26 \newpage
              [1 <../logo/logo404.png (PNG copy)>]
(./AnalisiDeiRequisiti_v2.0.toc
File: ../logo/logo404.png Graphic file (type png)
 <use ../logo/logo404.png> [2]
File: ../logo/logo404.png Graphic file (type png)

<use ../logo/logo404.png> [3])
\tf@toc=\write4
\openout4 = `AnalisiDeiRequisiti_v2.0.toc'.

File: ../logo/logo404.png Graphic file (type png)
 <use ../logo/logo404.png> [4]
(./AnalisiDeiRequisiti_v2.0.lot)
\tf@lot=\write5
\openout5 = `AnalisiDeiRequisiti_v2.0.lot'.

 (./AnalisiDeiRequisiti_v2.0.lof)
\tf@lof=\write6
\openout6 = `AnalisiDeiRequisiti_v2.0.lof'.

File: ../logo/logo404.png Graphic file (type png)

<use ../logo/logo404.png> [5] (./documents/intro.tex
(/usr/share/texmf-texlive/tex/latex/ucs/data/uni-0.def
File: uni-0.def 2004/10/17 UCS: Unicode data U+0000..U+00FF
)
(/usr/share/texmf-texlive/tex/latex/ucs/data/uni-32.def
File: uni-32.def 2004/10/17 UCS: Unicode data U+2000..U+20FF
)
Overfull \hbox (0.65425pt too wide) in paragraph at lines 18--20
\OT1/cmr/m/n/12 Verbale de-ri-va-to dal-l'in-con-tro con il Pro-po-nen-te in da
-ta 2014-12-18 (Verbale2014-
 []

) (./documents/descrizione.tex
File: ../logo/logo404.png Graphic file (type png)
 <use ../logo/logo404.png> [6])
(./documents/casi_uso.tex <diagram/UC1.png, id=671, 498.36188pt x 308.65312pt>
File: diagram/UC1.png Graphic file (type png)

<use diagram/UC1.png>
File: ../logo/logo404.png Graphic file (type png)
 <use ../logo/logo404.png> [7]
File: ../logo/logo404.png Graphic file (type png)
 <use ../logo/logo404.png>
[8 <./diagram/UC1.png>] <diagram/UC3.png, id=687, 546.54187pt x 630.10406pt>
File: diagram/UC3.png Graphic file (type png)

<use diagram/UC3.png>
File: ../logo/logo404.png Graphic file (type png)
 <use ../logo/logo404.png> [9 <./diagram/UC3.png>]
File: ../logo/logo404.png Graphic file (type png)

<use ../logo/logo404.png> [10]
LaTeX Font Info:    External font `cmex10' loaded for size
(Font)              <14.4> on input line 101.
LaTeX Font Info:    External font `cmex10' loaded for size
(Font)              <7> on input line 101.


Package hyperref Warning: Token not allowed in a PDF string (PDFDocEncoding):
(hyperref)                removing `math shift' on input line 101.


Package hyperref Warning: Token not allowed in a PDF string (PDFDocEncoding):
(hyperref)                removing `subscript' on input line 101.


Package hyperref Warning: Token not allowed in a PDF string (PDFDocEncoding):
(hyperref)                removing `math shift' on input line 101.

<diagram/UC4.png, id=705, 584.1825pt x 737.75626pt>
File: diagram/UC4.png Graphic file (type png)
 <use diagram/UC4.png>

LaTeX Warning: `h' float specifier changed to `ht'.

File: ../logo/logo404.png Graphic file (type png)
<use ../logo/logo404.png> [11]
<diagram/UC4-1.png, id=712, 475.7775pt x 437.38406pt>
File: diagram/UC4-1.png Graphic file (type png)
 <use diagram/UC4-1.png>

LaTeX Warning: `h' float specifier changed to `ht'.

File: ../logo/logo404.png Graphic file (type png)
<use ../logo/logo404.png> [12 <./diagram/UC4.png>]
<diagram/UC4-1-1.png, id=730, 520.94624pt x 461.47406pt>
File: diagram/UC4-1-1.png Graphic file (type png)

<use diagram/UC4-1-1.png>
File: ../logo/logo404.png Graphic file (type png)
 <use ../logo/logo404.png> [13 <./diagram/UC4-1.png> <./diagram/UC4-1-1.png>]
File: ../logo/logo404.png Graphic file (type png)
 <use ../logo/logo404.png> [14]

Package hyperref Warning: Token not allowed in a PDF string (PDFDocEncoding):
(hyperref)                removing `math shift' on input line 218.


Package hyperref Warning: Token not allowed in a PDF string (PDFDocEncoding):
(hyperref)                removing `subscript' on input line 218.


Package hyperref Warning: Token not allowed in a PDF string (PDFDocEncoding):
(hyperref)                removing `math shift' on input line 218.

<diagram/UC4-1-2.png, id=751, 438.13687pt x 224.33812pt>
File: diagram/UC4-1-2.png Graphic file (type png)

<use diagram/UC4-1-2.png>

Package hyperref Warning: Token not allowed in a PDF string (PDFDocEncoding):
(hyperref)                removing `math shift' on input line 236.


Package hyperref Warning: Token not allowed in a PDF string (PDFDocEncoding):
(hyperref)                removing `subscript' on input line 236.


Package hyperref Warning: Token not allowed in a PDF string (PDFDocEncoding):
(hyperref)                removing `math shift' on input line 236.

<diagram/UC4-1-3.png, id=752, 507.39563pt x 394.47375pt>
File: diagram/UC4-1-3.png Graphic file (type png)

<use diagram/UC4-1-3.png>

LaTeX Warning: `h' float specifier changed to `ht'.

File: ../logo/logo404.png Graphic file (type png)
<use ../logo/logo404.png> [15 <./diagram/UC4-1-2.png>]

Package hyperref Warning: Token not allowed in a PDF string (PDFDocEncoding):
(hyperref)                removing `math shift' on input line 270.


Package hyperref Warning: Token not allowed in a PDF string (PDFDocEncoding):
(hyperref)                removing `subscript' on input line 270.


Package hyperref Warning: Token not allowed in a PDF string (PDFDocEncoding):
(hyperref)                removing `math shift' on input line 270.

<diagram/UC4-1-4.png, id=760, 522.45187pt x 258.9675pt>
File: diagram/UC4-1-4.png Graphic file (type png)

<use diagram/UC4-1-4.png>

LaTeX Warning: `h' float specifier changed to `ht'.

File: ../logo/logo404.png Graphic file (type png)
<use ../logo/logo404.png> [16 <./diagram/UC4-1-3.png>]

Package hyperref Warning: Token not allowed in a PDF string (PDFDocEncoding):
(hyperref)                removing `math shift' on input line 288.


Package hyperref Warning: Token not allowed in a PDF string (PDFDocEncoding):
(hyperref)                removing `subscript' on input line 288.


Package hyperref Warning: Token not allowed in a PDF string (PDFDocEncoding):
(hyperref)                removing `math shift' on input line 288.

<diagram/UC4-3.png, id=768, 557.08125pt x 442.65375pt>
File: diagram/UC4-3.png Graphic file (type png)
 <use diagram/UC4-3.png>

LaTeX Warning: `h' float specifier changed to `ht'.

File: ../logo/logo404.png Graphic file (type png)
<use ../logo/logo404.png> [17 <./diagram/UC4-1-4.png>]

Package hyperref Warning: Token not allowed in a PDF string (PDFDocEncoding):
(hyperref)                removing `math shift' on input line 325.


Package hyperref Warning: Token not allowed in a PDF string (PDFDocEncoding):
(hyperref)                removing `subscript' on input line 325.


Package hyperref Warning: Token not allowed in a PDF string (PDFDocEncoding):
(hyperref)                removing `math shift' on input line 325.

<diagram/UC4-3-1.png, id=776, 431.36156pt x 367.3725pt>
File: diagram/UC4-3-1.png Graphic file (type png)

<use diagram/UC4-3-1.png>
File: ../logo/logo404.png Graphic file (type png)
 <use ../logo/logo404.png> [18 <./diagram/UC4-3.png> <./diagram/UC4-3-1.png>]

Package hyperref Warning: Token not allowed in a PDF string (PDFDocEncoding):
(hyperref)                removing `math shift' on input line 345.


Package hyperref Warning: Token not allowed in a PDF string (PDFDocEncoding):
(hyperref)                removing `subscript' on input line 345.


Package hyperref Warning: Token not allowed in a PDF string (PDFDocEncoding):
(hyperref)                removing `math shift' on input line 345.


Package hyperref Warning: Token not allowed in a PDF string (PDFDocEncoding):
(hyperref)                removing `math shift' on input line 353.


Package hyperref Warning: Token not allowed in a PDF string (PDFDocEncoding):
(hyperref)                removing `subscript' on input line 353.


Package hyperref Warning: Token not allowed in a PDF string (PDFDocEncoding):
(hyperref)                removing `math shift' on input line 353.


Package hyperref Warning: Token not allowed in a PDF string (PDFDocEncoding):
(hyperref)                removing `math shift' on input line 361.


Package hyperref Warning: Token not allowed in a PDF string (PDFDocEncoding):
(hyperref)                removing `subscript' on input line 361.


Package hyperref Warning: Token not allowed in a PDF string (PDFDocEncoding):
(hyperref)                removing `math shift' on input line 361.

<diagram/UC4-3-2.png, id=789, 475.7775pt x 446.41782pt>
File: diagram/UC4-3-2.png Graphic file (type png)

<use diagram/UC4-3-2.png>

LaTeX Warning: `h' float specifier changed to `ht'.

File: ../logo/logo404.png Graphic file (type png)
<use ../logo/logo404.png> [19]
File: ../logo/logo404.png Graphic file (type png)
 <use ../logo/logo404.png> [20 <./diagram/UC4-3-2.png>] <diagram/UC4-3-3.png, i
d=807, 481.8pt x 563.85657pt>
File: diagram/UC4-3-3.png Graphic file (type png)

<use diagram/UC4-3-3.png>
File: ../logo/logo404.png Graphic file (type png)
 <use ../logo/logo404.png> [21 <./diagram/UC4-3-3.png>]
File: ../logo/logo404.png Graphic file (type png)
 <use ../logo/logo404.png> [22]

Package hyperref Warning: Token not allowed in a PDF string (PDFDocEncoding):
(hyperref)                removing `math shift' on input line 475.


Package hyperref Warning: Token not allowed in a PDF string (PDFDocEncoding):
(hyperref)                removing `subscript' on input line 475.


Package hyperref Warning: Token not allowed in a PDF string (PDFDocEncoding):
(hyperref)                removing `math shift' on input line 475.

<diagram/UC4-3-4.png, id=824, 449.42906pt x 471.26062pt>
File: diagram/UC4-3-4.png Graphic file (type png)

<use diagram/UC4-3-4.png>
File: ../logo/logo404.png Graphic file (type png)
 <use ../logo/logo404.png> [23 <./diagram/UC4-3-4.png>]

Package hyperref Warning: Token not allowed in a PDF string (PDFDocEncoding):
(hyperref)                removing `math shift' on input line 496.


Package hyperref Warning: Token not allowed in a PDF string (PDFDocEncoding):
(hyperref)                removing `subscript' on input line 496.


Package hyperref Warning: Token not allowed in a PDF string (PDFDocEncoding):
(hyperref)                removing `math shift' on input line 496.


Package hyperref Warning: Token not allowed in a PDF string (PDFDocEncoding):
(hyperref)                removing `math shift' on input line 504.


Package hyperref Warning: Token not allowed in a PDF string (PDFDocEncoding):
(hyperref)                removing `subscript' on input line 504.


Package hyperref Warning: Token not allowed in a PDF string (PDFDocEncoding):
(hyperref)                removing `math shift' on input line 504.


Package hyperref Warning: Token not allowed in a PDF string (PDFDocEncoding):
(hyperref)                removing `math shift' on input line 512.


Package hyperref Warning: Token not allowed in a PDF string (PDFDocEncoding):
(hyperref)                removing `subscript' on input line 512.


Package hyperref Warning: Token not allowed in a PDF string (PDFDocEncoding):
(hyperref)                removing `math shift' on input line 512.


Package hyperref Warning: Token not allowed in a PDF string (PDFDocEncoding):
(hyperref)                removing `math shift' on input line 520.


Package hyperref Warning: Token not allowed in a PDF string (PDFDocEncoding):
(hyperref)                removing `subscript' on input line 520.


Package hyperref Warning: Token not allowed in a PDF string (PDFDocEncoding):
(hyperref)                removing `math shift' on input line 520.

File: ../logo/logo404.png Graphic file (type png)
<use ../logo/logo404.png> [24]
<diagram/UC4-5.png, id=841, 545.78906pt x 410.2828pt>
File: diagram/UC4-5.png Graphic file (type png)
 <use diagram/UC4-5.png>
File: ../logo/logo404.png Graphic file (type png)

<use ../logo/logo404.png> [25 <./diagram/UC4-5.png>]
<diagram/UC4-7.png, id=848, 612.03656pt x 525.46312pt>
File: diagram/UC4-7.png Graphic file (type png)
 <use diagram/UC4-7.png>

LaTeX Warning: `h' float specifier changed to `ht'.

File: ../logo/logo404.png Graphic file (type png)
<use ../logo/logo404.png> [26]
File: ../logo/logo404.png Graphic file (type png)
 <use ../logo/logo404.png> [27 <./diagram/UC4-7.png>]

Package hyperref Warning: Token not allowed in a PDF string (PDFDocEncoding):
(hyperref)                removing `math shift' on input line 618.


Package hyperref Warning: Token not allowed in a PDF string (PDFDocEncoding):
(hyperref)                removing `subscript' on input line 618.


Package hyperref Warning: Token not allowed in a PDF string (PDFDocEncoding):
(hyperref)                removing `math shift' on input line 618.


Package hyperref Warning: Token not allowed in a PDF string (PDFDocEncoding):
(hyperref)                removing `math shift' on input line 626.


Package hyperref Warning: Token not allowed in a PDF string (PDFDocEncoding):
(hyperref)                removing `subscript' on input line 626.


Package hyperref Warning: Token not allowed in a PDF string (PDFDocEncoding):
(hyperref)                removing `math shift' on input line 626.


Package hyperref Warning: Token not allowed in a PDF string (PDFDocEncoding):
(hyperref)                removing `math shift' on input line 634.


Package hyperref Warning: Token not allowed in a PDF string (PDFDocEncoding):
(hyperref)                removing `subscript' on input line 634.


Package hyperref Warning: Token not allowed in a PDF string (PDFDocEncoding):
(hyperref)                removing `math shift' on input line 634.


Package hyperref Warning: Token not allowed in a PDF string (PDFDocEncoding):
(hyperref)                removing `math shift' on input line 642.


Package hyperref Warning: Token not allowed in a PDF string (PDFDocEncoding):
(hyperref)                removing `subscript' on input line 642.


Package hyperref Warning: Token not allowed in a PDF string (PDFDocEncoding):
(hyperref)                removing `math shift' on input line 642.

<diagram/UC4-7-6.png, id=868, 498.36188pt x 331.99031pt>
File: diagram/UC4-7-6.png Graphic file (type png)

<use diagram/UC4-7-6.png>

LaTeX Warning: `h' float specifier changed to `ht'.

File: ../logo/logo404.png Graphic file (type png)
<use ../logo/logo404.png> [28]
<diagram/UC4-8.png, id=874, 477.28313pt x 356.83313pt>
File: diagram/UC4-8.png Graphic file (type png)
 <use diagram/UC4-8.png>

LaTeX Warning: `h' float specifier changed to `ht'.

File: ../logo/logo404.png Graphic file (type png)
<use ../logo/logo404.png> [29 <./diagram/UC4-7-6.png>]
File: ../logo/logo404.png Graphic file (type png)

<use ../logo/logo404.png> [30 <./diagram/UC4-8.png>]
<diagram/UC6.png, id=892, 537.50812pt x 352.31625pt>
File: diagram/UC6.png Graphic file (type png)
 <use diagram/UC6.png>
File: ../logo/logo404.png Graphic file (type png)

<use ../logo/logo404.png> [31 <./diagram/UC6.png>]
File: ../logo/logo404.png Graphic file (type png)
 <use ../logo/logo404.png>
[32] <diagram/UC11.png, id=906, 490.83376pt x 310.15875pt>
File: diagram/UC11.png Graphic file (type png)

<use diagram/UC11.png>
File: ../logo/logo404.png Graphic file (type png)
 <use ../logo/logo404.png> [33 <./diagram/UC11.png>]
<diagram/UC13.png, id=913, 864.22874pt x 436.63126pt>
File: diagram/UC13.png Graphic file (type png)
 <use diagram/UC13.png>

LaTeX Warning: `h' float specifier changed to `ht'.

File: ../logo/logo404.png Graphic file (type png)
<use ../logo/logo404.png> [34]
File: ../logo/logo404.png Graphic file (type png)
 <use ../logo/logo404.png> [35 <./diagram/UC13.png>] <diagram/UC14.png, id=931,
 754.31813pt x 328.22626pt>
File: diagram/UC14.png Graphic file (type png)

<use diagram/UC14.png>
File: ../logo/logo404.png Graphic file (type png)
 <use ../logo/logo404.png> [36 <./diagram/UC14.png>]
<diagram/UC15.png, id=939, 835.62187pt x 447.17062pt>
File: diagram/UC15.png Graphic file (type png)
 <use diagram/UC15.png>

LaTeX Warning: `h' float specifier changed to `ht'.

File: ../logo/logo404.png Graphic file (type png)
<use ../logo/logo404.png> [37]
File: ../logo/logo404.png Graphic file (type png)
 <use ../logo/logo404.png> [38 <./diagram/UC15.png>]) (./documents/requisiti.te
x
Underfull \hbox (badness 10000) in paragraph at lines 9--9
[]|\OT1/cmr/m/n/12 Funzionale
 []


Underfull \hbox (badness 10000) in paragraph at lines 9--10
[]|\OT1/cmr/m/n/12 Capitolato
 []


Underfull \hbox (badness 10000) in paragraph at lines 9--10
\OT1/cmr/m/n/12 UC1
 []


Underfull \hbox (badness 10000) in paragraph at lines 11--11
[]|\OT1/cmr/m/n/12 Funzionale
 []


Underfull \hbox (badness 5787) in paragraph at lines 11--11
[]|\OT1/cmr/m/n/12 l'utente de-ve po-ter sce-
 []


Underfull \hbox (badness 2573) in paragraph at lines 11--11
\OT1/cmr/m/n/12 glie-re un ti-to-lo per una
 []


Underfull \hbox (badness 10000) in paragraph at lines 11--12
[]|\OT1/cmr/m/n/12 UC1
 []


Underfull \hbox (badness 10000) in paragraph at lines 11--12
\OT1/cmr/m/n/12 UC1.1
 []


Underfull \hbox (badness 10000) in paragraph at lines 13--13
[]|\OT1/cmr/m/n/12 Funzionale
 []


Underfull \hbox (badness 2951) in paragraph at lines 13--13
[]|\OT1/cmr/m/n/12 l'utente de-ve po-ter in-se-
 []


Underfull \hbox (badness 1424) in paragraph at lines 13--13
\OT1/cmr/m/n/12 ri-re una de-scri-zio-ne del-la
 []


Underfull \hbox (badness 10000) in paragraph at lines 13--14
[]|\OT1/cmr/m/n/12 UC1.2
 []


Underfull \hbox (badness 10000) in paragraph at lines 15--15
[]|\OT1/cmr/m/n/12 Funzionale
 []


Underfull \hbox (badness 1742) in paragraph at lines 15--15
\OT1/cmr/m/n/12 re li-ve una pre-sen-ta-zio-ne
 []


Underfull \hbox (badness 10000) in paragraph at lines 15--16
[]|\OT1/cmr/m/n/12 UC10
 []


Underfull \hbox (badness 10000) in paragraph at lines 17--17
[]|\OT1/cmr/m/n/12 Funzionale
 []


Underfull \hbox (badness 10000) in paragraph at lines 17--18
[]|\OT1/cmr/m/n/12 UC11
 []


Underfull \hbox (badness 10000) in paragraph at lines 19--19
[]|\OT1/cmr/m/n/12 Funzionale
 []


Underfull \hbox (badness 10000) in paragraph at lines 19--20
[]|\OT1/cmr/m/n/12 UC11
 []


Underfull \hbox (badness 10000) in paragraph at lines 19--20
\OT1/cmr/m/n/12 UC11.1
 []


Underfull \hbox (badness 10000) in paragraph at lines 21--21
[]|\OT1/cmr/m/n/12 Funzionale
 []


Underfull \hbox (badness 5548) in paragraph at lines 21--21
\OT1/cmr/m/n/12 ta-re la pre-sen-ta-zio-ne in
 []


Underfull \hbox (badness 10000) in paragraph at lines 21--22
[]|\OT1/cmr/m/n/12 UC11
 []


Underfull \hbox (badness 10000) in paragraph at lines 21--22
\OT1/cmr/m/n/12 UC11.2
 []


Underfull \hbox (badness 10000) in paragraph at lines 23--23
[]|\OT1/cmr/m/n/12 Funzionale
 []


Underfull \hbox (badness 10000) in paragraph at lines 23--24
[]|\OT1/cmr/m/n/12 UC12
 []


Underfull \hbox (badness 10000) in paragraph at lines 25--25
[]|\OT1/cmr/m/n/12 Funzionale
 []


Underfull \hbox (badness 3312) in paragraph at lines 25--25
[]|\OT1/cmr/m/n/12 l'utente de-ve po-ter re-gi-
 []


Underfull \hbox (badness 10000) in paragraph at lines 25--26
[]|\OT1/cmr/m/n/12 UC13
 []


Underfull \hbox (badness 10000) in paragraph at lines 25--26
\OT1/cmr/m/n/12 UC13.1
 []


Underfull \hbox (badness 10000) in paragraph at lines 25--26
\OT1/cmr/m/n/12 UC13.2
 []


Underfull \hbox (badness 10000) in paragraph at lines 25--26
\OT1/cmr/m/n/12 UC13.3
 []


Underfull \hbox (badness 10000) in paragraph at lines 27--27
[]|\OT1/cmr/m/n/12 Funzionale
 []


Underfull \hbox (badness 10000) in paragraph at lines 27--28
[]|\OT1/cmr/m/n/12 UC14
 []


Underfull \hbox (badness 10000) in paragraph at lines 27--28
\OT1/cmr/m/n/12 UC14.1
 []


Underfull \hbox (badness 10000) in paragraph at lines 27--28
\OT1/cmr/m/n/12 UC14.2
 []


Underfull \hbox (badness 10000) in paragraph at lines 29--29
[]|\OT1/cmr/m/n/12 Funzionale
 []


Underfull \hbox (badness 10000) in paragraph at lines 29--30
[]|\OT1/cmr/m/n/12 UC13.4
 []


Underfull \hbox (badness 10000) in paragraph at lines 29--30
\OT1/cmr/m/n/12 UC14.3
 []


Underfull \hbox (badness 10000) in paragraph at lines 29--30
\OT1/cmr/m/n/12 UC15.4
 []


Underfull \hbox (badness 10000) in paragraph at lines 31--31
[]|\OT1/cmr/m/n/12 Funzionale
 []


Underfull \hbox (badness 10000) in paragraph at lines 31--32
[]|\OT1/cmr/m/n/12 UC15
 []


Underfull \hbox (badness 10000) in paragraph at lines 31--32
\OT1/cmr/m/n/12 UC15.1
 []


Underfull \hbox (badness 10000) in paragraph at lines 31--32
\OT1/cmr/m/n/12 UC15.2
 []


Underfull \hbox (badness 10000) in paragraph at lines 31--32
\OT1/cmr/m/n/12 UC15.3
 []


Underfull \hbox (badness 10000) in paragraph at lines 33--33
[]|\OT1/cmr/m/n/12 Funzionale
 []


Underfull \hbox (badness 10000) in paragraph at lines 33--34
[]|\OT1/cmr/m/n/12 UC2
 []


Underfull \hbox (badness 10000) in paragraph at lines 35--35
[]|\OT1/cmr/m/n/12 Funzionale
 []


Underfull \hbox (badness 10000) in paragraph at lines 35--36
[]|\OT1/cmr/m/n/12 Capitolato
 []


Underfull \hbox (badness 10000) in paragraph at lines 35--36
\OT1/cmr/m/n/12 UC3
 []


Underfull \hbox (badness 10000) in paragraph at lines 37--37
[]|\OT1/cmr/m/n/12 Funzionale
 []


Underfull \hbox (badness 10000) in paragraph at lines 37--38
[]|\OT1/cmr/m/n/12 UC3.1
 []


Underfull \hbox (badness 10000) in paragraph at lines 39--39
[]|\OT1/cmr/m/n/12 Funzionale
 []


Underfull \hbox (badness 10000) in paragraph at lines 39--40
[]|\OT1/cmr/m/n/12 UC3.2
 []


Underfull \hbox (badness 10000) in paragraph at lines 41--41
[]|\OT1/cmr/m/n/12 Funzionale
 []


Underfull \hbox (badness 10000) in paragraph at lines 41--42
[]|\OT1/cmr/m/n/12 UC3.3
 []


Underfull \hbox (badness 10000) in paragraph at lines 43--43
[]|\OT1/cmr/m/n/12 Funzionale
 []


Underfull \hbox (badness 10000) in paragraph at lines 43--44
[]|\OT1/cmr/m/n/12 UC3.4
 []


Underfull \hbox (badness 10000) in paragraph at lines 45--45
[]|\OT1/cmr/m/n/12 Funzionale
 []


Underfull \hbox (badness 10000) in paragraph at lines 45--46
[]|\OT1/cmr/m/n/12 UC3.5
 []


Underfull \vbox (badness 10000) detected at line 46
 []


Underfull \hbox (badness 10000) in paragraph at lines 47--47
[]|\OT1/cmr/m/n/12 Funzionale
 []


Underfull \hbox (badness 1348) in paragraph at lines 47--47
[]|\OT1/cmr/m/n/12 l'utente de-ve po-ter in-ter-
 []


Underfull \hbox (badness 1097) in paragraph at lines 47--47
\OT1/cmr/m/n/12 rom-pe-re l'e-se-cu-zio-ne del-la
 []


Underfull \hbox (badness 10000) in paragraph at lines 47--48
[]|\OT1/cmr/m/n/12 UC3.6
 []


Underfull \hbox (badness 10000) in paragraph at lines 49--49
[]|\OT1/cmr/m/n/12 Funzionale
 []


Underfull \hbox (badness 10000) in paragraph at lines 49--50
[]|\OT1/cmr/m/n/12 Capitolato
 []


Underfull \hbox (badness 10000) in paragraph at lines 49--50
\OT1/cmr/m/n/12 UC4
 []


Underfull \hbox (badness 10000) in paragraph at lines 51--51
[]|\OT1/cmr/m/n/12 Funzionale
 []


Underfull \hbox (badness 10000) in paragraph at lines 51--52
[]|\OT1/cmr/m/n/12 UC4.1
 []


Underfull \hbox (badness 10000) in paragraph at lines 53--53
[]|\OT1/cmr/m/n/12 Funzionale
 []


Underfull \hbox (badness 10000) in paragraph at lines 53--54
[]|\OT1/cmr/m/n/12 UC4.1.1
 []


Underfull \hbox (badness 10000) in paragraph at lines 55--55
[]|\OT1/cmr/m/n/12 Funzionale
 []


Underfull \hbox (badness 10000) in paragraph at lines 55--56
[]|\OT1/cmr/m/n/12 UC4.1.1.1
 []


Underfull \hbox (badness 10000) in paragraph at lines 57--57
[]|\OT1/cmr/m/n/12 Funzionale
 []


Underfull \hbox (badness 10000) in paragraph at lines 57--58
[]|\OT1/cmr/m/n/12 UC4.1.1.2
 []


Underfull \hbox (badness 10000) in paragraph at lines 59--59
[]|\OT1/cmr/m/n/12 Funzionale
 []


Underfull \hbox (badness 10000) in paragraph at lines 59--60
[]|\OT1/cmr/m/n/12 UC4.1.1.3
 []


Underfull \hbox (badness 10000) in paragraph at lines 61--61
[]|\OT1/cmr/m/n/12 Funzionale
 []


Underfull \hbox (badness 10000) in paragraph at lines 61--62
[]|\OT1/cmr/m/n/12 UC4.1.1.4
 []


Underfull \hbox (badness 10000) in paragraph at lines 63--63
[]|\OT1/cmr/m/n/12 Funzionale
 []


Underfull \hbox (badness 10000) in paragraph at lines 63--64
[]|\OT1/cmr/m/n/12 UC4.1.2
 []


Underfull \hbox (badness 10000) in paragraph at lines 65--65
[]|\OT1/cmr/m/n/12 Funzionale
 []


Underfull \hbox (badness 10000) in paragraph at lines 65--66
[]|\OT1/cmr/m/n/12 UC4.1.2.1
 []


Underfull \hbox (badness 10000) in paragraph at lines 67--67
[]|\OT1/cmr/m/n/12 Funzionale
 []


Underfull \hbox (badness 10000) in paragraph at lines 67--68
[]|\OT1/cmr/m/n/12 UC4.1.3
 []


Underfull \hbox (badness 10000) in paragraph at lines 69--69
[]|\OT1/cmr/m/n/12 Funzionale
 []


Underfull \hbox (badness 10000) in paragraph at lines 69--70
[]|\OT1/cmr/m/n/12 UC4.1.3.1
 []


Underfull \hbox (badness 10000) in paragraph at lines 71--71
[]|\OT1/cmr/m/n/12 Funzionale
 []


Underfull \hbox (badness 10000) in paragraph at lines 71--72
[]|\OT1/cmr/m/n/12 UC4.1.4
 []


Underfull \hbox (badness 10000) in paragraph at lines 73--73
[]|\OT1/cmr/m/n/12 Funzionale
 []


Underfull \hbox (badness 10000) in paragraph at lines 73--74
[]|\OT1/cmr/m/n/12 UC4.1.4.1
 []


Underfull \hbox (badness 10000) in paragraph at lines 75--75
[]|\OT1/cmr/m/n/12 Funzionale
 []


Underfull \hbox (badness 10000) in paragraph at lines 75--76
[]|\OT1/cmr/m/n/12 UC4.9
 []


Underfull \hbox (badness 10000) in paragraph at lines 77--77
[]|\OT1/cmr/m/n/12 Funzionale
 []


Underfull \hbox (badness 10000) in paragraph at lines 77--78
[]|\OT1/cmr/m/n/12 UC4.2
 []


Underfull \hbox (badness 10000) in paragraph at lines 79--79
[]|\OT1/cmr/m/n/12 Funzionale
 []


Underfull \hbox (badness 10000) in paragraph at lines 79--80
[]|\OT1/cmr/m/n/12 UC4.3
 []


Underfull \hbox (badness 10000) in paragraph at lines 81--81
[]|\OT1/cmr/m/n/12 Funzionale
 []


Underfull \hbox (badness 10000) in paragraph at lines 81--82
[]|\OT1/cmr/m/n/12 UC4.3.1
 []


Underfull \hbox (badness 10000) in paragraph at lines 83--83
[]|\OT1/cmr/m/n/12 Funzionale
 []


Underfull \hbox (badness 4048) in paragraph at lines 83--83
[]|\OT1/cmr/m/n/12 l'utente de-ve po-ter ri-di-
 []


Underfull \hbox (badness 10000) in paragraph at lines 83--84
[]|\OT1/cmr/m/n/12 UC4.3.1.1
 []


Underfull \hbox (badness 10000) in paragraph at lines 85--85
[]|\OT1/cmr/m/n/12 Funzionale
 []


Underfull \hbox (badness 2529) in paragraph at lines 85--85
[]|\OT1/cmr/m/n/12 l'utente de-ve po-ter ri-po-
 []


Underfull \hbox (badness 1005) in paragraph at lines 85--85
\OT1/cmr/m/n/12 si-zio-na-re un frame$[]$ nel-la
 []


Underfull \hbox (badness 10000) in paragraph at lines 85--86
[]|\OT1/cmr/m/n/12 UC4.3.1.2
 []

File: ../logo/logo404.png Graphic file (type png)
<use ../logo/logo404.png> [39]
File: ../logo/logo404.png Graphic file (type png)
 <use ../logo/logo404.png> [40]
Underfull \hbox (badness 10000) in paragraph at lines 87--87
[]|\OT1/cmr/m/n/12 Funzionale
 []


Underfull \hbox (badness 10000) in paragraph at lines 87--88
[]|\OT1/cmr/m/n/12 UC4.3.1.3
 []


Underfull \hbox (badness 10000) in paragraph at lines 89--89
[]|\OT1/cmr/m/n/12 Funzionale
 []


Underfull \hbox (badness 10000) in paragraph at lines 89--90
[]|\OT1/cmr/m/n/12 UC4.3.3
 []


Underfull \hbox (badness 10000) in paragraph at lines 91--91
[]|\OT1/cmr/m/n/12 Funzionale
 []


Underfull \hbox (badness 2027) in paragraph at lines 91--91
\OT1/cmr/m/n/12 sio-na-re un area di te-sto
 []


Underfull \hbox (badness 10000) in paragraph at lines 91--92
[]|\OT1/cmr/m/n/12 UC4.3.3.1
 []


Underfull \hbox (badness 10000) in paragraph at lines 93--93
[]|\OT1/cmr/m/n/12 Funzionale
 []


Underfull \hbox (badness 1859) in paragraph at lines 93--93
\OT1/cmr/m/n/12 zio-na-re un area di te-sto
 []


Underfull \hbox (badness 10000) in paragraph at lines 93--94
[]|\OT1/cmr/m/n/12 UC4.3.3.2
 []


Underfull \hbox (badness 10000) in paragraph at lines 95--95
[]|\OT1/cmr/m/n/12 Funzionale
 []


Underfull \hbox (badness 10000) in paragraph at lines 95--96
[]|\OT1/cmr/m/n/12 UC4.3.3.3
 []


Underfull \hbox (badness 10000) in paragraph at lines 97--97
[]|\OT1/cmr/m/n/12 Funzionale
 []


Underfull \hbox (badness 10000) in paragraph at lines 97--98
[]|\OT1/cmr/m/n/12 UC4.3.3.4
 []


Underfull \hbox (badness 10000) in paragraph at lines 99--99
[]|\OT1/cmr/m/n/12 Funzionale
 []


Underfull \hbox (badness 10000) in paragraph at lines 99--100
[]|\OT1/cmr/m/n/12 UC4.3.3.5
 []


Underfull \hbox (badness 10000) in paragraph at lines 101--101
[]|\OT1/cmr/m/n/12 Funzionale
 []


Underfull \hbox (badness 10000) in paragraph at lines 101--102
[]|\OT1/cmr/m/n/12 UC4.3.4
 []


Underfull \hbox (badness 10000) in paragraph at lines 103--103
[]|\OT1/cmr/m/n/12 Funzionale
 []


Underfull \hbox (badness 10000) in paragraph at lines 103--104
[]|\OT1/cmr/m/n/12 UC4.3.4.1
 []


Underfull \hbox (badness 10000) in paragraph at lines 105--105
[]|\OT1/cmr/m/n/12 Funzionale
 []


Underfull \hbox (badness 10000) in paragraph at lines 105--106
[]|\OT1/cmr/m/n/12 UC4.3.4.3
 []


Underfull \hbox (badness 10000) in paragraph at lines 107--107
[]|\OT1/cmr/m/n/12 Funzionale
 []


Underfull \hbox (badness 10000) in paragraph at lines 107--108
[]|\OT1/cmr/m/n/12 UC4.3.4.2
 []


Underfull \hbox (badness 10000) in paragraph at lines 109--109
[]|\OT1/cmr/m/n/12 Funzionale
 []


Underfull \hbox (badness 10000) in paragraph at lines 109--110
[]|\OT1/cmr/m/n/12 UC4.3.4.4
 []


Underfull \hbox (badness 10000) in paragraph at lines 111--111
[]|\OT1/cmr/m/n/12 Funzionale
 []


Underfull \hbox (badness 5345) in paragraph at lines 111--111
[]|\OT1/cmr/m/n/12 l'utente de-ve po-ter mo-
 []


Underfull \hbox (badness 10000) in paragraph at lines 111--112
[]|\OT1/cmr/m/n/12 UC4.3.2
 []


Underfull \hbox (badness 10000) in paragraph at lines 113--113
[]|\OT1/cmr/m/n/12 Funzionale
 []


Underfull \hbox (badness 10000) in paragraph at lines 113--114
[]|\OT1/cmr/m/n/12 UC4.3.2.1
 []


Underfull \hbox (badness 10000) in paragraph at lines 115--115
[]|\OT1/cmr/m/n/12 Funzionale
 []


Underfull \hbox (badness 10000) in paragraph at lines 115--116
[]|\OT1/cmr/m/n/12 UC4.3.2.2
 []


Underfull \hbox (badness 10000) in paragraph at lines 117--117
[]|\OT1/cmr/m/n/12 Funzionale
 []


Underfull \hbox (badness 10000) in paragraph at lines 117--118
[]|\OT1/cmr/m/n/12 UC4.3.2.3
 []


Underfull \hbox (badness 10000) in paragraph at lines 119--119
[]|\OT1/cmr/m/n/12 Funzionale
 []


Underfull \hbox (badness 10000) in paragraph at lines 119--120
[]|\OT1/cmr/m/n/12 UC4.4
 []


Underfull \hbox (badness 10000) in paragraph at lines 121--121
[]|\OT1/cmr/m/n/12 Funzionale
 []


Underfull \hbox (badness 10000) in paragraph at lines 121--122
[]|\OT1/cmr/m/n/12 UC4.5
 []


Underfull \hbox (badness 10000) in paragraph at lines 123--123
[]|\OT1/cmr/m/n/12 Funzionale
 []


Underfull \hbox (badness 10000) in paragraph at lines 123--124
[]|\OT1/cmr/m/n/12 UC4.5.1
 []


Underfull \hbox (badness 10000) in paragraph at lines 125--125
[]|\OT1/cmr/m/n/12 Funzionale
 []


Underfull \hbox (badness 10000) in paragraph at lines 125--126
[]|\OT1/cmr/m/n/12 UC4.5.2
 []

File: ../logo/logo404.png Graphic file (type png)
<use ../logo/logo404.png> [41]
Underfull \hbox (badness 10000) in paragraph at lines 127--127
[]|\OT1/cmr/m/n/12 Funzionale
 []


Underfull \hbox (badness 3635) in paragraph at lines 127--127
[]|\OT1/cmr/m/n/12 l'utente de-ve po-ter se-le-
 []


Underfull \hbox (badness 1331) in paragraph at lines 127--127
\OT1/cmr/m/n/12 zio-na-re un per-cor-so del-la
 []


Underfull \hbox (badness 10000) in paragraph at lines 127--128
[]|\OT1/cmr/m/n/12 UC4.6
 []


Underfull \hbox (badness 10000) in paragraph at lines 129--129
[]|\OT1/cmr/m/n/12 Funzionale
 []


Underfull \hbox (badness 5345) in paragraph at lines 129--129
[]|\OT1/cmr/m/n/12 l'utente de-ve po-ter mo-
 []


Underfull \hbox (badness 1152) in paragraph at lines 129--129
\OT1/cmr/m/n/12 di-fi-ca-re un per-cor-so del-la
 []


Underfull \hbox (badness 10000) in paragraph at lines 129--130
[]|\OT1/cmr/m/n/12 UC4.7
 []


Underfull \hbox (badness 10000) in paragraph at lines 131--131
[]|\OT1/cmr/m/n/12 Funzionale
 []


Underfull \hbox (badness 10000) in paragraph at lines 131--132
[]|\OT1/cmr/m/n/12 UC4.7.1
 []


Underfull \hbox (badness 10000) in paragraph at lines 133--133
[]|\OT1/cmr/m/n/12 Funzionale
 []


Underfull \hbox (badness 10000) in paragraph at lines 133--134
[]|\OT1/cmr/m/n/12 UC4.7.2
 []


Underfull \hbox (badness 10000) in paragraph at lines 135--135
[]|\OT1/cmr/m/n/12 Funzionale
 []


Underfull \hbox (badness 10000) in paragraph at lines 135--136
[]|\OT1/cmr/m/n/12 UC4.7.4
 []


Underfull \hbox (badness 10000) in paragraph at lines 137--137
[]|\OT1/cmr/m/n/12 Funzionale
 []


Underfull \hbox (badness 10000) in paragraph at lines 137--138
[]|\OT1/cmr/m/n/12 UC4.7.5
 []


Underfull \hbox (badness 10000) in paragraph at lines 139--139
[]|\OT1/cmr/m/n/12 Funzionale
 []


Underfull \hbox (badness 10000) in paragraph at lines 139--140
[]|\OT1/cmr/m/n/12 UC4.7.6
 []


Underfull \hbox (badness 10000) in paragraph at lines 141--141
[]|\OT1/cmr/m/n/12 Funzionale
 []


Underfull \hbox (badness 10000) in paragraph at lines 141--142
[]|\OT1/cmr/m/n/12 UC4.7.6.1
 []


Underfull \hbox (badness 10000) in paragraph at lines 143--143
[]|\OT1/cmr/m/n/12 Funzionale
 []


Underfull \hbox (badness 1708) in paragraph at lines 143--143
\OT1/cmr/m/n/12 la-re la ri-mo-zio-ne di una
 []


Underfull \hbox (badness 10000) in paragraph at lines 143--144
[]|\OT1/cmr/m/n/12 UC4.7.6.2
 []


Underfull \hbox (badness 10000) in paragraph at lines 145--145
[]|\OT1/cmr/m/n/12 Funzionale
 []


Underfull \hbox (badness 10000) in paragraph at lines 145--146
[]|\OT1/cmr/m/n/12 UC4.7.3
 []


Underfull \hbox (badness 10000) in paragraph at lines 147--147
[]|\OT1/cmr/m/n/12 Funzionale
 []


Underfull \hbox (badness 5345) in paragraph at lines 147--147
[]|\OT1/cmr/m/n/12 l'utente de-ve po-ter mo-
 []


Underfull \hbox (badness 3965) in paragraph at lines 147--147
\OT1/cmr/m/n/12 di-fi-ca-re il ti-to-lo di una
 []


Underfull \hbox (badness 10000) in paragraph at lines 147--148
[]|\OT1/cmr/m/n/12 UC4.10
 []


Underfull \hbox (badness 10000) in paragraph at lines 149--149
[]|\OT1/cmr/m/n/12 Funzionale
 []


Underfull \hbox (badness 10000) in paragraph at lines 149--150
[]|\OT1/cmr/m/n/12 UC4.8
 []


Underfull \hbox (badness 10000) in paragraph at lines 149--150
\OT1/cmr/m/n/12 UC4.8.1
 []


Underfull \hbox (badness 10000) in paragraph at lines 149--150
\OT1/cmr/m/n/12 UC4.8.2
 []


Underfull \hbox (badness 10000) in paragraph at lines 151--151
[]|\OT1/cmr/m/n/12 Funzionale
 []


Underfull \hbox (badness 10000) in paragraph at lines 151--152
[]|\OT1/cmr/m/n/12 UC5
 []


Underfull \hbox (badness 10000) in paragraph at lines 153--153
[]|\OT1/cmr/m/n/12 Funzionale
 []


Underfull \hbox (badness 10000) in paragraph at lines 153--154
[]|\OT1/cmr/m/n/12 UC6
 []


Underfull \hbox (badness 10000) in paragraph at lines 153--154
\OT1/cmr/m/n/12 UC6.1
 []


Underfull \hbox (badness 10000) in paragraph at lines 155--155
[]|\OT1/cmr/m/n/12 Funzionale
 []


Underfull \hbox (badness 10000) in paragraph at lines 155--156
[]|\OT1/cmr/m/n/12 UC6.2
 []


Underfull \hbox (badness 10000) in paragraph at lines 157--157
[]|\OT1/cmr/m/n/12 Funzionale
 []


Underfull \hbox (badness 10000) in paragraph at lines 157--158
[]|\OT1/cmr/m/n/12 UC7
 []


Underfull \hbox (badness 10000) in paragraph at lines 159--159
[]|\OT1/cmr/m/n/12 Funzionale
 []


Underfull \hbox (badness 1043) in paragraph at lines 159--159
[]|\OT1/cmr/m/n/12 il si-ste-ma de-ve po-ter ge-
 []


Underfull \hbox (badness 3965) in paragraph at lines 159--159
\OT1/cmr/m/n/12 ne-ra-re un link per una
 []


Underfull \hbox (badness 10000) in paragraph at lines 159--160
[]|\OT1/cmr/m/n/12 UC8
 []


Underfull \hbox (badness 10000) in paragraph at lines 161--161
[]|\OT1/cmr/m/n/12 Funzionale
 []


Underfull \hbox (badness 10000) in paragraph at lines 161--162
[]|\OT1/cmr/m/n/12 UC9
 []

File: ../logo/logo404.png Graphic file (type png)
<use ../logo/logo404.png> [42]
File: ../logo/logo404.png Graphic file (type png)
 <use ../logo/logo404.png> [43]
Underfull \hbox (badness 10000) in paragraph at lines 171--171
[]|\OT1/cmr/m/n/12 Qualitativo
 []


Underfull \hbox (badness 3557) in paragraph at lines 171--171
[]|\OT1/cmr/m/n/12 l'applicazione do-vr^^Ra es-se-
 []


Underfull \hbox (badness 10000) in paragraph at lines 171--172
[]|\OT1/cmr/m/n/12 Capitolato
 []


Underfull \vbox (badness 10000) detected at line 174
 []


Underfull \hbox (badness 10000) in paragraph at lines 181--181
[]|\OT1/cmr/m/n/12 Prestazionale
 []


Underfull \vbox (badness 10000) detected at line 184
 []


Underfull \hbox (badness 10000) in paragraph at lines 191--191
[]|\OT1/cmr/m/n/12 Vincolo
 []


Underfull \hbox (badness 1831) in paragraph at lines 191--191
\OT1/cmr/m/n/12 ve fun-zio-na-re su bro-w-ser
 []


Underfull \hbox (badness 10000) in paragraph at lines 193--193
[]|\OT1/cmr/m/n/12 Vincolo
 []


Underfull \hbox (badness 6252) in paragraph at lines 193--193
[]|\OT1/cmr/m/n/12 l'applicazione la-to ser-ver
 []

File: ../logo/logo404.png Graphic file (type png)
<use ../logo/logo404.png> [44]
Underfull \vbox (badness 10000) detected at line 196
 []


Underfull \hbox (badness 10000) in paragraph at lines 203--204
[]|\OT1/cmr/m/n/12 Capitolato
 []


Underfull \hbox (badness 10000) in paragraph at lines 203--204
\OT1/cmr/m/n/12 UC1
 []


Underfull \hbox (badness 10000) in paragraph at lines 205--206
[]|\OT1/cmr/m/n/12 UC1
 []


Underfull \hbox (badness 10000) in paragraph at lines 205--206
\OT1/cmr/m/n/12 UC1.1
 []


Underfull \hbox (badness 10000) in paragraph at lines 207--208
[]|\OT1/cmr/m/n/12 UC1.2
 []


Underfull \hbox (badness 10000) in paragraph at lines 209--210
[]|\OT1/cmr/m/n/12 UC10
 []


Underfull \hbox (badness 10000) in paragraph at lines 211--212
[]|\OT1/cmr/m/n/12 UC11
 []


Underfull \hbox (badness 10000) in paragraph at lines 211--212
\OT1/cmr/m/n/12 Ver-ba-le 2014-12-18
 []


Underfull \hbox (badness 10000) in paragraph at lines 213--214
[]|\OT1/cmr/m/n/12 UC11
 []


Underfull \hbox (badness 10000) in paragraph at lines 213--214
\OT1/cmr/m/n/12 UC11.1
 []


Underfull \hbox (badness 10000) in paragraph at lines 215--216
[]|\OT1/cmr/m/n/12 UC11
 []


Underfull \hbox (badness 10000) in paragraph at lines 215--216
\OT1/cmr/m/n/12 UC11.2
 []


Underfull \hbox (badness 10000) in paragraph at lines 217--218
[]|\OT1/cmr/m/n/12 UC12
 []


Underfull \hbox (badness 10000) in paragraph at lines 219--220
[]|\OT1/cmr/m/n/12 UC13
 []


Underfull \hbox (badness 10000) in paragraph at lines 219--220
\OT1/cmr/m/n/12 UC13.1
 []


Underfull \hbox (badness 10000) in paragraph at lines 219--220
\OT1/cmr/m/n/12 UC13.2
 []


Underfull \hbox (badness 10000) in paragraph at lines 219--220
\OT1/cmr/m/n/12 UC13.3
 []


Underfull \hbox (badness 10000) in paragraph at lines 221--222
[]|\OT1/cmr/m/n/12 UC14
 []


Underfull \hbox (badness 10000) in paragraph at lines 221--222
\OT1/cmr/m/n/12 UC14.1
 []


Underfull \hbox (badness 10000) in paragraph at lines 221--222
\OT1/cmr/m/n/12 UC14.2
 []


Underfull \hbox (badness 10000) in paragraph at lines 223--224
[]|\OT1/cmr/m/n/12 UC13.4
 []


Underfull \hbox (badness 10000) in paragraph at lines 223--224
\OT1/cmr/m/n/12 UC14.3
 []


Underfull \hbox (badness 10000) in paragraph at lines 223--224
\OT1/cmr/m/n/12 UC15.4
 []


Underfull \hbox (badness 10000) in paragraph at lines 225--226
[]|\OT1/cmr/m/n/12 UC15
 []


Underfull \hbox (badness 10000) in paragraph at lines 225--226
\OT1/cmr/m/n/12 UC15.1
 []


Underfull \hbox (badness 10000) in paragraph at lines 225--226
\OT1/cmr/m/n/12 UC15.2
 []


Underfull \hbox (badness 10000) in paragraph at lines 225--226
\OT1/cmr/m/n/12 UC15.3
 []


Underfull \hbox (badness 10000) in paragraph at lines 227--228
[]|\OT1/cmr/m/n/12 UC2
 []


Underfull \hbox (badness 10000) in paragraph at lines 229--230
[]|\OT1/cmr/m/n/12 Capitolato
 []


Underfull \hbox (badness 10000) in paragraph at lines 229--230
\OT1/cmr/m/n/12 UC3
 []


Underfull \hbox (badness 10000) in paragraph at lines 231--232
[]|\OT1/cmr/m/n/12 UC3.1
 []


Underfull \hbox (badness 10000) in paragraph at lines 233--234
[]|\OT1/cmr/m/n/12 UC3.2
 []


Underfull \hbox (badness 10000) in paragraph at lines 235--236
[]|\OT1/cmr/m/n/12 UC3.3
 []


Underfull \hbox (badness 10000) in paragraph at lines 237--238
[]|\OT1/cmr/m/n/12 UC3.4
 []


Underfull \hbox (badness 10000) in paragraph at lines 239--240
[]|\OT1/cmr/m/n/12 UC3.5
 []


Underfull \vbox (badness 10000) detected at line 240
 []


Underfull \hbox (badness 10000) in paragraph at lines 241--242
[]|\OT1/cmr/m/n/12 UC3.6
 []


Underfull \hbox (badness 10000) in paragraph at lines 243--244
[]|\OT1/cmr/m/n/12 Capitolato
 []


Underfull \hbox (badness 10000) in paragraph at lines 243--244
\OT1/cmr/m/n/12 UC4
 []


Underfull \hbox (badness 10000) in paragraph at lines 245--246
[]|\OT1/cmr/m/n/12 UC4.1
 []


Underfull \hbox (badness 10000) in paragraph at lines 247--248
[]|\OT1/cmr/m/n/12 UC4.1.1
 []


Underfull \hbox (badness 10000) in paragraph at lines 249--250
[]|\OT1/cmr/m/n/12 UC4.1.1.1
 []


Underfull \hbox (badness 10000) in paragraph at lines 251--252
[]|\OT1/cmr/m/n/12 UC4.1.1.2
 []


Underfull \hbox (badness 10000) in paragraph at lines 253--254
[]|\OT1/cmr/m/n/12 UC4.1.1.3
 []


Underfull \hbox (badness 10000) in paragraph at lines 255--256
[]|\OT1/cmr/m/n/12 UC4.1.1.4
 []


Underfull \hbox (badness 10000) in paragraph at lines 257--258
[]|\OT1/cmr/m/n/12 UC4.1.2
 []


Underfull \hbox (badness 10000) in paragraph at lines 259--260
[]|\OT1/cmr/m/n/12 UC4.1.2.1
 []


Underfull \hbox (badness 10000) in paragraph at lines 261--262
[]|\OT1/cmr/m/n/12 UC4.1.3
 []


Underfull \hbox (badness 10000) in paragraph at lines 263--264
[]|\OT1/cmr/m/n/12 UC4.1.3.1
 []


Underfull \hbox (badness 10000) in paragraph at lines 265--266
[]|\OT1/cmr/m/n/12 UC4.1.4
 []


Underfull \hbox (badness 10000) in paragraph at lines 267--268
[]|\OT1/cmr/m/n/12 UC4.1.4.1
 []


Underfull \hbox (badness 10000) in paragraph at lines 269--270
[]|\OT1/cmr/m/n/12 UC4.9
 []


Underfull \hbox (badness 10000) in paragraph at lines 271--272
[]|\OT1/cmr/m/n/12 UC4.2
 []


Underfull \hbox (badness 10000) in paragraph at lines 273--274
[]|\OT1/cmr/m/n/12 UC4.3
 []


Underfull \hbox (badness 10000) in paragraph at lines 275--276
[]|\OT1/cmr/m/n/12 UC4.3.1
 []


Underfull \hbox (badness 10000) in paragraph at lines 277--278
[]|\OT1/cmr/m/n/12 UC4.3.1.1
 []


Underfull \hbox (badness 10000) in paragraph at lines 279--280
[]|\OT1/cmr/m/n/12 UC4.3.1.2
 []

File: ../logo/logo404.png Graphic file (type png)
<use ../logo/logo404.png> [45]
Underfull \hbox (badness 10000) in paragraph at lines 281--282
[]|\OT1/cmr/m/n/12 UC4.3.1.3
 []


Underfull \hbox (badness 10000) in paragraph at lines 283--284
[]|\OT1/cmr/m/n/12 UC4.3.3
 []


Underfull \hbox (badness 10000) in paragraph at lines 285--286
[]|\OT1/cmr/m/n/12 UC4.3.3.1
 []


Underfull \hbox (badness 10000) in paragraph at lines 287--288
[]|\OT1/cmr/m/n/12 UC4.3.3.2
 []


Underfull \hbox (badness 10000) in paragraph at lines 289--290
[]|\OT1/cmr/m/n/12 UC4.3.3.3
 []


Underfull \hbox (badness 10000) in paragraph at lines 291--292
[]|\OT1/cmr/m/n/12 UC4.3.3.4
 []


Underfull \hbox (badness 10000) in paragraph at lines 293--294
[]|\OT1/cmr/m/n/12 UC4.3.3.5
 []


Underfull \hbox (badness 10000) in paragraph at lines 295--296
[]|\OT1/cmr/m/n/12 UC4.3.4
 []


Underfull \hbox (badness 10000) in paragraph at lines 297--298
[]|\OT1/cmr/m/n/12 UC4.3.4.1
 []


Underfull \hbox (badness 10000) in paragraph at lines 299--300
[]|\OT1/cmr/m/n/12 UC4.3.4.3
 []


Underfull \hbox (badness 10000) in paragraph at lines 301--302
[]|\OT1/cmr/m/n/12 UC4.3.4.2
 []


Underfull \hbox (badness 10000) in paragraph at lines 303--304
[]|\OT1/cmr/m/n/12 UC4.3.4.4
 []


Underfull \hbox (badness 10000) in paragraph at lines 305--306
[]|\OT1/cmr/m/n/12 UC4.3.2
 []


Underfull \hbox (badness 10000) in paragraph at lines 307--308
[]|\OT1/cmr/m/n/12 UC4.3.2.1
 []


Underfull \hbox (badness 10000) in paragraph at lines 309--310
[]|\OT1/cmr/m/n/12 UC4.3.2.2
 []


Underfull \hbox (badness 10000) in paragraph at lines 311--312
[]|\OT1/cmr/m/n/12 UC4.3.2.3
 []


Underfull \hbox (badness 10000) in paragraph at lines 313--314
[]|\OT1/cmr/m/n/12 UC4.4
 []


Underfull \hbox (badness 10000) in paragraph at lines 315--316
[]|\OT1/cmr/m/n/12 UC4.5
 []


Underfull \hbox (badness 10000) in paragraph at lines 317--318
[]|\OT1/cmr/m/n/12 UC4.5.1
 []


Underfull \hbox (badness 10000) in paragraph at lines 319--320
[]|\OT1/cmr/m/n/12 UC4.5.2
 []

File: ../logo/logo404.png Graphic file (type png)
<use ../logo/logo404.png> [46]
Underfull \hbox (badness 10000) in paragraph at lines 321--322
[]|\OT1/cmr/m/n/12 UC4.6
 []


Underfull \hbox (badness 10000) in paragraph at lines 323--324
[]|\OT1/cmr/m/n/12 UC4.7
 []


Underfull \hbox (badness 10000) in paragraph at lines 325--326
[]|\OT1/cmr/m/n/12 UC4.7.1
 []


Underfull \hbox (badness 10000) in paragraph at lines 327--328
[]|\OT1/cmr/m/n/12 UC4.7.2
 []


Underfull \hbox (badness 10000) in paragraph at lines 329--330
[]|\OT1/cmr/m/n/12 UC4.7.4
 []


Underfull \hbox (badness 10000) in paragraph at lines 331--332
[]|\OT1/cmr/m/n/12 UC4.7.5
 []


Underfull \hbox (badness 10000) in paragraph at lines 333--334
[]|\OT1/cmr/m/n/12 UC4.7.6
 []


Underfull \hbox (badness 10000) in paragraph at lines 335--336
[]|\OT1/cmr/m/n/12 UC4.7.6.1
 []


Underfull \hbox (badness 10000) in paragraph at lines 337--338
[]|\OT1/cmr/m/n/12 UC4.7.6.2
 []


Underfull \hbox (badness 10000) in paragraph at lines 339--340
[]|\OT1/cmr/m/n/12 UC4.7.3
 []


Underfull \hbox (badness 10000) in paragraph at lines 341--342
[]|\OT1/cmr/m/n/12 UC4.10
 []


Underfull \hbox (badness 10000) in paragraph at lines 343--344
[]|\OT1/cmr/m/n/12 UC4.8
 []


Underfull \hbox (badness 10000) in paragraph at lines 343--344
\OT1/cmr/m/n/12 UC4.8.1
 []


Underfull \hbox (badness 10000) in paragraph at lines 343--344
\OT1/cmr/m/n/12 UC4.8.2
 []


Underfull \hbox (badness 10000) in paragraph at lines 345--346
[]|\OT1/cmr/m/n/12 UC5
 []


Underfull \hbox (badness 10000) in paragraph at lines 347--348
[]|\OT1/cmr/m/n/12 UC6
 []


Underfull \hbox (badness 10000) in paragraph at lines 347--348
\OT1/cmr/m/n/12 UC6.1
 []


Underfull \hbox (badness 10000) in paragraph at lines 349--350
[]|\OT1/cmr/m/n/12 UC6.2
 []


Underfull \hbox (badness 10000) in paragraph at lines 351--352
[]|\OT1/cmr/m/n/12 UC7
 []


Underfull \hbox (badness 10000) in paragraph at lines 353--354
[]|\OT1/cmr/m/n/12 UC8
 []


Underfull \hbox (badness 10000) in paragraph at lines 355--356
[]|\OT1/cmr/m/n/12 UC9
 []


Underfull \hbox (badness 10000) in paragraph at lines 357--358
[]|\OT1/cmr/m/n/12 Capitolato
 []


Underfull \hbox (badness 10000) in paragraph at lines 359--360
[]|\OT1/cmr/m/n/12 Verbale 2014-12-18
 []

File: ../logo/logo404.png Graphic file (type png)
<use ../logo/logo404.png> [47]
Underfull \hbox (badness 10000) in paragraph at lines 361--362
[]|\OT1/cmr/m/n/12 Verbale 2014-12-18
 []


Underfull \hbox (badness 10000) in paragraph at lines 363--364
[]|\OT1/cmr/m/n/12 Verbale 2014-12-18
 []

File: ../logo/logo404.png Graphic file (type png)
<use ../logo/logo404.png> [48]
Underfull \hbox (badness 10000) in paragraph at lines 372--373
[]|\OT1/cmr/m/n/12 FOb1
 []


Underfull \hbox (badness 10000) in paragraph at lines 372--373
\OT1/cmr/m/n/12 QOb20
 []


Underfull \hbox (badness 10000) in paragraph at lines 372--373
\OT1/cmr/m/n/12 FOb3
 []


Underfull \hbox (badness 10000) in paragraph at lines 372--373
\OT1/cmr/m/n/12 FOb4
 []


Underfull \hbox (badness 10000) in paragraph at lines 374--375
[]|\OT1/cmr/m/n/12 FOp11
 []


Underfull \hbox (badness 10000) in paragraph at lines 374--375
\OT1/cmr/m/n/12 VOb17
 []


Underfull \hbox (badness 10000) in paragraph at lines 374--375
\OT1/cmr/m/n/12 VOb18
 []


Underfull \hbox (badness 10000) in paragraph at lines 374--375
\OT1/cmr/m/n/12 PDe19
 []


Underfull \hbox (badness 10000) in paragraph at lines 376--377
[]|\OT1/cmr/m/n/12 FOb1
 []


Underfull \hbox (badness 10000) in paragraph at lines 376--377
\OT1/cmr/m/n/12 FOb1.1
 []


Underfull \hbox (badness 10000) in paragraph at lines 378--379
[]|\OT1/cmr/m/n/12 FOb1.1
 []


Underfull \hbox (badness 10000) in paragraph at lines 380--381
[]|\OT1/cmr/m/n/12 FOb1.2
 []


Underfull \hbox (badness 10000) in paragraph at lines 382--383
[]|\OT1/cmr/m/n/12 FOb2
 []


Underfull \hbox (badness 10000) in paragraph at lines 384--385
[]|\OT1/cmr/m/n/12 FOb3
 []


Underfull \hbox (badness 10000) in paragraph at lines 386--387
[]|\OT1/cmr/m/n/12 FDe3.1
 []


Underfull \hbox (badness 10000) in paragraph at lines 388--389
[]|\OT1/cmr/m/n/12 FOb3.2
 []


Underfull \hbox (badness 10000) in paragraph at lines 390--391
[]|\OT1/cmr/m/n/12 FOb3.3
 []


Underfull \hbox (badness 10000) in paragraph at lines 392--393
[]|\OT1/cmr/m/n/12 FDe3.4
 []


Underfull \hbox (badness 10000) in paragraph at lines 394--395
[]|\OT1/cmr/m/n/12 FOb3.5
 []


Underfull \hbox (badness 10000) in paragraph at lines 396--397
[]|\OT1/cmr/m/n/12 FOb3.6
 []


Underfull \hbox (badness 10000) in paragraph at lines 398--399
[]|\OT1/cmr/m/n/12 FOb4
 []


Underfull \hbox (badness 10000) in paragraph at lines 400--401
[]|\OT1/cmr/m/n/12 FOb4.1
 []


Underfull \hbox (badness 10000) in paragraph at lines 402--403
[]|\OT1/cmr/m/n/12 FOb4.1.1
 []


Underfull \hbox (badness 10000) in paragraph at lines 404--405
[]|\OT1/cmr/m/n/12 FOb4.1.1.1
 []


Underfull \hbox (badness 10000) in paragraph at lines 406--407
[]|\OT1/cmr/m/n/12 FOb4.1.1.2
 []


Underfull \hbox (badness 10000) in paragraph at lines 408--409
[]|\OT1/cmr/m/n/12 FOb4.1.1.3
 []


Underfull \vbox (badness 10000) detected at line 409
 []


Underfull \hbox (badness 10000) in paragraph at lines 410--411
[]|\OT1/cmr/m/n/12 FOb4.1.1.4
 []


Underfull \hbox (badness 10000) in paragraph at lines 412--413
[]|\OT1/cmr/m/n/12 FOb4.1.2
 []


Underfull \hbox (badness 10000) in paragraph at lines 414--415
[]|\OT1/cmr/m/n/12 FOp4.1.2.1
 []


Underfull \hbox (badness 10000) in paragraph at lines 416--417
[]|\OT1/cmr/m/n/12 FOb4.1.3
 []


Underfull \hbox (badness 10000) in paragraph at lines 418--419
[]|\OT1/cmr/m/n/12 FOb4.1.3.1
 []


Underfull \hbox (badness 10000) in paragraph at lines 420--421
[]|\OT1/cmr/m/n/12 FOb4.1.4
 []


Underfull \hbox (badness 10000) in paragraph at lines 422--423
[]|\OT1/cmr/m/n/12 FOb4.1.4.1
 []


Underfull \hbox (badness 10000) in paragraph at lines 424--425
[]|\OT1/cmr/m/n/12 FOb4.2
 []


Underfull \hbox (badness 10000) in paragraph at lines 426--427
[]|\OT1/cmr/m/n/12 FOb4.3
 []


Underfull \hbox (badness 10000) in paragraph at lines 428--429
[]|\OT1/cmr/m/n/12 FOb4.3.1
 []


Underfull \hbox (badness 10000) in paragraph at lines 430--431
[]|\OT1/cmr/m/n/12 FOb4.3.1.1
 []


Underfull \hbox (badness 10000) in paragraph at lines 432--433
[]|\OT1/cmr/m/n/12 FOb4.3.1.2
 []


Underfull \hbox (badness 10000) in paragraph at lines 434--435
[]|\OT1/cmr/m/n/12 FOb4.3.1.3
 []


Underfull \hbox (badness 10000) in paragraph at lines 436--437
[]|\OT1/cmr/m/n/12 FOb4.3.4
 []


Underfull \hbox (badness 10000) in paragraph at lines 438--439
[]|\OT1/cmr/m/n/12 FOb4.3.4.1
 []


Underfull \hbox (badness 10000) in paragraph at lines 440--441
[]|\OT1/cmr/m/n/12 FOb4.3.4.2
 []


Underfull \hbox (badness 10000) in paragraph at lines 442--443
[]|\OT1/cmr/m/n/12 FOb4.3.4.3
 []


Underfull \hbox (badness 10000) in paragraph at lines 444--445
[]|\OT1/cmr/m/n/12 FOb4.3.2
 []


Underfull \hbox (badness 10000) in paragraph at lines 446--447
[]|\OT1/cmr/m/n/12 FOb4.3.2.1
 []


Underfull \hbox (badness 10000) in paragraph at lines 448--449
[]|\OT1/cmr/m/n/12 FOb4.3.2.2
 []

File: ../logo/logo404.png Graphic file (type png)
<use ../logo/logo404.png> [49]
Underfull \hbox (badness 10000) in paragraph at lines 450--451
[]|\OT1/cmr/m/n/12 FOb4.3.2.3
 []


Underfull \hbox (badness 10000) in paragraph at lines 452--453
[]|\OT1/cmr/m/n/12 FOb4.3.2.4
 []


Underfull \hbox (badness 10000) in paragraph at lines 454--455
[]|\OT1/cmr/m/n/12 FOb4.3.2.5
 []


Underfull \hbox (badness 10000) in paragraph at lines 456--457
[]|\OT1/cmr/m/n/12 FOb4.3.3
 []


Underfull \hbox (badness 10000) in paragraph at lines 458--459
[]|\OT1/cmr/m/n/12 FOb4.3.3.1
 []


Underfull \hbox (badness 10000) in paragraph at lines 460--461
[]|\OT1/cmr/m/n/12 FOb4.3.3.3
 []


Underfull \hbox (badness 10000) in paragraph at lines 462--463
[]|\OT1/cmr/m/n/12 FOb4.3.3.2
 []


Underfull \hbox (badness 10000) in paragraph at lines 464--465
[]|\OT1/cmr/m/n/12 FOb4.3.3.4
 []


Underfull \hbox (badness 10000) in paragraph at lines 466--467
[]|\OT1/cmr/m/n/12 FOb4.4
 []


Underfull \hbox (badness 10000) in paragraph at lines 468--469
[]|\OT1/cmr/m/n/12 FDe4.5
 []


Underfull \hbox (badness 10000) in paragraph at lines 470--471
[]|\OT1/cmr/m/n/12 FOb4.5.1
 []


Underfull \hbox (badness 10000) in paragraph at lines 472--473
[]|\OT1/cmr/m/n/12 FOb4.5.2
 []


Underfull \hbox (badness 10000) in paragraph at lines 474--475
[]|\OT1/cmr/m/n/12 FOb4.6
 []


Underfull \hbox (badness 10000) in paragraph at lines 476--477
[]|\OT1/cmr/m/n/12 FOb4.7
 []


Underfull \hbox (badness 10000) in paragraph at lines 478--479
[]|\OT1/cmr/m/n/12 FOb4.7.1
 []


Underfull \hbox (badness 10000) in paragraph at lines 480--481
[]|\OT1/cmr/m/n/12 FOb4.7.2
 []


Underfull \hbox (badness 10000) in paragraph at lines 482--483
[]|\OT1/cmr/m/n/12 FOb4.7.6
 []


Underfull \hbox (badness 10000) in paragraph at lines 484--485
[]|\OT1/cmr/m/n/12 FOb4.7.3
 []


Underfull \hbox (badness 10000) in paragraph at lines 486--487
[]|\OT1/cmr/m/n/12 FDe4.7.4
 []


Underfull \hbox (badness 10000) in paragraph at lines 488--489
[]|\OT1/cmr/m/n/12 FOb4.7.5
 []

File: ../logo/logo404.png Graphic file (type png)
<use ../logo/logo404.png> [50]
Underfull \hbox (badness 10000) in paragraph at lines 490--491
[]|\OT1/cmr/m/n/12 FOb4.7.5.1
 []


Underfull \hbox (badness 10000) in paragraph at lines 492--493
[]|\OT1/cmr/m/n/12 FOb4.7.5.2
 []


Underfull \hbox (badness 10000) in paragraph at lines 494--495
[]|\OT1/cmr/m/n/12 FOb4.9
 []


Underfull \hbox (badness 10000) in paragraph at lines 496--497
[]|\OT1/cmr/m/n/12 FOb4.9
 []


Underfull \hbox (badness 10000) in paragraph at lines 498--499
[]|\OT1/cmr/m/n/12 FOb4.9
 []


Underfull \hbox (badness 10000) in paragraph at lines 500--501
[]|\OT1/cmr/m/n/12 FOb4.10
 []


Underfull \hbox (badness 10000) in paragraph at lines 502--503
[]|\OT1/cmr/m/n/12 FOb4.8
 []


Underfull \hbox (badness 10000) in paragraph at lines 504--505
[]|\OT1/cmr/m/n/12 FOb5
 []


Underfull \hbox (badness 10000) in paragraph at lines 506--507
[]|\OT1/cmr/m/n/12 FOb6
 []


Underfull \hbox (badness 10000) in paragraph at lines 508--509
[]|\OT1/cmr/m/n/12 FOb6
 []


Underfull \hbox (badness 10000) in paragraph at lines 510--511
[]|\OT1/cmr/m/n/12 FOb6.1
 []


Underfull \hbox (badness 10000) in paragraph at lines 512--513
[]|\OT1/cmr/m/n/12 FOp7
 []


Underfull \hbox (badness 10000) in paragraph at lines 514--515
[]|\OT1/cmr/m/n/12 FOp8
 []


Underfull \hbox (badness 10000) in paragraph at lines 516--517
[]|\OT1/cmr/m/n/12 FOp9
 []


Underfull \hbox (badness 10000) in paragraph at lines 518--519
[]|\OT1/cmr/m/n/12 FOp10
 []


Underfull \hbox (badness 10000) in paragraph at lines 520--521
[]|\OT1/cmr/m/n/12 FOp11
 []


Underfull \hbox (badness 10000) in paragraph at lines 520--521
\OT1/cmr/m/n/12 FOp11.1
 []


Underfull \hbox (badness 10000) in paragraph at lines 520--521
\OT1/cmr/m/n/12 FOp11.2
 []


Underfull \hbox (badness 10000) in paragraph at lines 522--523
[]|\OT1/cmr/m/n/12 FOp11.1
 []


Underfull \hbox (badness 10000) in paragraph at lines 524--525
[]|\OT1/cmr/m/n/12 FOp11.2
 []


Underfull \hbox (badness 10000) in paragraph at lines 526--527
[]|\OT1/cmr/m/n/12 FOp12
 []


Underfull \hbox (badness 10000) in paragraph at lines 528--529
[]|\OT1/cmr/m/n/12 FOb13
 []

File: ../logo/logo404.png Graphic file (type png)
<use ../logo/logo404.png> [51]
Underfull \hbox (badness 10000) in paragraph at lines 530--531
[]|\OT1/cmr/m/n/12 FOb13
 []


Underfull \hbox (badness 10000) in paragraph at lines 532--533
[]|\OT1/cmr/m/n/12 FOb13
 []


Underfull \hbox (badness 10000) in paragraph at lines 534--535
[]|\OT1/cmr/m/n/12 FOb13
 []


Underfull \hbox (badness 10000) in paragraph at lines 536--537
[]|\OT1/cmr/m/n/12 FOb15
 []


Underfull \hbox (badness 10000) in paragraph at lines 538--539
[]|\OT1/cmr/m/n/12 FOb14
 []


Underfull \hbox (badness 10000) in paragraph at lines 540--541
[]|\OT1/cmr/m/n/12 FOb14
 []


Underfull \hbox (badness 10000) in paragraph at lines 542--543
[]|\OT1/cmr/m/n/12 FOb14
 []


Underfull \hbox (badness 10000) in paragraph at lines 544--545
[]|\OT1/cmr/m/n/12 FOb15
 []


Underfull \hbox (badness 10000) in paragraph at lines 546--547
[]|\OT1/cmr/m/n/12 FOb16
 []


Underfull \hbox (badness 10000) in paragraph at lines 548--549
[]|\OT1/cmr/m/n/12 FOb16
 []


Underfull \hbox (badness 10000) in paragraph at lines 550--551
[]|\OT1/cmr/m/n/12 FOb16
 []


Underfull \hbox (badness 10000) in paragraph at lines 552--553
[]|\OT1/cmr/m/n/12 FOb16
 []


Underfull \hbox (badness 10000) in paragraph at lines 554--555
[]|\OT1/cmr/m/n/12 FOb15
 []

File: ../logo/logo404.png Graphic file (type png)
<use ../logo/logo404.png> [52])
File: ../logo/logo404.png Graphic file (type png)
 <use ../logo/logo404.png> [53]
No file AnalisiDeiRequisiti_v2.0.bbl.
AED: lastpage setting LastPage (./AnalisiDeiRequisiti_v2.0.aux) ) 
Here is how much of TeX's memory you used:
 9836 strings out of 493848
 146285 string characters out of 1152823
 257774 words of memory out of 3000000
 12649 multiletter control sequences out of 15000+50000
 9799 words of font info for 34 fonts, out of 3000000 for 9000
 714 hyphenation exceptions out of 8191
 45i,16n,45p,638b,480s stack positions out of 5000i,500n,10000p,200000b,50000s
{/usr/share/te
xmf/fonts/enc/dvips/cm-super/cm-super-ts1.enc}</usr/share/texmf-texlive/fonts/t
ype1/public/amsfonts/cm/cmbx12.pfb></usr/share/texmf-texlive/fonts/type1/public
/amsfonts/cm/cmmi10.pfb></usr/share/texmf-texlive/fonts/type1/public/amsfonts/c
m/cmmi8.pfb></usr/share/texmf-texlive/fonts/type1/public/amsfonts/cm/cmr12.pfb>
</usr/share/texmf-texlive/fonts/type1/public/amsfonts/cm/cmsy10.pfb></usr/share
/texmf-texlive/fonts/type1/public/amsfonts/cm/cmti12.pfb></usr/share/texmf/font
s/type1/public/cm-super/sfrm1200.pfb>
Output written on AnalisiDeiRequisiti_v2.0.pdf (54 pages, 1129776 bytes).
PDF statistics:
 1119 PDF objects out of 1200 (max. 8388607)
 274 named destinations out of 1000 (max. 500000)
 1017 words of extra memory for PDF output out of 10000 (max. 10000000)

