\BOOKMARK [1][-]{section.1}{Introduzione}{}% 1
\BOOKMARK [2][-]{subsection.1.1}{Scopo del documento}{section.1}% 2
\BOOKMARK [2][-]{subsection.1.2}{Scopo del prodotto}{section.1}% 3
\BOOKMARK [2][-]{subsection.1.3}{Come leggere il manuale}{section.1}% 4
\BOOKMARK [2][-]{subsection.1.4}{Glossario}{section.1}% 5
\BOOKMARK [2][-]{subsection.1.5}{Riferimenti}{section.1}% 6
\BOOKMARK [3][-]{subsubsection.1.5.1}{Informativi}{subsection.1.5}% 7
\BOOKMARK [1][-]{section.2}{Istruzioni per l'uso}{}% 8
\BOOKMARK [2][-]{subsection.2.1}{Requisiti di sistema}{section.2}% 9
\BOOKMARK [1][-]{section.3}{File necessari}{}% 10
\BOOKMARK [1][-]{section.4}{Installazione}{}% 11
\BOOKMARK [2][-]{subsection.4.1}{Linux}{section.4}% 12
\BOOKMARK [3][-]{subsubsection.4.1.1}{Installazione curl}{subsection.4.1}% 13
\BOOKMARK [3][-]{subsubsection.4.1.2}{Installazione MeteorJS}{subsection.4.1}% 14
\BOOKMARK [3][-]{subsubsection.4.1.3}{Avvio applicazione}{subsection.4.1}% 15
\BOOKMARK [2][-]{subsection.4.2}{Mac OS}{section.4}% 16
\BOOKMARK [3][-]{subsubsection.4.2.1}{Installazione curl}{subsection.4.2}% 17
\BOOKMARK [3][-]{subsubsection.4.2.2}{Installazione MeteorJS}{subsection.4.2}% 18
\BOOKMARK [3][-]{subsubsection.4.2.3}{Avvio applicazione}{subsection.4.2}% 19
\BOOKMARK [1][-]{section.5}{Consigli}{}% 20
\BOOKMARK [2][-]{subsection.5.1}{Appendice}{section.5}% 21
\BOOKMARK [3][-]{subsubsection.5.1.1}{Glossario}{subsection.5.1}% 22
