\BOOKMARK [1][-]{section.1}{Introduzione}{}% 1
\BOOKMARK [2][-]{subsection.1.1}{Scopo del documento}{section.1}% 2
\BOOKMARK [2][-]{subsection.1.2}{Scopo del Prodotto}{section.1}% 3
\BOOKMARK [2][-]{subsection.1.3}{Glossario}{section.1}% 4
\BOOKMARK [2][-]{subsection.1.4}{Riferimenti}{section.1}% 5
\BOOKMARK [3][-]{subsubsection.1.4.1}{Normativi}{subsection.1.4}% 6
\BOOKMARK [3][-]{subsubsection.1.4.2}{Informativi}{subsection.1.4}% 7
\BOOKMARK [1][-]{section.2}{Visione Generale della Strategia di Verifica}{}% 8
\BOOKMARK [2][-]{subsection.2.1}{Definizione obiettivi}{section.2}% 9
\BOOKMARK [3][-]{subsubsection.2.1.1}{Qualit\340 di Processo}{subsection.2.1}% 10
\BOOKMARK [3][-]{subsubsection.2.1.2}{Qualit\340 di Prodotto}{subsection.2.1}% 11
\BOOKMARK [2][-]{subsection.2.2}{Controllo di qualit\340}{section.2}% 12
\BOOKMARK [3][-]{subsubsection.2.2.1}{Procedure di controllo di qualit\340 di processo}{subsection.2.2}% 13
\BOOKMARK [3][-]{subsubsection.2.2.2}{Procedure di controllo di qualit\340 di prodotto}{subsection.2.2}% 14
\BOOKMARK [2][-]{subsection.2.3}{Organizzazione}{section.2}% 15
\BOOKMARK [2][-]{subsection.2.4}{Pianificazione Strategica e Temporale}{section.2}% 16
\BOOKMARK [3][-]{subsubsection.2.4.1}{Analisi dei Requisiti}{subsection.2.4}% 17
\BOOKMARK [3][-]{subsubsection.2.4.2}{Progettazione Architetturale}{subsection.2.4}% 18
\BOOKMARK [3][-]{subsubsection.2.4.3}{Programmazione di dettaglio e codifica}{subsection.2.4}% 19
\BOOKMARK [3][-]{subsubsection.2.4.4}{Test e Validazione}{subsection.2.4}% 20
\BOOKMARK [2][-]{subsection.2.5}{Responsabilit\340}{section.2}% 21
\BOOKMARK [2][-]{subsection.2.6}{Risorse}{section.2}% 22
\BOOKMARK [2][-]{subsection.2.7}{Strumenti, Tecniche e Metodi}{section.2}% 23
\BOOKMARK [3][-]{subsubsection.2.7.1}{Strumenti}{subsection.2.7}% 24
\BOOKMARK [3][-]{subsubsection.2.7.2}{Tecniche di Analisi}{subsection.2.7}% 25
\BOOKMARK [3][-]{subsubsection.2.7.3}{Misure e Metriche}{subsection.2.7}% 26
\BOOKMARK [1][-]{section.3}{Gestione amministrativa della revisione}{}% 27
\BOOKMARK [2][-]{subsection.3.1}{Comunicazione e risoluzione di anomalie}{section.3}% 28
\BOOKMARK [2][-]{subsection.3.2}{Trattamento delle discrepanze}{section.3}% 29
\BOOKMARK [2][-]{subsection.3.3}{Procedure di controllo di qualit\340 di processo}{section.3}% 30
\BOOKMARK [1][-]{appendix.Alph1}{Obiettivi di Qualit\340}{}% 31
\BOOKMARK [2][-]{subsection.Alph1.1}{Qualit\340 dei Processi}{appendix.Alph1}% 32
\BOOKMARK [2][-]{subsection.Alph1.2}{Qualit\340 del Prodotto}{appendix.Alph1}% 33
\BOOKMARK [3][-]{subsubsection.Alph1.2.1}{Funzionalit\340}{subsection.Alph1.2}% 34
\BOOKMARK [3][-]{subsubsection.Alph1.2.2}{Affidabilit\340}{subsection.Alph1.2}% 35
\BOOKMARK [3][-]{subsubsection.Alph1.2.3}{Efficienza}{subsection.Alph1.2}% 36
\BOOKMARK [3][-]{subsubsection.Alph1.2.4}{Usabilit\340}{subsection.Alph1.2}% 37
\BOOKMARK [3][-]{subsubsection.Alph1.2.5}{Manutenibilit\340}{subsection.Alph1.2}% 38
\BOOKMARK [3][-]{subsubsection.Alph1.2.6}{Portabilit\340}{subsection.Alph1.2}% 39
\BOOKMARK [1][-]{appendix.Alph2}{Pianificazione dei test}{}% 40
\BOOKMARK [2][-]{subsection.Alph2.1}{Test di sistema}{appendix.Alph2}% 41
\BOOKMARK [3][-]{subsubsection.Alph2.1.1}{Descrizione dei test di sistema}{subsection.Alph2.1}% 42
\BOOKMARK [2][-]{subsection.Alph2.2}{Test di integrazione}{appendix.Alph2}% 43
\BOOKMARK [3][-]{subsubsection.Alph2.2.1}{Descrizione dei test di integrazione}{subsection.Alph2.2}% 44
\BOOKMARK [3][-]{subsubsection.Alph2.2.2}{Tracciamento componenti \205 test di integrazione}{subsection.Alph2.2}% 45
\BOOKMARK [2][-]{subsection.Alph2.3}{Test di unit\340}{appendix.Alph2}% 46
\BOOKMARK [2][-]{subsection.Alph2.4}{Test di validazione}{appendix.Alph2}% 47
\BOOKMARK [3][-]{subsubsection.Alph2.4.1}{Test TV1}{subsection.Alph2.4}% 48
\BOOKMARK [3][-]{subsubsection.Alph2.4.2}{Test TV2}{subsection.Alph2.4}% 49
\BOOKMARK [3][-]{subsubsection.Alph2.4.3}{Test TV3}{subsection.Alph2.4}% 50
\BOOKMARK [3][-]{subsubsection.Alph2.4.4}{Test TV4}{subsection.Alph2.4}% 51
\BOOKMARK [3][-]{subsubsection.Alph2.4.5}{Test TV5}{subsection.Alph2.4}% 52
\BOOKMARK [3][-]{subsubsection.Alph2.4.6}{Test TV6}{subsection.Alph2.4}% 53
\BOOKMARK [3][-]{subsubsection.Alph2.4.7}{Test TV7}{subsection.Alph2.4}% 54
\BOOKMARK [3][-]{subsubsection.Alph2.4.8}{Tracciamento Test di Validazione - Requisiti}{subsection.Alph2.4}% 55
\BOOKMARK [2][-]{subsection.Alph2.5}{Copertura dei test}{appendix.Alph2}% 56
\BOOKMARK [2][-]{subsection.Alph2.6}{Analisi delle misurazioni sul codice}{appendix.Alph2}% 57
\BOOKMARK [1][-]{appendix.Alph3}{Resoconto dell'Attivit\340 di Verifica}{}% 58
\BOOKMARK [2][-]{subsection.Alph3.1}{Revisione della Documentazione}{appendix.Alph3}% 59
\BOOKMARK [2][-]{subsection.Alph3.2}{Tracciamento requisiti}{appendix.Alph3}% 60
\BOOKMARK [2][-]{subsection.Alph3.3}{Dettaglio delle verifiche tramite analisi}{appendix.Alph3}% 61
\BOOKMARK [2][-]{subsection.Alph3.4}{Revisione dei Requisiti}{appendix.Alph3}% 62
\BOOKMARK [2][-]{subsection.Alph3.5}{Revisione di Progettazione}{appendix.Alph3}% 63
\BOOKMARK [2][-]{subsection.Alph3.6}{Revisione di Qualifica}{appendix.Alph3}% 64
\BOOKMARK [2][-]{subsection.Alph3.7}{Revisione di Accettazione}{appendix.Alph3}% 65
