\BOOKMARK [1][-]{section.1}{Introduzione}{}% 1
\BOOKMARK [2][-]{subsection.1.1}{Scopo del documento}{section.1}% 2
\BOOKMARK [2][-]{subsection.1.2}{Scopo del Prodotto}{section.1}% 3
\BOOKMARK [2][-]{subsection.1.3}{Glossario}{section.1}% 4
\BOOKMARK [2][-]{subsection.1.4}{Riferimenti}{section.1}% 5
\BOOKMARK [3][-]{subsubsection.1.4.1}{Normativi}{subsection.1.4}% 6
\BOOKMARK [3][-]{subsubsection.1.4.2}{Informativi}{subsection.1.4}% 7
\BOOKMARK [1][-]{section.2}{Visione Generale della Strategia di Verifica}{}% 8
\BOOKMARK [2][-]{subsection.2.1}{Organizzazione}{section.2}% 9
\BOOKMARK [2][-]{subsection.2.2}{Pianificazione Strategica e Temporale}{section.2}% 10
\BOOKMARK [2][-]{subsection.2.3}{Responsabilit\340}{section.2}% 11
\BOOKMARK [2][-]{subsection.2.4}{Risorse}{section.2}% 12
\BOOKMARK [3][-]{subsubsection.2.4.1}{Risorse Necessarie}{subsection.2.4}% 13
\BOOKMARK [3][-]{subsubsection.2.4.2}{Risorse Disponibili}{subsection.2.4}% 14
\BOOKMARK [2][-]{subsection.2.5}{Strumenti, Tecnice e Metodi}{section.2}% 15
\BOOKMARK [3][-]{subsubsection.2.5.1}{Strumenti}{subsection.2.5}% 16
\BOOKMARK [3][-]{subsubsection.2.5.2}{Tecniche}{subsection.2.5}% 17
\BOOKMARK [3][-]{subsubsection.2.5.3}{Metodi}{subsection.2.5}% 18
\BOOKMARK [1][-]{section.3}{Obiettivi di Qualit\340}{}% 19
\BOOKMARK [2][-]{subsection.3.1}{Qualit\340 dei Processi}{section.3}% 20
\BOOKMARK [2][-]{subsection.3.2}{Qualit\340 del Prodotto}{section.3}% 21
\BOOKMARK [3][-]{subsubsection.3.2.1}{Funzionalit\340}{subsection.3.2}% 22
\BOOKMARK [3][-]{subsubsection.3.2.2}{Affidabilit\340}{subsection.3.2}% 23
\BOOKMARK [3][-]{subsubsection.3.2.3}{Efficienza}{subsection.3.2}% 24
\BOOKMARK [3][-]{subsubsection.3.2.4}{Usabilit\340}{subsection.3.2}% 25
\BOOKMARK [3][-]{subsubsection.3.2.5}{Manutenibilit\340}{subsection.3.2}% 26
\BOOKMARK [3][-]{subsubsection.3.2.6}{Portabilit\340}{subsection.3.2}% 27
\BOOKMARK [1][-]{section.4}{Gestione amministrativa della revisione}{}% 28
\BOOKMARK [1][-]{section.5}{Resoconto dell Attivit\340 di Verifica}{}% 29
\BOOKMARK [1][-]{section.6}{Pianificazione ed Esecusione del Collaudo}{}% 30
