\BOOKMARK [1][-]{section.1}{Introduzione}{}% 1
\BOOKMARK [2][-]{subsection.1.1}{Scopo del documento}{section.1}% 2
\BOOKMARK [2][-]{subsection.1.2}{Scopo del Prodotto}{section.1}% 3
\BOOKMARK [2][-]{subsection.1.3}{Glossario}{section.1}% 4
\BOOKMARK [2][-]{subsection.1.4}{Riferimenti}{section.1}% 5
\BOOKMARK [3][-]{subsubsection.1.4.1}{Normativi}{subsection.1.4}% 6
\BOOKMARK [3][-]{subsubsection.1.4.2}{Informativi}{subsection.1.4}% 7
\BOOKMARK [1][-]{section.2}{Visione Generale della Strategia di Verifica}{}% 8
\BOOKMARK [2][-]{subsection.2.1}{Organizzazione}{section.2}% 9
\BOOKMARK [3][-]{subsubsection.2.1.1}{Analisi dei requisiti}{subsection.2.1}% 10
\BOOKMARK [3][-]{subsubsection.2.1.2}{Progettazione}{subsection.2.1}% 11
\BOOKMARK [3][-]{subsubsection.2.1.3}{Realizzazione}{subsection.2.1}% 12
\BOOKMARK [3][-]{subsubsection.2.1.4}{Validazione}{subsection.2.1}% 13
\BOOKMARK [2][-]{subsection.2.2}{Pianificazione Strategica e Temporale}{section.2}% 14
\BOOKMARK [2][-]{subsection.2.3}{Responsabilit\340}{section.2}% 15
\BOOKMARK [2][-]{subsection.2.4}{Risorse}{section.2}% 16
\BOOKMARK [2][-]{subsection.2.5}{Strumenti, Tecniche e Metodi}{section.2}% 17
\BOOKMARK [3][-]{subsubsection.2.5.1}{Strumenti}{subsection.2.5}% 18
\BOOKMARK [3][-]{subsubsection.2.5.2}{Tecniche di Analisi}{subsection.2.5}% 19
\BOOKMARK [3][-]{subsubsection.2.5.3}{Misure e Metriche}{subsection.2.5}% 20
\BOOKMARK [1][-]{section.3}{Obiettivi di Qualit\340}{}% 21
\BOOKMARK [2][-]{subsection.3.1}{Qualit\340 dei Processi}{section.3}% 22
\BOOKMARK [2][-]{subsection.3.2}{Qualit\340 del Prodotto}{section.3}% 23
\BOOKMARK [3][-]{subsubsection.3.2.1}{Funzionalit\340}{subsection.3.2}% 24
\BOOKMARK [3][-]{subsubsection.3.2.2}{Affidabilit\340}{subsection.3.2}% 25
\BOOKMARK [3][-]{subsubsection.3.2.3}{Efficienza}{subsection.3.2}% 26
\BOOKMARK [3][-]{subsubsection.3.2.4}{Usabilit\340}{subsection.3.2}% 27
\BOOKMARK [3][-]{subsubsection.3.2.5}{Manutenibilit\340}{subsection.3.2}% 28
\BOOKMARK [3][-]{subsubsection.3.2.6}{Portabilit\340}{subsection.3.2}% 29
\BOOKMARK [1][-]{section.4}{Gestione amministrativa della revisione}{}% 30
\BOOKMARK [2][-]{subsection.4.1}{Comunicazione e risoluzione di anomalie}{section.4}% 31
\BOOKMARK [2][-]{subsection.4.2}{Trattamento delle discrepanze}{section.4}% 32
\BOOKMARK [2][-]{subsection.4.3}{Procedure di controllo di qualit\340 di processo}{section.4}% 33
\BOOKMARK [1][-]{appendix.Alph1}{Resoconto dell' Attivit\340 di Verifica}{}% 34
\BOOKMARK [2][-]{subsection.Alph1.1}{Revisione della Documentazione}{appendix.Alph1}% 35
\BOOKMARK [2][-]{subsection.Alph1.2}{Tracciamento requisiti}{appendix.Alph1}% 36
\BOOKMARK [2][-]{subsection.Alph1.3}{Dettaglio delle verifiche tramite analisi}{appendix.Alph1}% 37
\BOOKMARK [2][-]{subsection.Alph1.4}{Revisione dei Requisiti}{appendix.Alph1}% 38
\BOOKMARK [2][-]{subsection.Alph1.5}{Revisione di Progettazione}{appendix.Alph1}% 39
