\BOOKMARK [1][-]{section.1}{Introduzione}{}
\BOOKMARK [2][-]{subsection.1.1}{Scopo del documento}{section.1}
\BOOKMARK [2][-]{subsection.1.2}{Glossario}{section.1}
\BOOKMARK [2][-]{subsection.1.3}{Riferimenti}{section.1}
\BOOKMARK [3][-]{subsubsection.1.3.1}{Normativi}{subsection.1.3}
\BOOKMARK [3][-]{subsubsection.1.3.2}{Informativi}{subsection.1.3}
\BOOKMARK [1][-]{section.2}{Capiotlato C4 - Premi: ``better than Prezi''}{}
\BOOKMARK [2][-]{subsection.2.1}{Descrizione}{section.2}
\BOOKMARK [2][-]{subsection.2.2}{Studio del dominio}{section.2}
\BOOKMARK [3][-]{subsubsection.2.2.1}{Dominio applicativo}{subsection.2.2}
\BOOKMARK [3][-]{subsubsection.2.2.2}{Dominio tecnologico}{subsection.2.2}
\BOOKMARK [2][-]{subsection.2.3}{Fattibilit\340}{section.2}
\BOOKMARK [2][-]{subsection.2.4}{Potenziali criticit\340}{section.2}
\BOOKMARK [1][-]{section.3}{Confronto con gli altri capitolati}{}
\BOOKMARK [2][-]{subsection.3.1}{Capitolato C1 - BDSMApp: Big Data Social Monitoring App}{section.3}
\BOOKMARK [3][-]{subsubsection.3.1.1}{Dominio delle Applicazioni}{subsection.3.1}
\BOOKMARK [3][-]{subsubsection.3.1.2}{Conoscenze interne}{subsection.3.1}
\BOOKMARK [3][-]{subsubsection.3.1.3}{Analisi dei rischi}{subsection.3.1}
\BOOKMARK [3][-]{subsubsection.3.1.4}{Punti a favore}{subsection.3.1}
\BOOKMARK [2][-]{subsection.3.2}{Capitolato C2 - GUS: Glass \(Uni\) Scanner}{section.3}
\BOOKMARK [3][-]{subsubsection.3.2.1}{Dominio delle Applicazioni}{subsection.3.2}
\BOOKMARK [3][-]{subsubsection.3.2.2}{Conoscenze interne}{subsection.3.2}
\BOOKMARK [3][-]{subsubsection.3.2.3}{Analisi dei rischi}{subsection.3.2}
\BOOKMARK [3][-]{subsubsection.3.2.4}{Punti a favore}{subsection.3.2}
\BOOKMARK [2][-]{subsection.3.3}{Capitolato C3 - Norris: Node Real-time Intelligence}{section.3}
\BOOKMARK [3][-]{subsubsection.3.3.1}{Dominio delle Applicazioni}{subsection.3.3}
\BOOKMARK [3][-]{subsubsection.3.3.2}{Conoscenze interne}{subsection.3.3}
\BOOKMARK [3][-]{subsubsection.3.3.3}{Analisi dei rischi}{subsection.3.3}
\BOOKMARK [3][-]{subsubsection.3.3.4}{Punti a favore}{subsection.3.3}
\BOOKMARK [2][-]{subsection.3.4}{Capitolato C5 - sHike: A smart cloud and mobile platform appliance for the safety and health in mountain hiking}{section.3}
\BOOKMARK [3][-]{subsubsection.3.4.1}{Dominio delle Applicazioni}{subsection.3.4}
\BOOKMARK [3][-]{subsubsection.3.4.2}{Conoscenze interne}{subsection.3.4}
\BOOKMARK [3][-]{subsubsection.3.4.3}{Analisi dei rischi}{subsection.3.4}
\BOOKMARK [3][-]{subsubsection.3.4.4}{Punti a favore}{subsection.3.4}
\BOOKMARK [1][-]{section.4}{Conclusioni}{}
