\BOOKMARK [1][-]{section.1}{Introduzione}{}% 1
\BOOKMARK [2][-]{subsection.1.1}{Scopo del documento}{section.1}% 2
\BOOKMARK [2][-]{subsection.1.2}{Scopo del Prodotto}{section.1}% 3
\BOOKMARK [2][-]{subsection.1.3}{Glossario}{section.1}% 4
\BOOKMARK [2][-]{subsection.1.4}{Riferimenti}{section.1}% 5
\BOOKMARK [1][-]{section.2}{Collaborazione}{}% 6
\BOOKMARK [2][-]{subsection.2.1}{Comunicazioni}{section.2}% 7
\BOOKMARK [3][-]{subsubsection.2.1.1}{Comunicazioni esterne}{subsection.2.1}% 8
\BOOKMARK [3][-]{subsubsection.2.1.2}{Comunicazioni interne}{subsection.2.1}% 9
\BOOKMARK [3][-]{subsubsection.2.1.3}{Compisizione e-mail}{subsection.2.1}% 10
\BOOKMARK [2][-]{subsection.2.2}{Riunioni}{section.2}% 11
\BOOKMARK [3][-]{subsubsection.2.2.1}{Riunioni interne}{subsection.2.2}% 12
\BOOKMARK [3][-]{subsubsection.2.2.2}{Riunioni Esterne}{subsection.2.2}% 13
\BOOKMARK [2][-]{subsection.2.3}{Metodi di Condivisione}{section.2}% 14
\BOOKMARK [3][-]{subsubsection.2.3.1}{GitHub}{subsection.2.3}% 15
\BOOKMARK [2][-]{subsection.2.4}{Condivisione file}{section.2}% 16
\BOOKMARK [1][-]{section.3}{Documenti}{}% 17
\BOOKMARK [2][-]{subsection.3.1}{Template}{section.3}% 18
\BOOKMARK [2][-]{subsection.3.2}{Struttura del documento}{section.3}% 19
\BOOKMARK [3][-]{subsubsection.3.2.1}{Prima pagina}{subsection.3.2}% 20
\BOOKMARK [3][-]{subsubsection.3.2.2}{Registro delle modifiche}{subsection.3.2}% 21
\BOOKMARK [3][-]{subsubsection.3.2.3}{Indici}{subsection.3.2}% 22
\BOOKMARK [3][-]{subsubsection.3.2.4}{Formattazione generale delle pagine}{subsection.3.2}% 23
\BOOKMARK [2][-]{subsection.3.3}{Norme tipografiche}{section.3}% 24
\BOOKMARK [3][-]{subsubsection.3.3.1}{Punteggiatura}{subsection.3.3}% 25
\BOOKMARK [3][-]{subsubsection.3.3.2}{Stile del testo}{subsection.3.3}% 26
\BOOKMARK [3][-]{subsubsection.3.3.3}{Composizione del testo}{subsection.3.3}% 27
\BOOKMARK [3][-]{subsubsection.3.3.4}{Formati}{subsection.3.3}% 28
\BOOKMARK [3][-]{subsubsection.3.3.5}{Sigle}{subsection.3.3}% 29
\BOOKMARK [2][-]{subsection.3.4}{Componenti grafiche}{section.3}% 30
\BOOKMARK [3][-]{subsubsection.3.4.1}{Tabelle}{subsection.3.4}% 31
\BOOKMARK [3][-]{subsubsection.3.4.2}{Immagini}{subsection.3.4}% 32
\BOOKMARK [2][-]{subsection.3.5}{Classificazione dei documenti}{section.3}% 33
\BOOKMARK [3][-]{subsubsection.3.5.1}{Documenti informali}{subsection.3.5}% 34
\BOOKMARK [3][-]{subsubsection.3.5.2}{Documenti formali}{subsection.3.5}% 35
\BOOKMARK [2][-]{subsection.3.6}{Versionamento}{section.3}% 36
\BOOKMARK [2][-]{subsection.3.7}{Ciclo di vita}{section.3}% 37
\BOOKMARK [2][-]{subsection.3.8}{Glossario}{section.3}% 38
\BOOKMARK [1][-]{section.4}{Risorse}{}% 39
\BOOKMARK [2][-]{subsection.4.1}{Risorse Necessarie}{section.4}% 40
\BOOKMARK [3][-]{subsubsection.4.1.1}{Risorse Umane}{subsection.4.1}% 41
\BOOKMARK [3][-]{subsubsection.4.1.2}{Risorse Software}{subsection.4.1}% 42
\BOOKMARK [3][-]{subsubsection.4.1.3}{Risorse Hardware}{subsection.4.1}% 43
\BOOKMARK [2][-]{subsection.4.2}{Risorse Disponibili}{section.4}% 44
\BOOKMARK [3][-]{subsubsection.4.2.1}{Risorse Software}{subsection.4.2}% 45
\BOOKMARK [3][-]{subsubsection.4.2.2}{Risorse Hardware}{subsection.4.2}% 46
\BOOKMARK [1][-]{section.5}{Procedure a supporto dei processi}{}% 47
\BOOKMARK [2][-]{subsection.5.1}{Gestione di Progetto}{section.5}% 48
\BOOKMARK [3][-]{subsubsection.5.1.1}{Pianificazione delle attivit\340}{subsection.5.1}% 49
\BOOKMARK [3][-]{subsubsection.5.1.2}{Assegnare attivit\340 a risorse}{subsection.5.1}% 50
\BOOKMARK [3][-]{subsubsection.5.1.3}{Studio dei rischi}{subsection.5.1}% 51
\BOOKMARK [2][-]{subsection.5.2}{Analisi dei Requisiti}{section.5}% 52
\BOOKMARK [3][-]{subsubsection.5.2.1}{Studio di Fattibilit\340}{subsection.5.2}% 53
\BOOKMARK [3][-]{subsubsection.5.2.2}{Requisiti}{subsection.5.2}% 54
\BOOKMARK [3][-]{subsubsection.5.2.3}{Casi d'Uso}{subsection.5.2}% 55
\BOOKMARK [3][-]{subsubsection.5.2.4}{Tracciamento}{subsection.5.2}% 56
\BOOKMARK [2][-]{subsection.5.3}{Progettazione Architetturale}{section.5}% 57
\BOOKMARK [3][-]{subsubsection.5.3.1}{Specifica Tecnica}{subsection.5.3}% 58
\BOOKMARK [2][-]{subsection.5.4}{Progettazione di Dettaglio}{section.5}% 59
\BOOKMARK [3][-]{subsubsection.5.4.1}{Definizione di Prodotto}{subsection.5.4}% 60
\BOOKMARK [2][-]{subsection.5.5}{Verifica}{section.5}% 61
\BOOKMARK [3][-]{subsubsection.5.5.1}{Verifica dei documenti}{subsection.5.5}% 62
\BOOKMARK [3][-]{subsubsection.5.5.2}{Verifica dei diagrammi UML}{subsection.5.5}% 63
\BOOKMARK [3][-]{subsubsection.5.5.3}{Verifica del codice}{subsection.5.5}% 64
\BOOKMARK [3][-]{subsubsection.5.5.4}{Gestione delle anomalie}{subsection.5.5}% 65
\BOOKMARK [2][-]{subsection.5.6}{Codifica}{section.5}% 66
\BOOKMARK [3][-]{subsubsection.5.6.1}{Codifica e convenzioni}{subsection.5.6}% 67
\BOOKMARK [3][-]{subsubsection.5.6.2}{Nomi e norme stilistiche}{subsection.5.6}% 68
\BOOKMARK [3][-]{subsubsection.5.6.3}{Ricorsione}{subsection.5.6}% 69
\BOOKMARK [3][-]{subsubsection.5.6.4}{Intestazione File}{subsection.5.6}% 70
\BOOKMARK [2][-]{subsection.5.7}{Procedure per l'utilizzo del repository}{section.5}% 71
\BOOKMARK [3][-]{subsubsection.5.7.1}{Creare una milestone}{subsection.5.7}% 72
\BOOKMARK [3][-]{subsubsection.5.7.2}{Creare un ticket}{subsection.5.7}% 73
\BOOKMARK [3][-]{subsubsection.5.7.3}{Eseguire il compito}{subsection.5.7}% 74
\BOOKMARK [3][-]{subsubsection.5.7.4}{Verifica del compito}{subsection.5.7}% 75
\BOOKMARK [3][-]{subsubsection.5.7.5}{Chiudere una milestone}{subsection.5.7}% 76
\BOOKMARK [1][-]{section.6}{Ambiente di Lavoro}{}% 77
\BOOKMARK [2][-]{subsection.6.1}{Coordinamento}{section.6}% 78
\BOOKMARK [3][-]{subsubsection.6.1.1}{Software di versionamento}{subsection.6.1}% 79
\BOOKMARK [3][-]{subsubsection.6.1.2}{Condivisione dei file}{subsection.6.1}% 80
\BOOKMARK [3][-]{subsubsection.6.1.3}{Google Calendar}{subsection.6.1}% 81
\BOOKMARK [3][-]{subsubsection.6.1.4}{Mozilla Thunderbird}{subsection.6.1}% 82
\BOOKMARK [2][-]{subsection.6.2}{Pianificazione}{section.6}% 83
\BOOKMARK [3][-]{subsubsection.6.2.1}{Modalit\340 di utilizzo}{subsection.6.2}% 84
\BOOKMARK [2][-]{subsection.6.3}{Strumenti per la documentazione}{section.6}% 85
\BOOKMARK [3][-]{subsubsection.6.3.1}{Stesura documenti}{subsection.6.3}% 86
\BOOKMARK [3][-]{subsubsection.6.3.2}{Verifica}{subsection.6.3}% 87
\BOOKMARK [3][-]{subsubsection.6.3.3}{Diagrammi UML}{subsection.6.3}% 88
\BOOKMARK [2][-]{subsection.6.4}{Strumenti di sviluppo}{section.6}% 89
\BOOKMARK [3][-]{subsubsection.6.4.1}{Ambiente}{subsection.6.4}% 90
\BOOKMARK [3][-]{subsubsection.6.4.2}{Framework}{subsection.6.4}% 91
\BOOKMARK [3][-]{subsubsection.6.4.3}{Linee Guida}{subsection.6.4}% 92
\BOOKMARK [2][-]{subsection.6.5}{Strmenti di codifica}{section.6}% 93
\BOOKMARK [3][-]{subsubsection.6.5.1}{Stesura}{subsection.6.5}% 94
\BOOKMARK [2][-]{subsection.6.6}{Strumenti di Verifica}{section.6}% 95
\BOOKMARK [3][-]{subsubsection.6.6.1}{Ambiente Desktop}{subsection.6.6}% 96
\BOOKMARK [3][-]{subsubsection.6.6.2}{Ambiente Mobile}{subsection.6.6}% 97
\BOOKMARK [3][-]{subsubsection.6.6.3}{Ambiente Server}{subsection.6.6}% 98
