\BOOKMARK [1][-]{section.1}{Introduzione}{}% 1
\BOOKMARK [2][-]{subsection.1.1}{Scopo del documento}{section.1}% 2
\BOOKMARK [2][-]{subsection.1.2}{Scopo del Progetto}{section.1}% 3
\BOOKMARK [2][-]{subsection.1.3}{Glossario}{section.1}% 4
\BOOKMARK [1][-]{section.2}{Comunicazioni}{}% 5
\BOOKMARK [2][-]{subsection.2.1}{Comunicazioni esterne}{section.2}% 6
\BOOKMARK [2][-]{subsection.2.2}{Comunicazioni interne}{section.2}% 7
\BOOKMARK [2][-]{subsection.2.3}{Compisizione e-mail}{section.2}% 8
\BOOKMARK [3][-]{subsubsection.2.3.1}{Destinatario}{subsection.2.3}% 9
\BOOKMARK [3][-]{subsubsection.2.3.2}{Mittente}{subsection.2.3}% 10
\BOOKMARK [3][-]{subsubsection.2.3.3}{Oggetto}{subsection.2.3}% 11
\BOOKMARK [3][-]{subsubsection.2.3.4}{Corpo}{subsection.2.3}% 12
\BOOKMARK [3][-]{subsubsection.2.3.5}{Firma}{subsection.2.3}% 13
\BOOKMARK [3][-]{subsubsection.2.3.6}{Allegati}{subsection.2.3}% 14
\BOOKMARK [1][-]{section.3}{Riunioni}{}% 15
\BOOKMARK [2][-]{subsection.3.1}{Frequenza}{section.3}% 16
\BOOKMARK [2][-]{subsection.3.2}{Convocazione Riunioni}{section.3}% 17
\BOOKMARK [3][-]{subsubsection.3.2.1}{Riunioni interne}{subsection.3.2}% 18
\BOOKMARK [3][-]{subsubsection.3.2.2}{Riunioni Esterne}{subsection.3.2}% 19
\BOOKMARK [1][-]{section.4}{Metodi di Condivisione}{}% 20
\BOOKMARK [2][-]{subsection.4.1}{Google Calendar}{section.4}% 21
\BOOKMARK [2][-]{subsection.4.2}{Google Drive}{section.4}% 22
\BOOKMARK [2][-]{subsection.4.3}{GitHub}{section.4}% 23
\BOOKMARK [1][-]{section.5}{Procedura per lo sviluppo dell'applicazione}{}% 24
\BOOKMARK [2][-]{subsection.5.1}{Creare una milestone}{section.5}% 25
\BOOKMARK [2][-]{subsection.5.2}{Creare un ticket}{section.5}% 26
\BOOKMARK [2][-]{subsection.5.3}{Eseguire il compito}{section.5}% 27
\BOOKMARK [2][-]{subsection.5.4}{Fase di Verifica}{section.5}% 28
\BOOKMARK [2][-]{subsection.5.5}{Chiudere una milestone}{section.5}% 29
\BOOKMARK [1][-]{section.6}{Analisi dei Requisiti}{}% 30
\BOOKMARK [2][-]{subsection.6.1}{Studio di Fattibilit\340}{section.6}% 31
\BOOKMARK [2][-]{subsection.6.2}{Requisiti}{section.6}% 32
\BOOKMARK [2][-]{subsection.6.3}{Casi d'Uso}{section.6}% 33
\BOOKMARK [2][-]{subsection.6.4}{Tracciamento}{section.6}% 34
\BOOKMARK [1][-]{section.7}{Glossario}{}% 35
