\BOOKMARK [1][-]{section.1}{Introduzione}{}% 1
\BOOKMARK [2][-]{subsection.1.1}{Scopo del documento}{section.1}% 2
\BOOKMARK [2][-]{subsection.1.2}{Scopo del Prodotto}{section.1}% 3
\BOOKMARK [2][-]{subsection.1.3}{Glossario}{section.1}% 4
\BOOKMARK [2][-]{subsection.1.4}{Riferimenti}{section.1}% 5
\BOOKMARK [3][-]{subsubsection.1.4.1}{Informativi}{subsection.1.4}% 6
\BOOKMARK [1][-]{section.2}{Comunicazioni}{}% 7
\BOOKMARK [2][-]{subsection.2.1}{Comunicazioni esterne}{section.2}% 8
\BOOKMARK [2][-]{subsection.2.2}{Comunicazioni interne}{section.2}% 9
\BOOKMARK [2][-]{subsection.2.3}{Compisizione e-mail}{section.2}% 10
\BOOKMARK [3][-]{subsubsection.2.3.1}{Destinatario}{subsection.2.3}% 11
\BOOKMARK [3][-]{subsubsection.2.3.2}{Mittente}{subsection.2.3}% 12
\BOOKMARK [3][-]{subsubsection.2.3.3}{Oggetto}{subsection.2.3}% 13
\BOOKMARK [3][-]{subsubsection.2.3.4}{Corpo}{subsection.2.3}% 14
\BOOKMARK [3][-]{subsubsection.2.3.5}{Firma}{subsection.2.3}% 15
\BOOKMARK [3][-]{subsubsection.2.3.6}{Allegati}{subsection.2.3}% 16
\BOOKMARK [1][-]{section.3}{Riunioni}{}% 17
\BOOKMARK [2][-]{subsection.3.1}{Frequenza}{section.3}% 18
\BOOKMARK [2][-]{subsection.3.2}{Convocazione Riunioni}{section.3}% 19
\BOOKMARK [3][-]{subsubsection.3.2.1}{Riunioni interne}{subsection.3.2}% 20
\BOOKMARK [3][-]{subsubsection.3.2.2}{Riunioni Esterne}{subsection.3.2}% 21
\BOOKMARK [1][-]{section.4}{Metodi di Condivisione}{}% 22
\BOOKMARK [2][-]{subsection.4.1}{Google Calendar}{section.4}% 23
\BOOKMARK [2][-]{subsection.4.2}{Google Drive}{section.4}% 24
\BOOKMARK [2][-]{subsection.4.3}{GitHub}{section.4}% 25
\BOOKMARK [2][-]{subsection.4.4}{Mega}{section.4}% 26
\BOOKMARK [1][-]{section.5}{Procedura per lo sviluppo dell'applicazione}{}% 27
\BOOKMARK [2][-]{subsection.5.1}{Creare una milestone}{section.5}% 28
\BOOKMARK [2][-]{subsection.5.2}{Creare un ticket}{section.5}% 29
\BOOKMARK [2][-]{subsection.5.3}{Eseguire il compito}{section.5}% 30
\BOOKMARK [2][-]{subsection.5.4}{Fase di Verifica}{section.5}% 31
\BOOKMARK [2][-]{subsection.5.5}{Chiudere una milestone}{section.5}% 32
\BOOKMARK [1][-]{section.6}{Documenti}{}% 33
\BOOKMARK [2][-]{subsection.6.1}{Template}{section.6}% 34
\BOOKMARK [2][-]{subsection.6.2}{Struttura del documento}{section.6}% 35
\BOOKMARK [3][-]{subsubsection.6.2.1}{Prima pagina}{subsection.6.2}% 36
\BOOKMARK [3][-]{subsubsection.6.2.2}{Registro delle modifiche}{subsection.6.2}% 37
\BOOKMARK [3][-]{subsubsection.6.2.3}{Indici}{subsection.6.2}% 38
\BOOKMARK [3][-]{subsubsection.6.2.4}{Formattazione generale delle pagine}{subsection.6.2}% 39
\BOOKMARK [2][-]{subsection.6.3}{Norme tipografiche}{section.6}% 40
\BOOKMARK [3][-]{subsubsection.6.3.1}{Punteggiatura}{subsection.6.3}% 41
\BOOKMARK [3][-]{subsubsection.6.3.2}{Stile del testo}{subsection.6.3}% 42
\BOOKMARK [3][-]{subsubsection.6.3.3}{Composizione del testo}{subsection.6.3}% 43
\BOOKMARK [3][-]{subsubsection.6.3.4}{Formati}{subsection.6.3}% 44
\BOOKMARK [3][-]{subsubsection.6.3.5}{Sigle}{subsection.6.3}% 45
\BOOKMARK [2][-]{subsection.6.4}{Componenti grafiche}{section.6}% 46
\BOOKMARK [3][-]{subsubsection.6.4.1}{Tabelle}{subsection.6.4}% 47
\BOOKMARK [3][-]{subsubsection.6.4.2}{Immagini}{subsection.6.4}% 48
\BOOKMARK [2][-]{subsection.6.5}{Classificazione dei documenti}{section.6}% 49
\BOOKMARK [3][-]{subsubsection.6.5.1}{Documenti informali}{subsection.6.5}% 50
\BOOKMARK [3][-]{subsubsection.6.5.2}{Documenti formali}{subsection.6.5}% 51
\BOOKMARK [2][-]{subsection.6.6}{Versionamento}{section.6}% 52
\BOOKMARK [2][-]{subsection.6.7}{Ciclo di vita}{section.6}% 53
\BOOKMARK [1][-]{section.7}{Ambiente di Lavoro}{}% 54
\BOOKMARK [2][-]{subsection.7.1}{Coordinamento}{section.7}% 55
\BOOKMARK [2][-]{subsection.7.2}{Ambiente Documentale}{section.7}% 56
\BOOKMARK [2][-]{subsection.7.3}{Linee Guida}{section.7}% 57
\BOOKMARK [2][-]{subsection.7.4}{Framework}{section.7}% 58
\BOOKMARK [2][-]{subsection.7.5}{Ambiente di Sviluppo}{section.7}% 59
\BOOKMARK [2][-]{subsection.7.6}{Ambiente di Verifica}{section.7}% 60
\BOOKMARK [1][-]{section.8}{Glossario}{}% 61
