This is pdfTeX, Version 3.1415926-2.5-1.40.14 (MiKTeX 2.9) (preloaded format=pdflatex 2015.1.19)  18 AUG 2015 17:06
entering extended mode
**NormeDiProgetto_v2.0.tex

("C:\Users\Monica_Manuto\Downloads\GitPortable\App\Git\premi-documents\Norme di
 Progetto\NormeDiProgetto_v2.0.tex"
LaTeX2e <2014/05/01>
Babel <3.9l> and hyphenation patterns for 68 languages loaded.
(F:\MiKTeX\tex\latex\base\article.cls
Document Class: article 2014/09/29 v1.4h Standard LaTeX document class
(F:\MiKTeX\tex\latex\base\size12.clo
File: size12.clo 2014/09/29 v1.4h Standard LaTeX file (size option)
)
\c@part=\count79
\c@section=\count80
\c@subsection=\count81
\c@subsubsection=\count82
\c@paragraph=\count83
\c@subparagraph=\count84
\c@figure=\count85
\c@table=\count86
\abovecaptionskip=\skip41
\belowcaptionskip=\skip42
\bibindent=\dimen102
)
(C:\Users\Monica_Manuto\Downloads\GitPortable\App\Git\premi-documents\style.sty
(F:\MiKTeX\tex\latex\babel\babel.sty
Package: babel 2014/09/25 3.9l The Babel package

*************************************
* Local config file bblopts.cfg used
*
(F:\MiKTeX\tex\latex\00miktex\bblopts.cfg
File: bblopts.cfg 2006/07/31 v1.0 MiKTeX 'babel' configuration
)
(F:\MiKTeX\tex\latex\babel-italian\italian.ldf
Language: italian 2014/03/29 v1.3k Italian support from the babel system

(F:\MiKTeX\tex\latex\babel\babel.def
File: babel.def 2014/09/25 3.9l Babel common definitions
\babel@savecnt=\count87
\U@D=\dimen103
)
\it@lettering=\count88
\it@doublequoteactive=\count89
\it@ISOcompliance=\count90
\Virgola=\count91
))
(F:\MiKTeX\tex\latex\etoolbox\etoolbox.sty
Package: etoolbox 2011/01/03 v2.1 e-TeX tools for LaTeX
 (F:\MiKTeX\tex\latex\misc\etex.sty
Package: etex 1998/03/26 v2.0 eTeX basic definition package (PEB)
\et@xins=\count92
)
\etb@tempcnta=\count93
) (F:\MiKTeX\tex\latex\base\inputenc.sty
Package: inputenc 2014/04/30 v1.2b Input encoding file
\inpenc@prehook=\toks14
\inpenc@posthook=\toks15
 (F:\MiKTeX\tex\latex\ucs\utf8x.def
File: utf8x.def 2004/10/17 UCS: Input encoding UTF-8
))
(F:\MiKTeX\tex\latex\ucs\ucs.sty
Package: ucs 2013/05/11 v2.2 UCS: Unicode input support
 (F:\MiKTeX\tex\latex\ucs\uni-global.def
File: uni-global.def 2013/05/13 UCS: Unicode global data
)
\uc@secondtry=\count94
\uc@combtoks=\toks16
\uc@combtoksb=\toks17
\uc@temptokena=\toks18
)
(F:\MiKTeX\tex\latex\url\url.sty
\Urlmuskip=\muskip10
Package: url 2013/09/16  ver 3.4  Verb mode for urls, etc.
) (F:\MiKTeX\tex\latex\listings\listings.sty
(F:\MiKTeX\tex\latex\graphics\keyval.sty
Package: keyval 2014/10/28 v1.15 key=value parser (DPC)
\KV@toks@=\toks19
)
\lst@mode=\count95
\lst@gtempboxa=\box26
\lst@token=\toks20
\lst@length=\count96
\lst@currlwidth=\dimen104
\lst@column=\count97
\lst@pos=\count98
\lst@lostspace=\dimen105
\lst@width=\dimen106
\lst@newlines=\count99
\lst@lineno=\count100
\lst@maxwidth=\dimen107

(F:\MiKTeX\tex\latex\listings\lstmisc.sty
File: lstmisc.sty 2014/09/06 1.5e (Carsten Heinz)
\c@lstnumber=\count101
\lst@skipnumbers=\count102
\lst@framebox=\box27
)
(F:\MiKTeX\tex\latex\listings\listings.cfg
File: listings.cfg 2014/09/06 1.5e listings configuration
))
Package: listings 2014/09/06 1.5e (Carsten Heinz)

(F:\MiKTeX\tex\latex\caption\caption.sty
Package: caption 2013/05/02 v3.3-89 Customizing captions (AR)

(F:\MiKTeX\tex\latex\caption\caption3.sty
Package: caption3 2013/05/02 v1.6-88 caption3 kernel (AR)
Package caption3 Info: TeX engine: e-TeX on input line 57.
\captionmargin=\dimen108
\captionmargin@=\dimen109
\captionwidth=\dimen110
\caption@tempdima=\dimen111
\caption@indent=\dimen112
\caption@parindent=\dimen113
\caption@hangindent=\dimen114
)
\c@ContinuedFloat=\count103
Package caption Info: listings package is loaded.
)
(F:\MiKTeX\tex\latex\subfigure\subfigure.sty
Package: subfigure 2002/07/30 v2.1.4 subfigure package
\subfigtopskip=\skip43
\subfigcapskip=\skip44
\subfigcaptopadj=\dimen115
\subfigbottomskip=\skip45
\subfigcapmargin=\dimen116
\subfiglabelskip=\skip46
\c@subfigure=\count104
\c@lofdepth=\count105
\c@subtable=\count106
\c@lotdepth=\count107

****************************************
* Local config file subfigure.cfg used *
****************************************
(F:\MiKTeX\tex\latex\subfigure\subfigure.cfg)
\subfig@top=\skip47
\subfig@bottom=\skip48
)
(F:\MiKTeX\tex\latex\graphics\color.sty
Package: color 2014/10/28 v1.1a Standard LaTeX Color (DPC)
 (F:\MiKTeX\tex\latex\00miktex\color.cfg
File: color.cfg 2007/01/18 v1.5 color configuration of teTeX/TeXLive
)
Package color Info: Driver file: pdftex.def on input line 137.
 (F:\MiKTeX\tex\latex\pdftex-def\pdftex.def
File: pdftex.def 2011/05/27 v0.06d Graphics/color for pdfTeX

(F:\MiKTeX\tex\generic\oberdiek\infwarerr.sty
Package: infwarerr 2010/04/08 v1.3 Providing info/warning/error messages (HO)
)
(F:\MiKTeX\tex\generic\oberdiek\ltxcmds.sty
Package: ltxcmds 2011/11/09 v1.22 LaTeX kernel commands for general use (HO)
)
\Gread@gobject=\count108
))
(F:\MiKTeX\tex\latex\lastpage\lastpage.sty
Package: lastpage 2013/01/28 v1.2l Refers to last page's name (HMM; JPG)
)
(F:\MiKTeX\tex\latex\base\textcomp.sty
Package: textcomp 2005/09/27 v1.99g Standard LaTeX package
Package textcomp Info: Sub-encoding information:
(textcomp)               5 = only ISO-Adobe without \textcurrency
(textcomp)               4 = 5 + \texteuro
(textcomp)               3 = 4 + \textohm
(textcomp)               2 = 3 + \textestimated + \textcurrency
(textcomp)               1 = TS1 - \textcircled - \t
(textcomp)               0 = TS1 (full)
(textcomp)             Font families with sub-encoding setting implement
(textcomp)             only a restricted character set as indicated.
(textcomp)             Family '?' is the default used for unknown fonts.
(textcomp)             See the documentation for details.
Package textcomp Info: Setting ? sub-encoding to TS1/1 on input line 71.
 (F:\MiKTeX\tex\latex\base\ts1enc.def
File: ts1enc.def 2001/06/05 v3.0e (jk/car/fm) Standard LaTeX file
)
LaTeX Info: Redefining \oldstylenums on input line 266.
Package textcomp Info: Setting cmr sub-encoding to TS1/0 on input line 281.
Package textcomp Info: Setting cmss sub-encoding to TS1/0 on input line 282.
Package textcomp Info: Setting cmtt sub-encoding to TS1/0 on input line 283.
Package textcomp Info: Setting cmvtt sub-encoding to TS1/0 on input line 284.
Package textcomp Info: Setting cmbr sub-encoding to TS1/0 on input line 285.
Package textcomp Info: Setting cmtl sub-encoding to TS1/0 on input line 286.
Package textcomp Info: Setting ccr sub-encoding to TS1/0 on input line 287.
Package textcomp Info: Setting ptm sub-encoding to TS1/4 on input line 288.
Package textcomp Info: Setting pcr sub-encoding to TS1/4 on input line 289.
Package textcomp Info: Setting phv sub-encoding to TS1/4 on input line 290.
Package textcomp Info: Setting ppl sub-encoding to TS1/3 on input line 291.
Package textcomp Info: Setting pag sub-encoding to TS1/4 on input line 292.
Package textcomp Info: Setting pbk sub-encoding to TS1/4 on input line 293.
Package textcomp Info: Setting pnc sub-encoding to TS1/4 on input line 294.
Package textcomp Info: Setting pzc sub-encoding to TS1/4 on input line 295.
Package textcomp Info: Setting bch sub-encoding to TS1/4 on input line 296.
Package textcomp Info: Setting put sub-encoding to TS1/5 on input line 297.
Package textcomp Info: Setting uag sub-encoding to TS1/5 on input line 298.
Package textcomp Info: Setting ugq sub-encoding to TS1/5 on input line 299.
Package textcomp Info: Setting ul8 sub-encoding to TS1/4 on input line 300.
Package textcomp Info: Setting ul9 sub-encoding to TS1/4 on input line 301.
Package textcomp Info: Setting augie sub-encoding to TS1/5 on input line 302.
Package textcomp Info: Setting dayrom sub-encoding to TS1/3 on input line 303.
Package textcomp Info: Setting dayroms sub-encoding to TS1/3 on input line 304.

Package textcomp Info: Setting pxr sub-encoding to TS1/0 on input line 305.
Package textcomp Info: Setting pxss sub-encoding to TS1/0 on input line 306.
Package textcomp Info: Setting pxtt sub-encoding to TS1/0 on input line 307.
Package textcomp Info: Setting txr sub-encoding to TS1/0 on input line 308.
Package textcomp Info: Setting txss sub-encoding to TS1/0 on input line 309.
Package textcomp Info: Setting txtt sub-encoding to TS1/0 on input line 310.
Package textcomp Info: Setting lmr sub-encoding to TS1/0 on input line 311.
Package textcomp Info: Setting lmdh sub-encoding to TS1/0 on input line 312.
Package textcomp Info: Setting lmss sub-encoding to TS1/0 on input line 313.
Package textcomp Info: Setting lmssq sub-encoding to TS1/0 on input line 314.
Package textcomp Info: Setting lmvtt sub-encoding to TS1/0 on input line 315.
Package textcomp Info: Setting qhv sub-encoding to TS1/0 on input line 316.
Package textcomp Info: Setting qag sub-encoding to TS1/0 on input line 317.
Package textcomp Info: Setting qbk sub-encoding to TS1/0 on input line 318.
Package textcomp Info: Setting qcr sub-encoding to TS1/0 on input line 319.
Package textcomp Info: Setting qcs sub-encoding to TS1/0 on input line 320.
Package textcomp Info: Setting qpl sub-encoding to TS1/0 on input line 321.
Package textcomp Info: Setting qtm sub-encoding to TS1/0 on input line 322.
Package textcomp Info: Setting qzc sub-encoding to TS1/0 on input line 323.
Package textcomp Info: Setting qhvc sub-encoding to TS1/0 on input line 324.
Package textcomp Info: Setting futs sub-encoding to TS1/4 on input line 325.
Package textcomp Info: Setting futx sub-encoding to TS1/4 on input line 326.
Package textcomp Info: Setting futj sub-encoding to TS1/4 on input line 327.
Package textcomp Info: Setting hlh sub-encoding to TS1/3 on input line 328.
Package textcomp Info: Setting hls sub-encoding to TS1/3 on input line 329.
Package textcomp Info: Setting hlst sub-encoding to TS1/3 on input line 330.
Package textcomp Info: Setting hlct sub-encoding to TS1/5 on input line 331.
Package textcomp Info: Setting hlx sub-encoding to TS1/5 on input line 332.
Package textcomp Info: Setting hlce sub-encoding to TS1/5 on input line 333.
Package textcomp Info: Setting hlcn sub-encoding to TS1/5 on input line 334.
Package textcomp Info: Setting hlcw sub-encoding to TS1/5 on input line 335.
Package textcomp Info: Setting hlcf sub-encoding to TS1/5 on input line 336.
Package textcomp Info: Setting pplx sub-encoding to TS1/3 on input line 337.
Package textcomp Info: Setting pplj sub-encoding to TS1/3 on input line 338.
Package textcomp Info: Setting ptmx sub-encoding to TS1/4 on input line 339.
Package textcomp Info: Setting ptmj sub-encoding to TS1/4 on input line 340.
)
(F:\MiKTeX\tex\latex\fancyhdr\fancyhdr.sty
\fancy@headwidth=\skip49
\f@ncyO@elh=\skip50
\f@ncyO@erh=\skip51
\f@ncyO@olh=\skip52
\f@ncyO@orh=\skip53
\f@ncyO@elf=\skip54
\f@ncyO@erf=\skip55
\f@ncyO@olf=\skip56
\f@ncyO@orf=\skip57
)
(F:\MiKTeX\tex\latex\geometry\geometry.sty
Package: geometry 2010/09/12 v5.6 Page Geometry

(F:\MiKTeX\tex\generic\oberdiek\ifpdf.sty
Package: ifpdf 2011/01/30 v2.3 Provides the ifpdf switch (HO)
Package ifpdf Info: pdfTeX in PDF mode is detected.
)
(F:\MiKTeX\tex\generic\oberdiek\ifvtex.sty
Package: ifvtex 2010/03/01 v1.5 Detect VTeX and its facilities (HO)
Package ifvtex Info: VTeX not detected.
)
(F:\MiKTeX\tex\generic\ifxetex\ifxetex.sty
Package: ifxetex 2010/09/12 v0.6 Provides ifxetex conditional
)
\Gm@cnth=\count109
\Gm@cntv=\count110
\c@Gm@tempcnt=\count111
\Gm@bindingoffset=\dimen117
\Gm@wd@mp=\dimen118
\Gm@odd@mp=\dimen119
\Gm@even@mp=\dimen120
\Gm@layoutwidth=\dimen121
\Gm@layoutheight=\dimen122
\Gm@layouthoffset=\dimen123
\Gm@layoutvoffset=\dimen124
\Gm@dimlist=\toks21

(F:\MiKTeX\tex\latex\geometry\geometry.cfg))
(F:\MiKTeX\tex\latex\graphics\graphicx.sty
Package: graphicx 2014/10/28 v1.0g Enhanced LaTeX Graphics (DPC,SPQR)

(F:\MiKTeX\tex\latex\graphics\graphics.sty
Package: graphics 2014/10/28 v1.0p Standard LaTeX Graphics (DPC,SPQR)

(F:\MiKTeX\tex\latex\graphics\trig.sty
Package: trig 1999/03/16 v1.09 sin cos tan (DPC)
)
(F:\MiKTeX\tex\latex\00miktex\graphics.cfg
File: graphics.cfg 2007/01/18 v1.5 graphics configuration of teTeX/TeXLive
)
Package graphics Info: Driver file: pdftex.def on input line 91.
)
\Gin@req@height=\dimen125
\Gin@req@width=\dimen126
)
(F:\MiKTeX\tex\latex\hyperref\hyperref.sty
Package: hyperref 2012/11/06 v6.83m Hypertext links for LaTeX

(F:\MiKTeX\tex\generic\oberdiek\hobsub-hyperref.sty
Package: hobsub-hyperref 2012/04/25 v1.12 Bundle oberdiek, subset hyperref (HO)


(F:\MiKTeX\tex\generic\oberdiek\hobsub-generic.sty
Package: hobsub-generic 2012/04/25 v1.12 Bundle oberdiek, subset generic (HO)
Package: hobsub 2012/04/25 v1.12 Construct package bundles (HO)
Package hobsub Info: Skipping package `infwarerr' (already loaded).
Package hobsub Info: Skipping package `ltxcmds' (already loaded).
Package: ifluatex 2010/03/01 v1.3 Provides the ifluatex switch (HO)
Package ifluatex Info: LuaTeX not detected.
Package hobsub Info: Skipping package `ifvtex' (already loaded).
Package: intcalc 2007/09/27 v1.1 Expandable calculations with integers (HO)
Package hobsub Info: Skipping package `ifpdf' (already loaded).
Package: etexcmds 2011/02/16 v1.5 Avoid name clashes with e-TeX commands (HO)
Package etexcmds Info: Could not find \expanded.
(etexcmds)             That can mean that you are not using pdfTeX 1.50 or
(etexcmds)             that some package has redefined \expanded.
(etexcmds)             In the latter case, load this package earlier.
Package: kvsetkeys 2012/04/25 v1.16 Key value parser (HO)
Package: kvdefinekeys 2011/04/07 v1.3 Define keys (HO)
Package: pdftexcmds 2011/11/29 v0.20 Utility functions of pdfTeX for LuaTeX (HO
)
Package pdftexcmds Info: LuaTeX not detected.
Package pdftexcmds Info: \pdf@primitive is available.
Package pdftexcmds Info: \pdf@ifprimitive is available.
Package pdftexcmds Info: \pdfdraftmode found.
Package: pdfescape 2011/11/25 v1.13 Implements pdfTeX's escape features (HO)
Package: bigintcalc 2012/04/08 v1.3 Expandable calculations on big integers (HO
)
Package: bitset 2011/01/30 v1.1 Handle bit-vector datatype (HO)
Package: uniquecounter 2011/01/30 v1.2 Provide unlimited unique counter (HO)
)
Package hobsub Info: Skipping package `hobsub' (already loaded).
Package: letltxmacro 2010/09/02 v1.4 Let assignment for LaTeX macros (HO)
Package: hopatch 2011/06/24 v1.1 Wrapper for package hooks (HO)
Package: xcolor-patch 2011/01/30 xcolor patch
Package: atveryend 2011/06/30 v1.8 Hooks at the very end of document (HO)
Package: atbegshi 2011/10/05 v1.16 At begin shipout hook (HO)
Package: refcount 2011/10/16 v3.4 Data extraction from label references (HO)
Package: hycolor 2011/01/30 v1.7 Color options for hyperref/bookmark (HO)
)
(F:\MiKTeX\tex\latex\oberdiek\auxhook.sty
Package: auxhook 2011/03/04 v1.3 Hooks for auxiliary files (HO)
)
(F:\MiKTeX\tex\latex\oberdiek\kvoptions.sty
Package: kvoptions 2011/06/30 v3.11 Key value format for package options (HO)
)
\@linkdim=\dimen127
\Hy@linkcounter=\count112
\Hy@pagecounter=\count113

(F:\MiKTeX\tex\latex\hyperref\pd1enc.def
File: pd1enc.def 2012/11/06 v6.83m Hyperref: PDFDocEncoding definition (HO)
)
\Hy@SavedSpaceFactor=\count114

(F:\MiKTeX\tex\latex\00miktex\hyperref.cfg
File: hyperref.cfg 2002/06/06 v1.2 hyperref configuration of TeXLive
)
Package hyperref Info: Option `colorlinks' set `true' on input line 4319.
Package hyperref Info: Hyper figures OFF on input line 4443.
Package hyperref Info: Link nesting OFF on input line 4448.
Package hyperref Info: Hyper index ON on input line 4451.
Package hyperref Info: Plain pages OFF on input line 4458.
Package hyperref Info: Backreferencing OFF on input line 4463.
Package hyperref Info: Implicit mode ON; LaTeX internals redefined.
Package hyperref Info: Bookmarks ON on input line 4688.
\c@Hy@tempcnt=\count115
LaTeX Info: Redefining \url on input line 5041.
\XeTeXLinkMargin=\dimen128
\Fld@menulength=\count116
\Field@Width=\dimen129
\Fld@charsize=\dimen130
Package hyperref Info: Hyper figures OFF on input line 6295.
Package hyperref Info: Link nesting OFF on input line 6300.
Package hyperref Info: Hyper index ON on input line 6303.
Package hyperref Info: backreferencing OFF on input line 6310.
Package hyperref Info: Link coloring ON on input line 6313.
Package hyperref Info: Link coloring with OCG OFF on input line 6320.
Package hyperref Info: PDF/A mode OFF on input line 6325.
LaTeX Info: Redefining \ref on input line 6365.
LaTeX Info: Redefining \pageref on input line 6369.
\Hy@abspage=\count117
\c@Item=\count118
\c@Hfootnote=\count119
)

Package hyperref Message: Driver (autodetected): hpdftex.

(F:\MiKTeX\tex\latex\hyperref\hpdftex.def
File: hpdftex.def 2012/11/06 v6.83m Hyperref driver for pdfTeX
\Fld@listcount=\count120
\c@bookmark@seq@number=\count121

(F:\MiKTeX\tex\latex\oberdiek\rerunfilecheck.sty
Package: rerunfilecheck 2011/04/15 v1.7 Rerun checks for auxiliary files (HO)
Package uniquecounter Info: New unique counter `rerunfilecheck' on input line 2
82.
)
\Hy@SectionHShift=\skip58
)
(F:\MiKTeX\tex\latex\base\makeidx.sty
Package: makeidx 2014/09/29 v1.0m Standard LaTeX package
) (F:\MiKTeX\tex\latex\tools\longtable.sty
Package: longtable 2014/10/28 v4.11 Multi-page Table package (DPC)
\LTleft=\skip59
\LTright=\skip60
\LTpre=\skip61
\LTpost=\skip62
\LTchunksize=\count122
\LTcapwidth=\dimen131
\LT@head=\box28
\LT@firsthead=\box29
\LT@foot=\box30
\LT@lastfoot=\box31
\LT@cols=\count123
\LT@rows=\count124
\c@LT@tables=\count125
\c@LT@chunks=\count126
\LT@p@ftn=\toks22
)
Package hyperref Info: Option `colorlinks' set `true' on input line 101.
)
("C:\Users\Monica_Manuto\Downloads\GitPortable\App\Git\premi-documents\Norme di
 Progetto\NormeDiProgetto_v2.0.aux")
LaTeX Font Info:    Checking defaults for OML/cmm/m/it on input line 16.
LaTeX Font Info:    ... okay on input line 16.
LaTeX Font Info:    Checking defaults for T1/cmr/m/n on input line 16.
LaTeX Font Info:    ... okay on input line 16.
LaTeX Font Info:    Checking defaults for OT1/cmr/m/n on input line 16.
LaTeX Font Info:    ... okay on input line 16.
LaTeX Font Info:    Checking defaults for OMS/cmsy/m/n on input line 16.
LaTeX Font Info:    ... okay on input line 16.
LaTeX Font Info:    Checking defaults for OMX/cmex/m/n on input line 16.
LaTeX Font Info:    ... okay on input line 16.
LaTeX Font Info:    Checking defaults for U/cmr/m/n on input line 16.
LaTeX Font Info:    ... okay on input line 16.
LaTeX Font Info:    Checking defaults for TS1/cmr/m/n on input line 16.
LaTeX Font Info:    Try loading font information for TS1+cmr on input line 16.
 (F:\MiKTeX\tex\latex\base\ts1cmr.fd
File: ts1cmr.fd 2014/09/29 v2.5h Standard LaTeX font definitions
)
LaTeX Font Info:    ... okay on input line 16.
LaTeX Font Info:    Checking defaults for PD1/pdf/m/n on input line 16.
LaTeX Font Info:    ... okay on input line 16.
LaTeX Info: Redefining \it@ocap on input line 16.
LaTeX Info: Redefining \it@ccap on input line 16.


File italian.ldf warning: 
italian.ldf    With OT1 encoding guillemets are poorly faked
italian.ldf    Use T1 encoding
italian.ldf    or specify a font with command \CaporaliFrom
italian.ldf    See the documentation concerning the babel-italian typesetting 
italian.ldf    on input line 16.

(F:\MiKTeX\tex\latex\ucs\ucsencs.def
File: ucsencs.def 2011/01/21 Fixes to fontencodings LGR, T3
)
\c@lstlisting=\count127
Package caption Info: Begin \AtBeginDocument code.
Package caption Info: hyperref package is loaded.
Package caption Info: longtable package is loaded.

(F:\MiKTeX\tex\latex\caption\ltcaption.sty
Package: ltcaption 2013/02/03 v1.3-62 longtable captions (AR)
)
Package caption Info: subfigure package is loaded.
Package caption Info: End \AtBeginDocument code.

(F:\MiKTeX\tex\context\base\supp-pdf.mkii
[Loading MPS to PDF converter (version 2006.09.02).]
\scratchcounter=\count128
\scratchdimen=\dimen132
\scratchbox=\box32
\nofMPsegments=\count129
\nofMParguments=\count130
\everyMPshowfont=\toks23
\MPscratchCnt=\count131
\MPscratchDim=\dimen133
\MPnumerator=\count132
\makeMPintoPDFobject=\count133
\everyMPtoPDFconversion=\toks24
)
Package lastpage Info: Please have a look at the pageslts package at
(lastpage)             http://www.ctan.org/tex-archive/ 
(lastpage)             macros/latex/contrib/pageslts/ 
(lastpage)             or
(lastpage)             http://www.ctan.org/tex-archive/ 
(lastpage)             install/macros/latex/contrib/pageslts.tds.zip
(lastpage)             ! on input line 16.

*geometry* driver: auto-detecting
*geometry* detected driver: pdftex
*geometry* verbose mode - [ preamble ] result:
* driver: pdftex
* paper: a4paper
* layout: <same size as paper>
* layoutoffset:(h,v)=(0.0pt,0.0pt)
* modes: 
* h-part:(L,W,R)=(80.0pt, 437.50787pt, 80.0pt)
* v-part:(T,H,B)=(42.67912pt, 688.5567pt, 113.81102pt)
* \paperwidth=597.50787pt
* \paperheight=845.04684pt
* \textwidth=437.50787pt
* \textheight=688.5567pt
* \oddsidemargin=7.73001pt
* \evensidemargin=7.73001pt
* \topmargin=-66.59087pt
* \headheight=56.9055pt
* \headsep=25.0pt
* \topskip=12.0pt
* \footskip=30.0pt
* \marginparwidth=35.0pt
* \marginparsep=10.0pt
* \columnsep=10.0pt
* \skip\footins=10.8pt plus 4.0pt minus 2.0pt
* \hoffset=0.0pt
* \voffset=0.0pt
* \mag=1000
* \@twocolumnfalse
* \@twosidefalse
* \@mparswitchfalse
* \@reversemarginfalse
* (1in=72.27pt=25.4mm, 1cm=28.453pt)

\AtBeginShipoutBox=\box33
Package hyperref Info: Link coloring ON on input line 16.
(F:\MiKTeX\tex\latex\hyperref\nameref.sty
Package: nameref 2012/10/27 v2.43 Cross-referencing by name of section

(F:\MiKTeX\tex\generic\oberdiek\gettitlestring.sty
Package: gettitlestring 2010/12/03 v1.4 Cleanup title references (HO)
)
\c@section@level=\count134
)
LaTeX Info: Redefining \ref on input line 16.
LaTeX Info: Redefining \pageref on input line 16.
LaTeX Info: Redefining \nameref on input line 16.

("C:\Users\Monica_Manuto\Downloads\GitPortable\App\Git\premi-documents\Norme di
 Progetto\NormeDiProgetto_v2.0.out")
("C:\Users\Monica_Manuto\Downloads\GitPortable\App\Git\premi-documents\Norme di
 Progetto\NormeDiProgetto_v2.0.out")
\@outlinefile=\write3

("C:\Users\Monica_Manuto\Downloads\GitPortable\App\Git\premi-documents\Norme di
 Progetto\documents/first.tex"
<../logo/logo404_Extends.png, id=371, 1027.84pt x 433.62pt>
File: ../logo/logo404_Extends.png Graphic file (type png)

<use ../logo/logo404_Extends.png>
Package pdftex.def Info: ../logo/logo404_Extends.png used on input line 15.
(pdftex.def)             Requested size: 359.74939pt x 151.76927pt.
LaTeX Font Info:    External font `cmex10' loaded for size
(Font)              <12> on input line 26.
LaTeX Font Info:    External font `cmex10' loaded for size
(Font)              <8> on input line 26.
LaTeX Font Info:    External font `cmex10' loaded for size
(Font)              <6> on input line 26.
 [1

{F:/MiKTeX/pdftex/config/pdftex.map} <C:/Users/Monica_Manuto/Downloads/GitPorta
ble/App/Git/premi-documents/logo/logo404_Extends.png>])
("C:\Users\Monica_Manuto\Downloads\GitPortable\App\Git\premi-documents\Norme di
 Progetto\documents/regModifiche.tex"
Underfull \hbox (badness 2189) in paragraph at lines 15--16
\OT1/cmr/m/n/12 me che re-go-la-no il do-cu-men-to
 []


Underfull \hbox (badness 1092) in paragraph at lines 21--22
[]|\OT1/cmr/m/n/12 Correzione strut-tu-ra e con-te-nu-
 []


Underfull \hbox (badness 1701) in paragraph at lines 29--30
\OT1/cmr/m/n/12 to-gra-fi-ci e ste-su-ra am-bien-te di
 []


Underfull \vbox (badness 10000) detected at line 46
 []

) <../logo/logo404.png, id=380, 1027.84pt x 402.50375pt>
File: ../logo/logo404.png Graphic file (type png)

<use ../logo/logo404.png>
Package pdftex.def Info: ../logo/logo404.png used on input line 20.
(pdftex.def)             Requested size: 85.35826pt x 33.42316pt.
pdfTeX warning (ext4): destination with the same identifier (name{page.1}) has 
been already used, duplicate ignored
<to be read again> 
                   \relax 
l.20 \newpage
              [1 <C:/Users/Monica_Manuto/Downloads/GitPortable/App/Git/premi-do
cuments/logo/logo404.png>]
("C:\Users\Monica_Manuto\Downloads\GitPortable\App\Git\premi-documents\Norme di
 Progetto\NormeDiProgetto_v2.0.toc"
File: ../logo/logo404.png Graphic file (type png)
 <use ../logo/logo404.png>
Package pdftex.def Info: ../logo/logo404.png used on input line 53.
(pdftex.def)             Requested size: 85.35826pt x 33.42316pt.
 [2]
File: ../logo/logo404.png Graphic file (type png)

<use ../logo/logo404.png>
Package pdftex.def Info: ../logo/logo404.png used on input line 99.
(pdftex.def)             Requested size: 85.35826pt x 33.42316pt.
 [3])
\tf@toc=\write4
File: ../logo/logo404.png Graphic file (type png)
 <use ../logo/logo404.png>
Package pdftex.def Info: ../logo/logo404.png used on input line 22.
(pdftex.def)             Requested size: 85.35826pt x 33.42316pt.
 [4]
("C:\Users\Monica_Manuto\Downloads\GitPortable\App\Git\premi-documents\Norme di
 Progetto\documents/intro.tex" (F:\MiKTeX\tex\latex\ucs\uni-0.def
File: uni-0.def 2013/05/13 UCS: Unicode data U+0000..U+00FF
)
(F:\MiKTeX\tex\latex\ucs\uni-32.def
File: uni-32.def 2013/05/13 UCS: Unicode data U+2000..U+20FF
))
File: ../logo/logo404.png Graphic file (type png)
 <use ../logo/logo404.png>
Package pdftex.def Info: ../logo/logo404.png used on input line 24.
(pdftex.def)             Requested size: 85.35826pt x 33.42316pt.
 [5]
("C:\Users\Monica_Manuto\Downloads\GitPortable\App\Git\premi-documents\Norme di
 Progetto\documents/collaborazione.tex"
Overfull \hbox (20.81038pt too wide) in paragraph at lines 33--34
[]\OT1/cmr/bx/n/12 Mail in-ter-ne: \OT1/cmr/m/n/12 il mit-ten-te sara l'in-di-
riz-zo del grup-po [][]404not-found.unipd@gmail.com[][]; 
 []

File: ../logo/logo404.png Graphic file (type png)
<use ../logo/logo404.png>
Package pdftex.def Info: ../logo/logo404.png used on input line 41.
(pdftex.def)             Requested size: 85.35826pt x 33.42316pt.
 [6]
Underfull \hbox (badness 10000) in paragraph at lines 59--63

 []


Underfull \hbox (badness 10000) in paragraph at lines 59--63

 []


Underfull \hbox (badness 10000) in paragraph at lines 65--72

 []


Underfull \hbox (badness 10000) in paragraph at lines 65--72

 []

File: ../logo/logo404.png Graphic file (type png)
<use ../logo/logo404.png>
Package pdftex.def Info: ../logo/logo404.png used on input line 72.
(pdftex.def)             Requested size: 85.35826pt x 33.42316pt.
 [7])
File: ../logo/logo404.png Graphic file (type png)
 <use ../logo/logo404.png>
Package pdftex.def Info: ../logo/logo404.png used on input line 26.
(pdftex.def)             Requested size: 85.35826pt x 33.42316pt.
 [8]
("C:\Users\Monica_Manuto\Downloads\GitPortable\App\Git\premi-documents\Norme di
 Progetto\documents/documenti.tex"
File: ../logo/logo404.png Graphic file (type png)
 <use ../logo/logo404.png>
Package pdftex.def Info: ../logo/logo404.png used on input line 41.
(pdftex.def)             Requested size: 85.35826pt x 33.42316pt.
 [9]
File: ../logo/logo404.png Graphic file (type png)

<use ../logo/logo404.png>
Package pdftex.def Info: ../logo/logo404.png used on input line 77.
(pdftex.def)             Requested size: 85.35826pt x 33.42316pt.
 [10]
File: ../logo/logo404.png Graphic file (type png)
 <use ../logo/logo404.png>
Package pdftex.def Info: ../logo/logo404.png used on input line 107.
(pdftex.def)             Requested size: 85.35826pt x 33.42316pt.
 [11]
File: ../logo/logo404.png Graphic file (type png)

<use ../logo/logo404.png>
Package pdftex.def Info: ../logo/logo404.png used on input line 137.
(pdftex.def)             Requested size: 85.35826pt x 33.42316pt.
 [12]
File: ../logo/logo404.png Graphic file (type png)
 <use ../logo/logo404.png>
Package pdftex.def Info: ../logo/logo404.png used on input line 171.
(pdftex.def)             Requested size: 85.35826pt x 33.42316pt.
 [13])
File: ../logo/logo404.png Graphic file (type png)

<use ../logo/logo404.png>
Package pdftex.def Info: ../logo/logo404.png used on input line 28.
(pdftex.def)             Requested size: 85.35826pt x 33.42316pt.
 [14]
("C:\Users\Monica_Manuto\Downloads\GitPortable\App\Git\premi-documents\Norme di
 Progetto\documents/risorse.tex"
File: ../logo/logo404.png Graphic file (type png)
 <use ../logo/logo404.png>
Package pdftex.def Info: ../logo/logo404.png used on input line 36.
(pdftex.def)             Requested size: 85.35826pt x 33.42316pt.
 [15])
File: ../logo/logo404.png Graphic file (type png)

<use ../logo/logo404.png>
Package pdftex.def Info: ../logo/logo404.png used on input line 30.
(pdftex.def)             Requested size: 85.35826pt x 33.42316pt.
 [16]
("C:\Users\Monica_Manuto\Downloads\GitPortable\App\Git\premi-documents\Norme di
 Progetto\documents/procedure.tex"
Underfull \hbox (badness 10000) in paragraph at lines 19--22

 []

File: ../logo/logo404.png Graphic file (type png)
<use ../logo/logo404.png>
Package pdftex.def Info: ../logo/logo404.png used on input line 22.
(pdftex.def)             Requested size: 85.35826pt x 33.42316pt.
 [17]
Underfull \hbox (badness 10000) in paragraph at lines 24--26

 []


Underfull \hbox (badness 10000) in paragraph at lines 27--30

 []

File: ../logo/logo404.png Graphic file (type png)
<use ../logo/logo404.png>
Package pdftex.def Info: ../logo/logo404.png used on input line 45.
(pdftex.def)             Requested size: 85.35826pt x 33.42316pt.
 [18]
File: ../logo/logo404.png Graphic file (type png)
 <use ../logo/logo404.png>
Package pdftex.def Info: ../logo/logo404.png used on input line 84.
(pdftex.def)             Requested size: 85.35826pt x 33.42316pt.
 [19]
Overfull \hbox (7.90004pt too wide) in paragraph at lines 98--100
[]\OT1/cmr/bx/n/12 Diagrammi dei Pac-ka-ge: \OT1/cmr/m/n/12 I com-po-nen-ti de-
vo-no es-se-re rap-pre-sen-ta-ti da package$[]$
 []

File: ../logo/logo404.png Graphic file (type png)
<use ../logo/logo404.png>
Package pdftex.def Info: ../logo/logo404.png used on input line 107.
(pdftex.def)             Requested size: 85.35826pt x 33.42316pt.
 [20]
Overfull \hbox (8.47314pt too wide) in paragraph at lines 130--131
\OT1/cmr/m/it/12 Nome \OT1/cmr/m/n/12 scrit-to co-me []\OT1/cmtt/m/n/12 accesso
 nome(tipoAtt1 attributo1) : tipoRitorno\OT1/cmr/m/n/12 ,
 []

File: ../logo/logo404.png Graphic file (type png)
<use ../logo/logo404.png>
Package pdftex.def Info: ../logo/logo404.png used on input line 131.
(pdftex.def)             Requested size: 85.35826pt x 33.42316pt.
 [21]
File: ../logo/logo404.png Graphic file (type png)
 <use ../logo/logo404.png>
Package pdftex.def Info: ../logo/logo404.png used on input line 159.
(pdftex.def)             Requested size: 85.35826pt x 33.42316pt.
 [22]
File: ../logo/logo404.png Graphic file (type png)

<use ../logo/logo404.png>
Package pdftex.def Info: ../logo/logo404.png used on input line 190.
(pdftex.def)             Requested size: 85.35826pt x 33.42316pt.
 [23]
Overfull \hbox (22.23184pt too wide) in paragraph at lines 210--212
[]\OT1/cmr/bx/n/12 Chrome De-ve-lo-per Tools \OT1/cmr/m/n/12 ([][]https://devel
opers.google.com/chrome-developer-
 []

File: ../logo/logo404.png Graphic file (type png)
<use ../logo/logo404.png>
Package pdftex.def Info: ../logo/logo404.png used on input line 227.
(pdftex.def)             Requested size: 85.35826pt x 33.42316pt.
 [24]
File: ../logo/logo404.png Graphic file (type png)
 <use ../logo/logo404.png>
Package pdftex.def Info: ../logo/logo404.png used on input line 260.
(pdftex.def)             Requested size: 85.35826pt x 33.42316pt.
 [25]
Overfull \hbox (7.36781pt too wide) in paragraph at lines 262--265
\OT1/cmr/m/n/12 Un ticket$[]$ cor-ri-spon-de ad un com-pi-to da por-ta-re a ter
-mi-ne al-l'in-ter-no di una milestone$[]$.
 []

File: ../logo/logo404.png Graphic file (type png)
<use ../logo/logo404.png>
Package pdftex.def Info: ../logo/logo404.png used on input line 287.
(pdftex.def)             Requested size: 85.35826pt x 33.42316pt.
 [26])
File: ../logo/logo404.png Graphic file (type png)
 <use ../logo/logo404.png>
Package pdftex.def Info: ../logo/logo404.png used on input line 32.
(pdftex.def)             Requested size: 85.35826pt x 33.42316pt.
 [27]
("C:\Users\Monica_Manuto\Downloads\GitPortable\App\Git\premi-documents\Norme di
 Progetto\documents/ambientedilavoro.tex"
Underfull \hbox (badness 10000) in paragraph at lines 36--39

 []

File: ../logo/logo404.png Graphic file (type png)
<use ../logo/logo404.png>
Package pdftex.def Info: ../logo/logo404.png used on input line 39.
(pdftex.def)             Requested size: 85.35826pt x 33.42316pt.
 [28]
File: ../logo/logo404.png Graphic file (type png)
 <use ../logo/logo404.png>
Package pdftex.def Info: ../logo/logo404.png used on input line 65.
(pdftex.def)             Requested size: 85.35826pt x 33.42316pt.
 [29])
File: ../logo/logo404.png Graphic file (type png)

<use ../logo/logo404.png>
Package pdftex.def Info: ../logo/logo404.png used on input line 34.
(pdftex.def)             Requested size: 85.35826pt x 33.42316pt.
 [30]
("C:\Users\Monica_Manuto\Downloads\GitPortable\App\Git\premi-documents\Norme di
 Progetto\documents/riferimenti.tex"
Overfull \hbox (14.86252pt too wide) in paragraph at lines 3--4
[]\OT1/cmr/bx/n/12 Specifiche UTF-8$\OMS/cmsy/m/n/12  \OML/cmm/m/it/12 G$\OT1/c
mr/bx/n/12 : [][]\OT1/cmr/m/n/12 http://www.unicode.org/versions/Unicode6.1.0/c
h03.pdf[][]; 
 []


Overfull \hbox (3.22119pt too wide) in paragraph at lines 4--5
[]\OT1/cmr/bx/n/12 Specifiche HTML5-8$\OMS/cmsy/m/n/12  \OML/cmm/m/it/12 G$\OT1
/cmr/bx/n/12 : [][]\OT1/cmr/m/n/12 http://www.w3.org/html/wg/drafts/html/master
/[][]. 
 []


("C:\Users\Monica_Manuto\Downloads\GitPortable\App\Git\premi-documents\Norme di
 Progetto\NormeDiProgetto_v2.0.bbl")) 
AED: lastpage setting LastPage
File: ../logo/logo404.png Graphic file (type png)
<use ../logo/logo404.png>
Package pdftex.def Info: ../logo/logo404.png used on input line 36.
(pdftex.def)             Requested size: 85.35826pt x 33.42316pt.
 [31]
Package atveryend Info: Empty hook `BeforeClearDocument' on input line 36.
Package atveryend Info: Empty hook `AfterLastShipout' on input line 36.

("C:\Users\Monica_Manuto\Downloads\GitPortable\App\Git\premi-documents\Norme di
 Progetto\NormeDiProgetto_v2.0.aux")
Package atveryend Info: Executing hook `AtVeryEndDocument' on input line 36.
Package atveryend Info: Executing hook `AtEndAfterFileList' on input line 36.
Package rerunfilecheck Info: File `NormeDiProgetto_v2.0.out' has not changed.
(rerunfilecheck)             Checksum: 9E31FDC9AB6868A374A48DEA255705D0;6682.


LaTeX Warning: Label(s) may have changed. Rerun to get cross-references right.

 ) 
Here is how much of TeX's memory you used:
 10760 strings out of 493705
 158551 string characters out of 3151920
 270382 words of memory out of 3000000
 13776 multiletter control sequences out of 15000+200000
 10021 words of font info for 35 fonts, out of 3000000 for 9000
 1025 hyphenation exceptions out of 8191
 43i,16n,47p,814b,487s stack positions out of 5000i,500n,10000p,200000b,50000s
 <F:\MiKTeX\fonts\pk\ljfour\jknappen\ec\dpi600\tcrm1200.pk><F:/MiKTeX/fonts/t
ype1/public/amsfonts/cm/cmbx12.pfb><F:/MiKTeX/fonts/type1/public/amsfonts/cm/cm
bx8.pfb><F:/MiKTeX/fonts/type1/public/amsfonts/cm/cmbxti10.pfb><F:/MiKTeX/fonts
/type1/public/amsfonts/cm/cmmi12.pfb><F:/MiKTeX/fonts/type1/public/amsfonts/cm/
cmmi8.pfb><F:/MiKTeX/fonts/type1/public/amsfonts/cm/cmr12.pfb><F:/MiKTeX/fonts/
type1/public/amsfonts/cm/cmr8.pfb><F:/MiKTeX/fonts/type1/public/amsfonts/cm/cms
y10.pfb><F:/MiKTeX/fonts/type1/public/amsfonts/cm/cmti12.pfb><F:/MiKTeX/fonts/t
ype1/public/amsfonts/cm/cmtt12.pfb>
Output written on NormeDiProgetto_v2.0.pdf (32 pages, 305431 bytes).
PDF statistics:
 747 PDF objects out of 1000 (max. 8388607)
 139 named destinations out of 1000 (max. 500000)
 747 words of extra memory for PDF output out of 10000 (max. 10000000)

