\BOOKMARK [1][-]{section.1}{Introduzione}{}% 1
\BOOKMARK [2][-]{subsection.1.1}{Scopo del documento}{section.1}% 2
\BOOKMARK [2][-]{subsection.1.2}{Scopo del Progetto}{section.1}% 3
\BOOKMARK [2][-]{subsection.1.3}{Glossario}{section.1}% 4
\BOOKMARK [2][-]{subsection.1.4}{Riferimenti}{section.1}% 5
\BOOKMARK [3][-]{subsubsection.1.4.1}{Normativi}{subsection.1.4}% 6
\BOOKMARK [3][-]{subsubsection.1.4.2}{Informativi}{subsection.1.4}% 7
\BOOKMARK [1][-]{section.2}{Standard di Progetto}{}% 8
\BOOKMARK [2][-]{subsection.2.1}{Standard di progettazione architetturale}{section.2}% 9
\BOOKMARK [2][-]{subsection.2.2}{Standard di documentazione del codice}{section.2}% 10
\BOOKMARK [2][-]{subsection.2.3}{Standard di denominazione di entit\340 e relazioni}{section.2}% 11
\BOOKMARK [2][-]{subsection.2.4}{Standard di programmazione}{section.2}% 12
\BOOKMARK [2][-]{subsection.2.5}{Strumenti di lavoro}{section.2}% 13
\BOOKMARK [1][-]{section.3}{Specifica componenti}{}% 14
\BOOKMARK [2][-]{subsection.3.1}{Collezioni di MongoDB}{section.3}% 15
\BOOKMARK [2][-]{subsection.3.2}{Template}{section.3}% 16
\BOOKMARK [2][-]{subsection.3.3}{Directive}{section.3}% 17
\BOOKMARK [2][-]{subsection.3.4}{Servizi di AngularJSG}{section.3}% 18
\BOOKMARK [2][-]{subsection.3.5}{Gestione degli Account Utente}{section.3}% 19
\BOOKMARK [2][-]{subsection.3.6}{premi/server}{section.3}% 20
\BOOKMARK [3][-]{subsubsection.3.6.1}{premi/server/publish}{subsection.3.6}% 21
\BOOKMARK [3][-]{subsubsection.3.6.2}{premi/server/methods}{subsection.3.6}% 22
\BOOKMARK [2][-]{subsection.3.7}{premi/client}{section.3}% 23
\BOOKMARK [3][-]{subsubsection.3.7.1}{premi/client/controllers/premi}{subsection.3.7}% 24
\BOOKMARK [3][-]{subsubsection.3.7.2}{premi/client/lib/toastMessageFactory}{subsection.3.7}% 25
\BOOKMARK [2][-]{subsection.3.8}{premi/client/presentation}{section.3}% 26
\BOOKMARK [3][-]{subsubsection.3.8.1}{premi/client/presentation/lib/databaseAPI}{subsection.3.8}% 27
\BOOKMARK [3][-]{subsubsection.3.8.2}{premi/client/presentations/lib/OrderedGOList}{subsection.3.8}% 28
\BOOKMARK [3][-]{subsubsection.3.8.3}{premi/client/presentation/lib/Trail}{subsection.3.8}% 29
\BOOKMARK [3][-]{subsubsection.3.8.4}{premi/client/presentation/lib/signalCtrl}{subsection.3.8}% 30
\BOOKMARK [2][-]{subsection.3.9}{premi/client/presentationManager}{section.3}% 31
\BOOKMARK [3][-]{subsubsection.3.9.1}{premi/client/presentationManager/views/editPresentation.ng}{subsection.3.9}% 32
\BOOKMARK [3][-]{subsubsection.3.9.2}{premi/client/presentationManager/views/newPresentation.ng}{subsection.3.9}% 33
\BOOKMARK [3][-]{subsubsection.3.9.3}{premi/client/presentationManager/views/presentationManager.ng}{subsection.3.9}% 34
\BOOKMARK [3][-]{subsubsection.3.9.4}{premi/client/presentationManager/views/presentations.ng}{subsection.3.9}% 35
\BOOKMARK [3][-]{subsubsection.3.9.5}{premi/client/presentationManager/views/removePresentation.ng}{subsection.3.9}% 36
\BOOKMARK [3][-]{subsubsection.3.9.6}{premi/client/presentationManager/controllers/editPresentationCtrl}{subsection.3.9}% 37
\BOOKMARK [3][-]{subsubsection.3.9.7}{premi/client/presentationManager/controllers/newPresentationCtrl}{subsection.3.9}% 38
\BOOKMARK [3][-]{subsubsection.3.9.8}{premi/client/presentationManager/controllers/presentationManagerCtrl}{subsection.3.9}% 39
\BOOKMARK [3][-]{subsubsection.3.9.9}{premi/client/presentationManager/controllers/presentationsCtrl}{subsection.3.9}% 40
\BOOKMARK [3][-]{subsubsection.3.9.10}{premi/client/presentationManager/controllers/removePresentationCtrl}{subsection.3.9}% 41
\BOOKMARK [2][-]{subsection.3.10}{premi/client/editor}{section.3}% 42
\BOOKMARK [3][-]{subsubsection.3.10.1}{premi/client/editor/views/editor.ng}{subsection.3.10}% 43
\BOOKMARK [3][-]{subsubsection.3.10.2}{premi/client/editor/views/basicToolbar.ng}{subsection.3.10}% 44
\BOOKMARK [3][-]{subsubsection.3.10.3}{premi/client/editor/views/shapeMenu.ng}{subsection.3.10}% 45
\BOOKMARK [3][-]{subsubsection.3.10.4}{premi/client/editor/controllers/editorCtrl}{subsection.3.10}% 46
\BOOKMARK [3][-]{subsubsection.3.10.5}{premi/client/editor/controllers/basicToolbarCtrl}{subsection.3.10}% 47
\BOOKMARK [3][-]{subsubsection.3.10.6}{premi/client/editor/lib/GObject}{subsection.3.10}% 48
\BOOKMARK [3][-]{subsubsection.3.10.7}{premi/client/editor/lib/GOProvider}{subsection.3.10}% 49
\BOOKMARK [3][-]{subsubsection.3.10.8}{premi/client/editor/lib/Frame}{subsection.3.10}% 50
\BOOKMARK [3][-]{subsubsection.3.10.9}{premi/client/editor/lib/GOContainer}{subsection.3.10}% 51
\BOOKMARK [3][-]{subsubsection.3.10.10}{premi/client/editor/lib/Image}{subsection.3.10}% 52
\BOOKMARK [3][-]{subsubsection.3.10.11}{premi/client/editor/lib/Infographic}{subsection.3.10}% 53
\BOOKMARK [3][-]{subsubsection.3.10.12}{premi/client/editor/lib/interactInit}{subsection.3.10}% 54
\BOOKMARK [3][-]{subsubsection.3.10.13}{premi/client/client/lib/Observer}{subsection.3.10}% 55
\BOOKMARK [3][-]{subsubsection.3.10.14}{premi/client/editor/lib/saver}{subsection.3.10}% 56
\BOOKMARK [3][-]{subsubsection.3.10.15}{premi/client/editor/lib/Shape}{subsection.3.10}% 57
\BOOKMARK [3][-]{subsubsection.3.10.16}{premi/client/editor/lib/Text}{subsection.3.10}% 58
\BOOKMARK [3][-]{subsubsection.3.10.17}{premi/client/editor/lib/basicToolbarDirective}{subsection.3.10}% 59
\BOOKMARK [3][-]{subsubsection.3.10.18}{premi/client/editor/lib/shapeMenuDirective}{subsection.3.10}% 60
\BOOKMARK [2][-]{subsection.3.11}{premi/client/frameEditor}{section.3}% 61
\BOOKMARK [3][-]{subsubsection.3.11.1}{premi/client/frameEditor/views/frame.ng}{subsection.3.11}% 62
\BOOKMARK [3][-]{subsubsection.3.11.2}{premi/client/frameEditor/controllers/frameEditorCtrl}{subsection.3.11}% 63
\BOOKMARK [2][-]{subsection.3.12}{premi/client/infographicEditor}{section.3}% 64
\BOOKMARK [3][-]{subsubsection.3.12.1}{premi/client/infographicEditor/views/infographic.ng}{subsection.3.12}% 65
\BOOKMARK [3][-]{subsubsection.3.12.2}{premi/client/infographicEditor/controllers/infographicEditorCtrl}{subsection.3.12}% 66
\BOOKMARK [2][-]{subsection.3.13}{premi/client/trailsEditor}{section.3}% 67
\BOOKMARK [3][-]{subsubsection.3.13.1}{premi/client/trailsEditor/views/editTrail.ng}{subsection.3.13}% 68
\BOOKMARK [3][-]{subsubsection.3.13.2}{premi/client/trailsEditor/views/listTrail.ng}{subsection.3.13}% 69
\BOOKMARK [3][-]{subsubsection.3.13.3}{premi/client/trailsEditor/views/modTrail.ng}{subsection.3.13}% 70
\BOOKMARK [3][-]{subsubsection.3.13.4}{premi/client/trailsEditor/views/newTrail.ng}{subsection.3.13}% 71
\BOOKMARK [3][-]{subsubsection.3.13.5}{premi/client/trailsEditor/views/removeTrail.ng}{subsection.3.13}% 72
\BOOKMARK [3][-]{subsubsection.3.13.6}{premi/client/trailsEditor/controllers/editTrailCtrl}{subsection.3.13}% 73
\BOOKMARK [3][-]{subsubsection.3.13.7}{premi/client/trailsEditor/controllers/listTrailCtrl}{subsection.3.13}% 74
\BOOKMARK [3][-]{subsubsection.3.13.8}{premi/client/trailsEditor/controllers/modTrailCtrl}{subsection.3.13}% 75
\BOOKMARK [3][-]{subsubsection.3.13.9}{premi/client/trailsEditor/controllers/newTrailCtrl}{subsection.3.13}% 76
\BOOKMARK [3][-]{subsubsection.3.13.10}{premi/client/trailsEditor/controllers/removeTrailCtrl}{subsection.3.13}% 77
\BOOKMARK [3][-]{subsubsection.3.13.11}{premi/client/trailsEditor/controllers/trailsEditorCtrl}{subsection.3.13}% 78
\BOOKMARK [2][-]{subsection.3.14}{premi/client/userManager}{section.3}% 79
\BOOKMARK [3][-]{subsubsection.3.14.1}{premi/client/userManager/views/changePassword.ng}{subsection.3.14}% 80
\BOOKMARK [3][-]{subsubsection.3.14.2}{premi/client/userManager/views/signin.ng}{subsection.3.14}% 81
\BOOKMARK [3][-]{subsubsection.3.14.3}{premi/client/userManager/views/signup.ng}{subsection.3.14}% 82
\BOOKMARK [3][-]{subsubsection.3.14.4}{premi/client/userManager/views/userManager.ng}{subsection.3.14}% 83
\BOOKMARK [3][-]{subsubsection.3.14.5}{premi/client/userManager/controllers/changePasswordCtrl}{subsection.3.14}% 84
\BOOKMARK [3][-]{subsubsection.3.14.6}{premi/client/userManager/controllers/signinCtrl}{subsection.3.14}% 85
\BOOKMARK [3][-]{subsubsection.3.14.7}{premi/client/userManager/controllers/signoutCtrl}{subsection.3.14}% 86
\BOOKMARK [3][-]{subsubsection.3.14.8}{premi/client/userManager/controllers/signupCtrl}{subsection.3.14}% 87
\BOOKMARK [2][-]{subsection.3.15}{premi/client/viewer}{section.3}% 88
\BOOKMARK [3][-]{subsubsection.3.15.1}{premi/client/viewer/views/trails.ng}{subsection.3.15}% 89
\BOOKMARK [3][-]{subsubsection.3.15.2}{premi/client/viewer/views/viewer.ng}{subsection.3.15}% 90
\BOOKMARK [3][-]{subsubsection.3.15.3}{premi/client/viewer/controllers/trailsCtrl}{subsection.3.15}% 91
\BOOKMARK [3][-]{subsubsection.3.15.4}{premi/client/viewer/controllers/viewerCtrl}{subsection.3.15}% 92
\BOOKMARK [2][-]{subsection.3.16}{premi/client/trailMap}{section.3}% 93
\BOOKMARK [3][-]{subsubsection.3.16.1}{premi/client/trailMap/views/trailMap.ng}{subsection.3.16}% 94
\BOOKMARK [3][-]{subsubsection.3.16.2}{premi/client/trailMap/controllers/trailMapCtrl}{subsection.3.16}% 95
\BOOKMARK [3][-]{subsubsection.3.16.3}{premi/client/trailMap/lib/trailMapDirective}{subsection.3.16}% 96
\BOOKMARK [2][-]{subsection.3.17}{premi/client/utility}{section.3}% 97
\BOOKMARK [3][-]{subsubsection.3.17.1}{premi/client/utility/views/actionDialog.ng}{subsection.3.17}% 98
\BOOKMARK [3][-]{subsubsection.3.17.2}{premi/client/utility/lib/actionDialogDirective}{subsection.3.17}% 99
\BOOKMARK [3][-]{subsubsection.3.17.3}{premi/client/utility/lib/shapeFilesystemMap}{subsection.3.17}% 100
\BOOKMARK [2][-]{subsection.3.18}{premi/client/fallback}{section.3}% 101
\BOOKMARK [3][-]{subsubsection.3.18.1}{premi/client/fallback/views/fallbackMessage.ng}{subsection.3.18}% 102
\BOOKMARK [3][-]{subsubsection.3.18.2}{premi/client/fallback/lib/fallbackMessageDirective}{subsection.3.18}% 103
\BOOKMARK [2][-]{subsection.3.19}{premi/client/navbar}{section.3}% 104
\BOOKMARK [3][-]{subsubsection.3.19.1}{premi/client/navbar/views/navbar.ng}{subsection.3.19}% 105
\BOOKMARK [3][-]{subsubsection.3.19.2}{premi/client/navbar/lib/navbarDirective}{subsection.3.19}% 106
\BOOKMARK [1][-]{section.4}{Tracciamento componenti-requisiti}{}% 107
\BOOKMARK [1][-]{section.5}{Tracciamento requisiti-componenti}{}% 108
