\BOOKMARK [1][-]{section.1}{Introduzione}{}% 1
\BOOKMARK [2][-]{subsection.1.1}{Scopo del documento}{section.1}% 2
\BOOKMARK [2][-]{subsection.1.2}{Utente finale del prodotto}{section.1}% 3
\BOOKMARK [2][-]{subsection.1.3}{Scopo del prodotto}{section.1}% 4
\BOOKMARK [2][-]{subsection.1.4}{Come leggere il manuale}{section.1}% 5
\BOOKMARK [2][-]{subsection.1.5}{Come segnalare problemi e malfunzionamenti}{section.1}% 6
\BOOKMARK [2][-]{subsection.1.6}{Glossario}{section.1}% 7
\BOOKMARK [2][-]{subsection.1.7}{Riferimenti}{section.1}% 8
\BOOKMARK [3][-]{subsubsection.1.7.1}{Informativi}{subsection.1.7}% 9
\BOOKMARK [1][-]{section.2}{Descrizione generale}{}% 10
\BOOKMARK [2][-]{subsection.2.1}{Interfaccia grafica e layout}{section.2}% 11
\BOOKMARK [1][-]{section.3}{Istruzioni per l'uso}{}% 12
\BOOKMARK [2][-]{subsection.3.1}{Requisiti di sistema}{section.3}% 13
\BOOKMARK [2][-]{subsection.3.2}{Guida all'installazione???}{section.3}% 14
\BOOKMARK [2][-]{subsection.3.3}{Primo accesso}{section.3}% 15
\BOOKMARK [2][-]{subsection.3.4}{Pannello di controllo dell'utente}{section.3}% 16
\BOOKMARK [2][-]{subsection.3.5}{Creare una nuova presentazione}{section.3}% 17
\BOOKMARK [2][-]{subsection.3.6}{Editor}{section.3}% 18
\BOOKMARK [3][-]{subsubsection.3.6.1}{Aggiunta frame}{subsection.3.6}% 19
\BOOKMARK [3][-]{subsubsection.3.6.2}{Aggiunta elemento shape}{subsection.3.6}% 20
\BOOKMARK [3][-]{subsubsection.3.6.3}{Aggiunta testo}{subsection.3.6}% 21
\BOOKMARK [3][-]{subsubsection.3.6.4}{Modifica degli elementi}{subsection.3.6}% 22
\BOOKMARK [3][-]{subsubsection.3.6.5}{Creazione percorso presentativo}{subsection.3.6}% 23
\BOOKMARK [3][-]{subsubsection.3.6.6}{...........}{subsection.3.6}% 24
\BOOKMARK [2][-]{subsection.3.7}{Gestione presentazioni}{section.3}% 25
\BOOKMARK [3][-]{subsubsection.3.7.1}{Eliminazione}{subsection.3.7}% 26
\BOOKMARK [3][-]{subsubsection.3.7.2}{Modifica}{subsection.3.7}% 27
\BOOKMARK [2][-]{subsection.3.8}{Esportazione}{section.3}% 28
\BOOKMARK [3][-]{subsubsection.3.8.1}{Formato 1 \(portable?\)}{subsection.3.8}% 29
\BOOKMARK [3][-]{subsubsection.3.8.2}{Formato 2 \(poster?\)}{subsection.3.8}% 30
\BOOKMARK [2][-]{subsection.3.9}{Avvio di una presentazione}{section.3}% 31
\BOOKMARK [3][-]{subsubsection.3.9.1}{Sessione locale}{subsection.3.9}% 32
\BOOKMARK [3][-]{subsubsection.3.9.2}{Sessione remota}{subsection.3.9}% 33
\BOOKMARK [2][-]{subsection.3.10}{Condivisione di una presentazione}{section.3}% 34
\BOOKMARK [2][-]{subsection.3.11}{Gestione dati account}{section.3}% 35
\BOOKMARK [2][-]{subsection.3.12}{Errori e loro cause}{section.3}% 36
\BOOKMARK [2][-]{subsection.3.13}{Appendice}{section.3}% 37
\BOOKMARK [3][-]{subsubsection.3.13.1}{Codici errore}{subsection.3.13}% 38
\BOOKMARK [3][-]{subsubsection.3.13.2}{Glossario}{subsection.3.13}% 39
