\BOOKMARK [1][-]{section.1}{Introduzione}{}% 1
\BOOKMARK [2][-]{subsection.1.1}{Scopo del documento}{section.1}% 2
\BOOKMARK [2][-]{subsection.1.2}{Utente finale del prodotto}{section.1}% 3
\BOOKMARK [2][-]{subsection.1.3}{Scopo del prodotto}{section.1}% 4
\BOOKMARK [2][-]{subsection.1.4}{Come leggere il manuale}{section.1}% 5
\BOOKMARK [2][-]{subsection.1.5}{Come segnalare problemi e malfunzionamenti}{section.1}% 6
\BOOKMARK [2][-]{subsection.1.6}{Glossario}{section.1}% 7
\BOOKMARK [2][-]{subsection.1.7}{Riferimenti}{section.1}% 8
\BOOKMARK [3][-]{subsubsection.1.7.1}{Informativi}{subsection.1.7}% 9
\BOOKMARK [1][-]{section.2}{Descrizione generale}{}% 10
\BOOKMARK [2][-]{subsection.2.1}{Interfaccia grafica e layout}{section.2}% 11
\BOOKMARK [1][-]{section.3}{Istruzioni per l'uso}{}% 12
\BOOKMARK [2][-]{subsection.3.1}{Requisiti di sistema}{section.3}% 13
\BOOKMARK [2][-]{subsection.3.2}{Guida all'installazione}{section.3}% 14
\BOOKMARK [2][-]{subsection.3.3}{Primo accesso}{section.3}% 15
\BOOKMARK [2][-]{subsection.3.4}{Pannello di controllo dell'utente}{section.3}% 16
\BOOKMARK [2][-]{subsection.3.5}{Creare una nuova presentazione}{section.3}% 17
\BOOKMARK [2][-]{subsection.3.6}{EditorG}{section.3}% 18
\BOOKMARK [2][-]{subsection.3.7}{FrameG editorG}{section.3}% 19
\BOOKMARK [3][-]{subsubsection.3.7.1}{Aggiunta frameG}{subsection.3.7}% 20
\BOOKMARK [3][-]{subsubsection.3.7.2}{Aggiunta elemento forma}{subsection.3.7}% 21
\BOOKMARK [3][-]{subsubsection.3.7.3}{Aggiunta testo}{subsection.3.7}% 22
\BOOKMARK [3][-]{subsubsection.3.7.4}{Modifica degli elementi}{subsection.3.7}% 23
\BOOKMARK [2][-]{subsection.3.8}{Infographic editorG}{section.3}% 24
\BOOKMARK [2][-]{subsection.3.9}{Trails editorG}{section.3}% 25
\BOOKMARK [3][-]{subsubsection.3.9.1}{Creazione percorso presentativo}{subsection.3.9}% 26
\BOOKMARK [2][-]{subsection.3.10}{Avvio di una presentazione}{section.3}% 27
\BOOKMARK [2][-]{subsection.3.11}{Errori e loro cause}{section.3}% 28
\BOOKMARK [2][-]{subsection.3.12}{Appendice}{section.3}% 29
\BOOKMARK [3][-]{subsubsection.3.12.1}{Glossario}{subsection.3.12}% 30
