\BOOKMARK [1][-]{section.1}{Tracciamento requisiti-componenti}{}% 1
\BOOKMARK [1][-]{section.2}{Tracciamento componenti-requisiti}{}% 2
\BOOKMARK [1][-]{section.3}{Introduzione}{}% 3
\BOOKMARK [2][-]{subsection.3.1}{Scopo del documento}{section.3}% 4
\BOOKMARK [2][-]{subsection.3.2}{Scopo del prodotto}{section.3}% 5
\BOOKMARK [2][-]{subsection.3.3}{Glossario}{section.3}% 6
\BOOKMARK [1][-]{section.4}{Tecnologie utilizzate}{}% 7
\BOOKMARK [2][-]{subsection.4.1}{JavaScript}{section.4}% 8
\BOOKMARK [2][-]{subsection.4.2}{HTML5}{section.4}% 9
\BOOKMARK [2][-]{subsection.4.3}{CSS3}{section.4}% 10
\BOOKMARK [2][-]{subsection.4.4}{Angular}{section.4}% 11
\BOOKMARK [2][-]{subsection.4.5}{Meteor}{section.4}% 12
\BOOKMARK [1][-]{section.5}{Definizione del Prodotto}{}% 13
\BOOKMARK [2][-]{subsection.5.1}{Metodo e formalismo di specifica}{section.5}% 14
\BOOKMARK [2][-]{subsection.5.2}{Presentazione dell'architettura generale del sistema}{section.5}% 15
\BOOKMARK [1][-]{section.6}{Diagrammi dei Package}{}% 16
\BOOKMARK [1][-]{section.7}{Descrizione dei singoli componenti}{}% 17
\BOOKMARK [2][-]{subsection.7.1}{Premi}{section.7}% 18
\BOOKMARK [3][-]{subsubsection.7.1.1}{Premi.Utility}{subsection.7.1}% 19
\BOOKMARK [3][-]{subsubsection.7.1.2}{Premi.View}{subsection.7.1}% 20
\BOOKMARK [3][-]{subsubsection.7.1.3}{Premi.PremiCtrl}{subsection.7.1}% 21
\BOOKMARK [2][-]{subsection.7.2}{Premi.UserManager}{section.7}% 22
\BOOKMARK [3][-]{subsubsection.7.2.1}{Premi.UserManager.User}{subsection.7.2}% 23
\BOOKMARK [3][-]{subsubsection.7.2.2}{Premi.UserManager.View}{subsection.7.2}% 24
\BOOKMARK [3][-]{subsubsection.7.2.3}{Premi.UserManager.UserManagerCtrl}{subsection.7.2}% 25
\BOOKMARK [3][-]{subsubsection.7.2.4}{Premi.UserManager.LoginView}{subsection.7.2}% 26
\BOOKMARK [3][-]{subsubsection.7.2.5}{Premi.UserManager.LoginController}{subsection.7.2}% 27
\BOOKMARK [3][-]{subsubsection.7.2.6}{Premi.UserManager.RegistrationView}{subsection.7.2}% 28
\BOOKMARK [3][-]{subsubsection.7.2.7}{Premi.UserManager.RegistrationController}{subsection.7.2}% 29
\BOOKMARK [3][-]{subsubsection.7.2.8}{Premi.UserManager.ChangePasswordView}{subsection.7.2}% 30
\BOOKMARK [3][-]{subsubsection.7.2.9}{Premi.UserManager.ChangePasswordController}{subsection.7.2}% 31
\BOOKMARK [2][-]{subsection.7.3}{Premi.Viewer}{section.7}% 32
\BOOKMARK [3][-]{subsubsection.7.3.1}{Premi.Viewer.View}{subsection.7.3}% 33
\BOOKMARK [3][-]{subsubsection.7.3.2}{Premi.ViewerCtrl}{subsection.7.3}% 34
\BOOKMARK [2][-]{subsection.7.4}{Premi.Presentation}{section.7}% 35
\BOOKMARK [3][-]{subsubsection.7.4.1}{Premi.Presentation.GraphicObject}{subsection.7.4}% 36
\BOOKMARK [3][-]{subsubsection.7.4.2}{Premi.Presentation.GoContent}{subsection.7.4}% 37
\BOOKMARK [3][-]{subsubsection.7.4.3}{Premi.Presentation.Text}{subsection.7.4}% 38
\BOOKMARK [3][-]{subsubsection.7.4.4}{Premi.Presentation.Image}{subsection.7.4}% 39
\BOOKMARK [3][-]{subsubsection.7.4.5}{Premi.Presentation.Shape}{subsection.7.4}% 40
\BOOKMARK [3][-]{subsubsection.7.4.6}{Premi.Presentation.Frame}{subsection.7.4}% 41
\BOOKMARK [3][-]{subsubsection.7.4.7}{Premi.Presentation.Trail}{subsection.7.4}% 42
\BOOKMARK [3][-]{subsubsection.7.4.8}{Premi.Presentation.Presentation}{subsection.7.4}% 43
\BOOKMARK [2][-]{subsection.7.5}{Premi.PresentationManager}{section.7}% 44
\BOOKMARK [3][-]{subsubsection.7.5.1}{Premi.PresentationManager.Export}{subsection.7.5}% 45
\BOOKMARK [3][-]{subsubsection.7.5.2}{Premi.PresentationManager.Portable}{subsection.7.5}% 46
\BOOKMARK [3][-]{subsubsection.7.5.3}{Premi.PresentationManager.View}{subsection.7.5}% 47
\BOOKMARK [3][-]{subsubsection.7.5.4}{Premi.PresentationManager.PresentationManagerCtrl}{subsection.7.5}% 48
\BOOKMARK [3][-]{subsubsection.7.5.5}{Premi.PresentationManager.RemoveView}{subsection.7.5}% 49
\BOOKMARK [3][-]{subsubsection.7.5.6}{Premi.PresentationManager.RemoveController}{subsection.7.5}% 50
\BOOKMARK [3][-]{subsubsection.7.5.7}{Premi.PresentationManager.PublicView}{subsection.7.5}% 51
\BOOKMARK [3][-]{subsubsection.7.5.8}{Premi.PresentationManager.PublicController}{subsection.7.5}% 52
\BOOKMARK [3][-]{subsubsection.7.5.9}{Premi.PresentationManager.EditTitleDescrView}{subsection.7.5}% 53
\BOOKMARK [3][-]{subsubsection.7.5.10}{Premi.PresentationManager.EditTitleDescrController}{subsection.7.5}% 54
\BOOKMARK [3][-]{subsubsection.7.5.11}{Premi.PresentationManager.NewView}{subsection.7.5}% 55
\BOOKMARK [3][-]{subsubsection.7.5.12}{Premi.PresentationManager.NewController}{subsection.7.5}% 56
\BOOKMARK [3][-]{subsubsection.7.5.13}{Premi.PresentationManager.ListPresView}{subsection.7.5}% 57
\BOOKMARK [3][-]{subsubsection.7.5.14}{Premi.PresentationManager.ListPresController}{subsection.7.5}% 58
\BOOKMARK [2][-]{subsection.7.6}{Premi.Editor}{section.7}% 59
\BOOKMARK [3][-]{subsubsection.7.6.1}{Premi.Editor.View}{subsection.7.6}% 60
\BOOKMARK [3][-]{subsubsection.7.6.2}{Premi.Editor.EditorCtrl}{subsection.7.6}% 61
\BOOKMARK [3][-]{subsubsection.7.6.3}{Premi.Editor.TextView}{subsection.7.6}% 62
\BOOKMARK [3][-]{subsubsection.7.6.4}{Premi.Editor.TextController}{subsection.7.6}% 63
\BOOKMARK [3][-]{subsubsection.7.6.5}{Premi.Editor.ShapeView}{subsection.7.6}% 64
\BOOKMARK [3][-]{subsubsection.7.6.6}{Premi.Editor.ShapeController}{subsection.7.6}% 65
\BOOKMARK [3][-]{subsubsection.7.6.7}{Premi.Editor.ImageView}{subsection.7.6}% 66
\BOOKMARK [3][-]{subsubsection.7.6.8}{Premi.Editor.ImageController}{subsection.7.6}% 67
\BOOKMARK [3][-]{subsubsection.7.6.9}{Premi.Editor.StyleView}{subsection.7.6}% 68
\BOOKMARK [3][-]{subsubsection.7.6.10}{Premi.Editor.StyleController}{subsection.7.6}% 69
\BOOKMARK [3][-]{subsubsection.7.6.11}{Premi.Editor.FrameListView}{subsection.7.6}% 70
\BOOKMARK [2][-]{subsection.7.7}{Premi.Editor.FrameEditor}{section.7}% 71
\BOOKMARK [3][-]{subsubsection.7.7.1}{Premi.Editor.FrameEditor.View}{subsection.7.7}% 72
\BOOKMARK [3][-]{subsubsection.7.7.2}{Premi.Editor.FrameEditor.FrameEditorCtrl}{subsection.7.7}% 73
\BOOKMARK [3][-]{subsubsection.7.7.3}{Premi.Editor.FrameEditor.FrameListController}{subsection.7.7}% 74
\BOOKMARK [2][-]{subsection.7.8}{Premi.Editor.InfographicEditor}{section.7}% 75
\BOOKMARK [3][-]{subsubsection.7.8.1}{Premi.Editor.InfographicEditor.View}{subsection.7.8}% 76
\BOOKMARK [3][-]{subsubsection.7.8.2}{Premi.Editor.InfographicEditor.InfographicEditorCtrl}{subsection.7.8}% 77
\BOOKMARK [3][-]{subsubsection.7.8.3}{Premi.Editor.InfographicEditor.FrameListController}{subsection.7.8}% 78
\BOOKMARK [2][-]{subsection.7.9}{Premi.Editor.TrailsEditor}{section.7}% 79
\BOOKMARK [3][-]{subsubsection.7.9.1}{Premi.Editor.TrailsEditor.View}{subsection.7.9}% 80
\BOOKMARK [3][-]{subsubsection.7.9.2}{Premi.Editor.TrailsEditor.TrailsEditorCtrl}{subsection.7.9}% 81
\BOOKMARK [3][-]{subsubsection.7.9.3}{Premi.Editor.TrailsEditor.FrameListController}{subsection.7.9}% 82
\BOOKMARK [3][-]{subsubsection.7.9.4}{Premi.Editor.TrailsEditor.EditTrailView}{subsection.7.9}% 83
\BOOKMARK [3][-]{subsubsection.7.9.5}{Premi.Editor.TrailsEditor.EditTrailController}{subsection.7.9}% 84
\BOOKMARK [3][-]{subsubsection.7.9.6}{Premi.Editor.TrailsEditor.NewView}{subsection.7.9}% 85
\BOOKMARK [3][-]{subsubsection.7.9.7}{Premi.Editor.TrailsEditor.NewController}{subsection.7.9}% 86
\BOOKMARK [3][-]{subsubsection.7.9.8}{Premi.Editor.TrailsEditor.EditTitleView}{subsection.7.9}% 87
\BOOKMARK [3][-]{subsubsection.7.9.9}{Premi.Editor.TrailsEditor.EditTitleController}{subsection.7.9}% 88
\BOOKMARK [3][-]{subsubsection.7.9.10}{Premi.Editor.TrailsEditor.RemoveView}{subsection.7.9}% 89
\BOOKMARK [3][-]{subsubsection.7.9.11}{Premi.Editor.TrailsEditor.RemoveController}{subsection.7.9}% 90
\BOOKMARK [1][-]{section.8}{Diagrammi delle attivit\340}{}% 91
\BOOKMARK [2][-]{subsection.8.1}{Attivit\340 principali}{section.8}% 92
\BOOKMARK [2][-]{subsection.8.2}{Lista presentazioni}{section.8}% 93
\BOOKMARK [2][-]{subsection.8.3}{Login}{section.8}% 94
\BOOKMARK [2][-]{subsection.8.4}{Registrazione}{section.8}% 95
\BOOKMARK [2][-]{subsection.8.5}{Cambio password}{section.8}% 96
\BOOKMARK [2][-]{subsection.8.6}{Visualizzatore}{section.8}% 97
\BOOKMARK [2][-]{subsection.8.7}{Esegui presentazione proprietario}{section.8}% 98
\BOOKMARK [2][-]{subsection.8.8}{Esegui presentazione non proprietario}{section.8}% 99
\BOOKMARK [2][-]{subsection.8.9}{Creazione presentazione}{section.8}% 100
\BOOKMARK [2][-]{subsection.8.10}{Modifica titolo e descrizione presentazione}{section.8}% 101
\BOOKMARK [2][-]{subsection.8.11}{Pubblicazione presentazione}{section.8}% 102
\BOOKMARK [2][-]{subsection.8.12}{Elimina presentazione}{section.8}% 103
\BOOKMARK [2][-]{subsection.8.13}{Esportazione presentazione}{section.8}% 104
\BOOKMARK [2][-]{subsection.8.14}{Rendi portable}{section.8}% 105
\BOOKMARK [2][-]{subsection.8.15}{Modifica presentazione}{section.8}% 106
\BOOKMARK [2][-]{subsection.8.16}{Frame editor}{section.8}% 107
\BOOKMARK [2][-]{subsection.8.17}{Modifica frame}{section.8}% 108
\BOOKMARK [2][-]{subsection.8.18}{Infografica editor}{section.8}% 109
\BOOKMARK [2][-]{subsection.8.19}{Modifica infografica}{section.8}% 110
\BOOKMARK [2][-]{subsection.8.20}{Editor percorsi}{section.8}% 111
\BOOKMARK [2][-]{subsection.8.21}{Modifica percorso}{section.8}% 112
\BOOKMARK [2][-]{subsection.8.22}{Aggiungi frame}{section.8}% 113
\BOOKMARK [2][-]{subsection.8.23}{Rimuovi frame da percorso}{section.8}% 114
\BOOKMARK [1][-]{section.9}{Stime di fattibilit\340 e di bisogno di risorse}{}% 115
\BOOKMARK [1][-]{section.10}{Design Pattern}{}% 116
\BOOKMARK [2][-]{subsection.10.1}{Design Pattern Architetturali}{section.10}% 117
\BOOKMARK [3][-]{subsubsection.10.1.1}{MVC - Model View Controller}{subsection.10.1}% 118
\BOOKMARK [3][-]{subsubsection.10.1.2}{MVVM - Model View ViewModel}{subsection.10.1}% 119
\BOOKMARK [3][-]{subsubsection.10.1.3}{Dependency Injection}{subsection.10.1}% 120
\BOOKMARK [2][-]{subsection.10.2}{Design Pattern Creazionali}{section.10}% 121
\BOOKMARK [3][-]{subsubsection.10.2.1}{Factory Method}{subsection.10.2}% 122
