\BOOKMARK [1][-]{section.1}{Introduzione}{}% 1
\BOOKMARK [2][-]{subsection.1.1}{Scopo del documento}{section.1}% 2
\BOOKMARK [2][-]{subsection.1.2}{Scopo del prodotto}{section.1}% 3
\BOOKMARK [2][-]{subsection.1.3}{Glossario}{section.1}% 4
\BOOKMARK [1][-]{section.2}{Tecnologie utilizzate}{}% 5
\BOOKMARK [2][-]{subsection.2.1}{JavaScript}{section.2}% 6
\BOOKMARK [2][-]{subsection.2.2}{HTML5}{section.2}% 7
\BOOKMARK [2][-]{subsection.2.3}{CSS3}{section.2}% 8
\BOOKMARK [2][-]{subsection.2.4}{Angular}{section.2}% 9
\BOOKMARK [2][-]{subsection.2.5}{Meteor}{section.2}% 10
\BOOKMARK [1][-]{section.3}{Definizione del Prodotto}{}% 11
\BOOKMARK [2][-]{subsection.3.1}{Metodo e formalismo di specifica}{section.3}% 12
\BOOKMARK [2][-]{subsection.3.2}{Presentazione dell'architettura generale del sistema}{section.3}% 13
\BOOKMARK [2][-]{subsection.3.3}{Server}{section.3}% 14
\BOOKMARK [1][-]{section.4}{Diagramma dei Package}{}% 15
\BOOKMARK [1][-]{section.5}{Descrizione dei singoli componenti}{}% 16
\BOOKMARK [2][-]{subsubsection.5.0.1}{premi/client}{section.5}% 17
\BOOKMARK [2][-]{subsection.5.1}{premi/server}{section.5}% 18
\BOOKMARK [3][-]{subsubsection.5.1.1}{premi/server/publish}{subsection.5.1}% 19
\BOOKMARK [2][-]{subsection.5.2}{premi/client}{section.5}% 20
\BOOKMARK [3][-]{subsubsection.5.2.1}{premi/client/views/home.ng}{subsection.5.2}% 21
\BOOKMARK [3][-]{subsubsection.5.2.2}{premi/client/views/info.ng}{subsection.5.2}% 22
\BOOKMARK [3][-]{subsubsection.5.2.3}{premi/client/views/view.ng}{subsection.5.2}% 23
\BOOKMARK [3][-]{subsubsection.5.2.4}{premi/client/views/container.ng}{subsection.5.2}% 24
\BOOKMARK [3][-]{subsubsection.5.2.5}{premi/client/views/fluidContainer.ng}{subsection.5.2}% 25
\BOOKMARK [3][-]{subsubsection.5.2.6}{premi/client/controllers/homeCtrl}{subsection.5.2}% 26
\BOOKMARK [3][-]{subsubsection.5.2.7}{premi/client/controllers/infoCtrl}{subsection.5.2}% 27
\BOOKMARK [3][-]{subsubsection.5.2.8}{premi/client/controllers/premi}{subsection.5.2}% 28
\BOOKMARK [2][-]{subsection.5.3}{premi/client/header}{section.5}% 29
\BOOKMARK [3][-]{subsubsection.5.3.1}{premi/client/header/views/header.ng}{subsection.5.3}% 30
\BOOKMARK [3][-]{subsubsection.5.3.2}{premi/client/header/controllers/headerCtrl}{subsection.5.3}% 31
\BOOKMARK [3][-]{subsubsection.5.3.3}{premi/client/header/lib/Header}{subsection.5.3}% 32
\BOOKMARK [2][-]{subsection.5.4}{premi/client/presentation}{section.5}% 33
\BOOKMARK [3][-]{subsubsection.5.4.1}{premi/client/presentation/lib/databaseAPI}{subsection.5.4}% 34
\BOOKMARK [3][-]{subsubsection.5.4.2}{premi/client/presentation/lib/OrderedGOList}{subsection.5.4}% 35
\BOOKMARK [3][-]{subsubsection.5.4.3}{premi/client/presentation/lib/Trail}{subsection.5.4}% 36
\BOOKMARK [2][-]{subsection.5.5}{premi/client/presentationManager}{section.5}% 37
\BOOKMARK [3][-]{subsubsection.5.5.1}{premi/client/presentationManager/views/editPresentation.ng}{subsection.5.5}% 38
\BOOKMARK [3][-]{subsubsection.5.5.2}{premi/client/presentationManager/views/newPresentation.ng}{subsection.5.5}% 39
\BOOKMARK [3][-]{subsubsection.5.5.3}{premi/client/presentationManager/views/presentationManager.ng}{subsection.5.5}% 40
\BOOKMARK [3][-]{subsubsection.5.5.4}{premi/client/presentationManager/views/presentations.ng}{subsection.5.5}% 41
\BOOKMARK [3][-]{subsubsection.5.5.5}{premi/client/presentationManager/views/removePresentation.ng}{subsection.5.5}% 42
\BOOKMARK [3][-]{subsubsection.5.5.6}{premi/client}{subsection.5.5}% 43
\BOOKMARK [3][-]{subsubsection.5.5.7}{premi/client}{subsection.5.5}% 44
\BOOKMARK [3][-]{subsubsection.5.5.8}{premi/client}{subsection.5.5}% 45
\BOOKMARK [3][-]{subsubsection.5.5.9}{premi/client}{subsection.5.5}% 46
\BOOKMARK [3][-]{subsubsection.5.5.10}{premi/client}{subsection.5.5}% 47
\BOOKMARK [3][-]{subsubsection.5.5.11}{premi/client}{subsection.5.5}% 48
\BOOKMARK [3][-]{subsubsection.5.5.12}{premi/client}{subsection.5.5}% 49
\BOOKMARK [1][-]{section.6}{Diagrammi delle attivit\340}{}% 50
\BOOKMARK [2][-]{subsection.6.1}{Attivit\340 principali}{section.6}% 51
\BOOKMARK [2][-]{subsection.6.2}{Lista presentazioni}{section.6}% 52
\BOOKMARK [2][-]{subsection.6.3}{Login}{section.6}% 53
\BOOKMARK [2][-]{subsection.6.4}{Registrazione}{section.6}% 54
\BOOKMARK [2][-]{subsection.6.5}{Cambio password}{section.6}% 55
\BOOKMARK [2][-]{subsection.6.6}{Visualizzatore}{section.6}% 56
\BOOKMARK [2][-]{subsection.6.7}{Esegui presentazione proprietario}{section.6}% 57
\BOOKMARK [2][-]{subsection.6.8}{Esegui presentazione non proprietario}{section.6}% 58
\BOOKMARK [2][-]{subsection.6.9}{Creazione presentazione}{section.6}% 59
\BOOKMARK [2][-]{subsection.6.10}{Modifica titolo e descrizione presentazione}{section.6}% 60
\BOOKMARK [2][-]{subsection.6.11}{Pubblicazione presentazione}{section.6}% 61
\BOOKMARK [2][-]{subsection.6.12}{Elimina presentazione}{section.6}% 62
\BOOKMARK [2][-]{subsection.6.13}{Esportazione presentazione}{section.6}% 63
\BOOKMARK [2][-]{subsection.6.14}{Rendi portable}{section.6}% 64
\BOOKMARK [2][-]{subsection.6.15}{Modifica presentazione}{section.6}% 65
\BOOKMARK [2][-]{subsection.6.16}{Frame editor}{section.6}% 66
\BOOKMARK [2][-]{subsection.6.17}{Modifica frame}{section.6}% 67
\BOOKMARK [2][-]{subsection.6.18}{Infografica editor}{section.6}% 68
\BOOKMARK [2][-]{subsection.6.19}{Modifica infografica}{section.6}% 69
\BOOKMARK [2][-]{subsection.6.20}{Editor percorsi}{section.6}% 70
\BOOKMARK [2][-]{subsection.6.21}{Modifica percorso}{section.6}% 71
\BOOKMARK [2][-]{subsection.6.22}{Aggiungi frame}{section.6}% 72
\BOOKMARK [2][-]{subsection.6.23}{Rimuovi frame da percorso}{section.6}% 73
\BOOKMARK [1][-]{section.7}{Stime di fattibilit\340 e di bisogno di risorse}{}% 74
\BOOKMARK [1][-]{section.8}{Tracciamento requisiti-componenti}{}% 75
\BOOKMARK [1][-]{section.9}{Tracciamento componenti-requisiti}{}% 76
\BOOKMARK [1][-]{section.10}{Design Pattern}{}% 77
\BOOKMARK [2][-]{subsection.10.1}{Design Pattern Architetturali}{section.10}% 78
\BOOKMARK [3][-]{subsubsection.10.1.1}{MVC - Model View Controller}{subsection.10.1}% 79
\BOOKMARK [3][-]{subsubsection.10.1.2}{MVVM - Model View ViewModel}{subsection.10.1}% 80
\BOOKMARK [3][-]{subsubsection.10.1.3}{Dependency Injection}{subsection.10.1}% 81
\BOOKMARK [2][-]{subsection.10.2}{Design Pattern Creazionali}{section.10}% 82
\BOOKMARK [3][-]{subsubsection.10.2.1}{Factory Method}{subsection.10.2}% 83
