\BOOKMARK [1][-]{section.1}{Introduzione}{}
\BOOKMARK [2][-]{subsection.1.1}{Scopo del documento}{section.1}
\BOOKMARK [2][-]{subsection.1.2}{Scopo del prodotto}{section.1}
\BOOKMARK [2][-]{subsection.1.3}{Glossario}{section.1}
\BOOKMARK [1][-]{section.2}{Tecnologie utilizzate}{}
\BOOKMARK [2][-]{subsection.2.1}{JavaScript}{section.2}
\BOOKMARK [2][-]{subsection.2.2}{HTML5}{section.2}
\BOOKMARK [2][-]{subsection.2.3}{CSS3}{section.2}
\BOOKMARK [2][-]{subsection.2.4}{Angular}{section.2}
\BOOKMARK [2][-]{subsection.2.5}{Meteor}{section.2}
\BOOKMARK [1][-]{section.3}{Definizione del Prodotto}{}
\BOOKMARK [2][-]{subsection.3.1}{Metodo e formalismo di specifica}{section.3}
\BOOKMARK [2][-]{subsection.3.2}{Presentazione dell'architettura generale del sistema}{section.3}
\BOOKMARK [1][-]{section.4}{Diagrammi dei Package}{}
\BOOKMARK [1][-]{section.5}{Descrizione dei singoli componenti}{}
\BOOKMARK [2][-]{subsection.5.1}{Premi}{section.5}
\BOOKMARK [3][-]{subsubsection.5.1.1}{Premi.Utility}{subsection.5.1}
\BOOKMARK [3][-]{subsubsection.5.1.2}{Premi.View}{subsection.5.1}
\BOOKMARK [3][-]{subsubsection.5.1.3}{Premi.PremiCtrl}{subsection.5.1}
\BOOKMARK [2][-]{subsection.5.2}{Premi.UserManager}{section.5}
\BOOKMARK [3][-]{subsubsection.5.2.1}{Premi.UserManager.User}{subsection.5.2}
\BOOKMARK [3][-]{subsubsection.5.2.2}{Premi.UserManager.View}{subsection.5.2}
\BOOKMARK [3][-]{subsubsection.5.2.3}{Premi.UserManager.UserManagerCtrl}{subsection.5.2}
\BOOKMARK [3][-]{subsubsection.5.2.4}{Premi.UserManager.LoginView}{subsection.5.2}
\BOOKMARK [3][-]{subsubsection.5.2.5}{Premi.UserManager.LoginController}{subsection.5.2}
\BOOKMARK [3][-]{subsubsection.5.2.6}{Premi.UserManager.RegistrationView}{subsection.5.2}
\BOOKMARK [3][-]{subsubsection.5.2.7}{Premi.UserManager.RegistrationController}{subsection.5.2}
\BOOKMARK [3][-]{subsubsection.5.2.8}{Premi.UserManager.ChangePasswordView}{subsection.5.2}
\BOOKMARK [3][-]{subsubsection.5.2.9}{Premi.UserManager.ChangePasswordController}{subsection.5.2}
\BOOKMARK [2][-]{subsection.5.3}{Premi.Viewer}{section.5}
\BOOKMARK [3][-]{subsubsection.5.3.1}{Premi.Viewer.View}{subsection.5.3}
\BOOKMARK [3][-]{subsubsection.5.3.2}{Premi.ViewerCtrl}{subsection.5.3}
\BOOKMARK [2][-]{subsection.5.4}{Premi.Presentation}{section.5}
\BOOKMARK [3][-]{subsubsection.5.4.1}{Premi.Presentation.GraphicObject}{subsection.5.4}
\BOOKMARK [3][-]{subsubsection.5.4.2}{Premi.Presentation.GoContent}{subsection.5.4}
\BOOKMARK [3][-]{subsubsection.5.4.3}{Premi.Presentation.Text}{subsection.5.4}
\BOOKMARK [3][-]{subsubsection.5.4.4}{Premi.Presentation.Image}{subsection.5.4}
\BOOKMARK [3][-]{subsubsection.5.4.5}{Premi.Presentation.Shape}{subsection.5.4}
\BOOKMARK [3][-]{subsubsection.5.4.6}{Premi.Presentation.Frame}{subsection.5.4}
\BOOKMARK [3][-]{subsubsection.5.4.7}{Premi.Presentation.Trail}{subsection.5.4}
\BOOKMARK [3][-]{subsubsection.5.4.8}{Premi.Presentation.Presentation}{subsection.5.4}
\BOOKMARK [2][-]{subsection.5.5}{Premi.PresentationManager}{section.5}
\BOOKMARK [3][-]{subsubsection.5.5.1}{Premi.PresentationManager.Export}{subsection.5.5}
\BOOKMARK [3][-]{subsubsection.5.5.2}{Premi.PresentationManager.Portable}{subsection.5.5}
\BOOKMARK [3][-]{subsubsection.5.5.3}{Premi.PresentationManager.View}{subsection.5.5}
\BOOKMARK [3][-]{subsubsection.5.5.4}{Premi.PresentationManager.PresentationManagerCtrl}{subsection.5.5}
\BOOKMARK [3][-]{subsubsection.5.5.5}{Premi.PresentationManager.RemoveView}{subsection.5.5}
\BOOKMARK [3][-]{subsubsection.5.5.6}{Premi.PresentationManager.RemoveController}{subsection.5.5}
\BOOKMARK [3][-]{subsubsection.5.5.7}{Premi.PresentationManager.PublicView}{subsection.5.5}
\BOOKMARK [3][-]{subsubsection.5.5.8}{Premi.PresentationManager.PublicController}{subsection.5.5}
\BOOKMARK [3][-]{subsubsection.5.5.9}{Premi.PresentationManager.EditTitleDescrView}{subsection.5.5}
\BOOKMARK [3][-]{subsubsection.5.5.10}{Premi.PresentationManager.EditTitleDescrController}{subsection.5.5}
\BOOKMARK [3][-]{subsubsection.5.5.11}{Premi.PresentationManager.NewView}{subsection.5.5}
\BOOKMARK [3][-]{subsubsection.5.5.12}{Premi.PresentationManager.NewController}{subsection.5.5}
\BOOKMARK [3][-]{subsubsection.5.5.13}{Premi.PresentationManager.ListPresView}{subsection.5.5}
\BOOKMARK [3][-]{subsubsection.5.5.14}{Premi.PresentationManager.ListPresController}{subsection.5.5}
\BOOKMARK [2][-]{subsection.5.6}{Premi.Editor}{section.5}
\BOOKMARK [3][-]{subsubsection.5.6.1}{Premi.Editor.View}{subsection.5.6}
\BOOKMARK [3][-]{subsubsection.5.6.2}{Premi.Editor.EditorCtrl}{subsection.5.6}
\BOOKMARK [3][-]{subsubsection.5.6.3}{Premi.Editor.TextView}{subsection.5.6}
\BOOKMARK [3][-]{subsubsection.5.6.4}{Premi.Editor.TextController}{subsection.5.6}
\BOOKMARK [3][-]{subsubsection.5.6.5}{Premi.Editor.ShapeView}{subsection.5.6}
\BOOKMARK [3][-]{subsubsection.5.6.6}{Premi.Editor.ShapeController}{subsection.5.6}
\BOOKMARK [3][-]{subsubsection.5.6.7}{Premi.Editor.ImageView}{subsection.5.6}
\BOOKMARK [3][-]{subsubsection.5.6.8}{Premi.Editor.ImageController}{subsection.5.6}
\BOOKMARK [3][-]{subsubsection.5.6.9}{Premi.Editor.StyleView}{subsection.5.6}
\BOOKMARK [3][-]{subsubsection.5.6.10}{Premi.Editor.StyleController}{subsection.5.6}
\BOOKMARK [3][-]{subsubsection.5.6.11}{Premi.Editor.FrameListView}{subsection.5.6}
\BOOKMARK [2][-]{subsection.5.7}{Premi.Editor.FrameEditor}{section.5}
\BOOKMARK [3][-]{subsubsection.5.7.1}{Premi.Editor.FrameEditor.View}{subsection.5.7}
\BOOKMARK [3][-]{subsubsection.5.7.2}{Premi.Editor.FrameEditor.FrameEditorCtrl}{subsection.5.7}
\BOOKMARK [3][-]{subsubsection.5.7.3}{Premi.Editor.FrameEditor.FrameListController}{subsection.5.7}
\BOOKMARK [2][-]{subsection.5.8}{Premi.Editor.InfographicEditor}{section.5}
\BOOKMARK [3][-]{subsubsection.5.8.1}{Premi.Editor.InfographicEditor.View}{subsection.5.8}
\BOOKMARK [3][-]{subsubsection.5.8.2}{Premi.Editor.InfographicEditor.InfographicEditorCtrl}{subsection.5.8}
\BOOKMARK [3][-]{subsubsection.5.8.3}{Premi.Editor.InfographicEditor.FrameListController}{subsection.5.8}
\BOOKMARK [2][-]{subsection.5.9}{Premi.Editor.TrailsEditor}{section.5}
\BOOKMARK [3][-]{subsubsection.5.9.1}{Premi.Editor.TrailsEditor.View}{subsection.5.9}
\BOOKMARK [3][-]{subsubsection.5.9.2}{Premi.Editor.TrailsEditor.TrailsEditorCtrl}{subsection.5.9}
\BOOKMARK [3][-]{subsubsection.5.9.3}{Premi.Editor.TrailsEditor.FrameListController}{subsection.5.9}
\BOOKMARK [3][-]{subsubsection.5.9.4}{Premi.Editor.TrailsEditor.EditTrailView}{subsection.5.9}
\BOOKMARK [3][-]{subsubsection.5.9.5}{Premi.Editor.TrailsEditor.EditTrailController}{subsection.5.9}
\BOOKMARK [3][-]{subsubsection.5.9.6}{Premi.Editor.TrailsEditor.NewView}{subsection.5.9}
\BOOKMARK [3][-]{subsubsection.5.9.7}{Premi.Editor.TrailsEditor.NewController}{subsection.5.9}
\BOOKMARK [3][-]{subsubsection.5.9.8}{Premi.Editor.TrailsEditor.EditTitleView}{subsection.5.9}
\BOOKMARK [3][-]{subsubsection.5.9.9}{Premi.Editor.TrailsEditor.EditTitleController}{subsection.5.9}
\BOOKMARK [3][-]{subsubsection.5.9.10}{Premi.Editor.TrailsEditor.RemoveView}{subsection.5.9}
\BOOKMARK [3][-]{subsubsection.5.9.11}{Premi.Editor.TrailsEditor.RemoveController}{subsection.5.9}
\BOOKMARK [1][-]{section.6}{Diagrammi delle attivit\340}{}
\BOOKMARK [2][-]{subsection.6.1}{Attivit\340 principali}{section.6}
\BOOKMARK [2][-]{subsection.6.2}{Lista presentazioni}{section.6}
\BOOKMARK [2][-]{subsection.6.3}{Login}{section.6}
\BOOKMARK [2][-]{subsection.6.4}{Registrazione}{section.6}
\BOOKMARK [2][-]{subsection.6.5}{Cambio password}{section.6}
\BOOKMARK [2][-]{subsection.6.6}{Visualizzatore}{section.6}
\BOOKMARK [2][-]{subsection.6.7}{Esegui presentazione proprietario}{section.6}
\BOOKMARK [2][-]{subsection.6.8}{Esegui presentazione non proprietario}{section.6}
\BOOKMARK [2][-]{subsection.6.9}{Creazione presentazione}{section.6}
\BOOKMARK [2][-]{subsection.6.10}{Modifica titolo e descrizione presentazione}{section.6}
\BOOKMARK [2][-]{subsection.6.11}{Pubblicazione presentazione}{section.6}
\BOOKMARK [2][-]{subsection.6.12}{Elimina presentazione}{section.6}
\BOOKMARK [2][-]{subsection.6.13}{Esportazione presentazione}{section.6}
\BOOKMARK [2][-]{subsection.6.14}{Rendi portable}{section.6}
\BOOKMARK [2][-]{subsection.6.15}{Modifica presentazione}{section.6}
\BOOKMARK [2][-]{subsection.6.16}{Frame editor}{section.6}
\BOOKMARK [2][-]{subsection.6.17}{Modifica frame}{section.6}
\BOOKMARK [2][-]{subsection.6.18}{Infografica editor}{section.6}
\BOOKMARK [2][-]{subsection.6.19}{Modifica infografica}{section.6}
\BOOKMARK [2][-]{subsection.6.20}{Editor percorsi}{section.6}
\BOOKMARK [2][-]{subsection.6.21}{Modifica percorso}{section.6}
\BOOKMARK [2][-]{subsection.6.22}{Aggiungi frame}{section.6}
\BOOKMARK [2][-]{subsection.6.23}{Rimuovi frame da percorso}{section.6}
\BOOKMARK [1][-]{section.7}{Stime di fattibilit\340 e di bisogno di risorse}{}
\BOOKMARK [1][-]{section.8}{Tracciamento requisiti-componenti}{}
\BOOKMARK [1][-]{section.9}{Tracciamento componenti-requisiti}{}
\BOOKMARK [1][-]{section.10}{Design Pattern}{}
\BOOKMARK [2][-]{subsection.10.1}{Design Pattern Architetturali}{section.10}
\BOOKMARK [3][-]{subsubsection.10.1.1}{MVC - Model View Controller}{subsection.10.1}
\BOOKMARK [3][-]{subsubsection.10.1.2}{MVVM - Model View ViewModel}{subsection.10.1}
\BOOKMARK [3][-]{subsubsection.10.1.3}{Dependency Injection}{subsection.10.1}
\BOOKMARK [2][-]{subsection.10.2}{Design Pattern Creazionali}{section.10}
\BOOKMARK [3][-]{subsubsection.10.2.1}{Factory Method}{subsection.10.2}
