\BOOKMARK [1][-]{section*.2}{\043}{}
\BOOKMARK [1][-]{section*.3}{A}{}
\BOOKMARK [1][-]{section*.4}{B}{}
\BOOKMARK [1][-]{section*.5}{C}{}
\BOOKMARK [1][-]{section*.6}{D}{}
\BOOKMARK [1][-]{section*.7}{E}{}
\BOOKMARK [1][-]{section*.8}{F}{}
\BOOKMARK [1][-]{section*.9}{G}{}
\BOOKMARK [1][-]{section*.10}{H}{}
\BOOKMARK [1][-]{section*.11}{ I }{}
\BOOKMARK [1][-]{section*.12}{J}{}
\BOOKMARK [1][-]{section*.13}{L}{}
\BOOKMARK [1][-]{section*.14}{M}{}
\BOOKMARK [1][-]{section*.15}{O}{}
\BOOKMARK [1][-]{section*.16}{O}{}
\BOOKMARK [1][-]{section*.17}{P}{}
\BOOKMARK [1][-]{section*.18}{R}{}
\BOOKMARK [1][-]{section*.19}{S}{}
\BOOKMARK [1][-]{section*.20}{T}{}
\BOOKMARK [1][-]{section*.21}{U}{}
\BOOKMARK [1][-]{section*.22}{W}{}
\BOOKMARK [1][-]{section*.23}{X}{}
